{"c:\\dev\\react-pages\\source\\client\\cookies.js":{"path":"c:\\dev\\react-pages\\source\\client\\cookies.js","statementMap":{"0":{"start":{"line":4,"column":17},"end":{"line":6,"column":3}},"1":{"start":{"line":7,"column":1},"end":{"line":9,"column":2}},"2":{"start":{"line":8,"column":2},"end":{"line":8,"column":39}}},"fnMap":{"0":{"name":"getCookie","decl":{"start":{"line":2,"column":16},"end":{"line":2,"column":25}},"loc":{"start":{"line":3,"column":0},"end":{"line":10,"column":1}},"line":3}},"branchMap":{"0":{"loc":{"start":{"line":7,"column":1},"end":{"line":9,"column":2}},"type":"if","locations":[{"start":{"line":7,"column":1},"end":{"line":9,"column":2}},{"start":{},"end":{}}],"line":7}},"s":{"0":0,"1":0,"2":0},"f":{"0":0},"b":{"0":[0,0]},"all":true},"c:\\dev\\react-pages\\source\\client\\flags.js":{"path":"c:\\dev\\react-pages\\source\\client\\flags.js","statementMap":{"0":{"start":{"line":2,"column":1},"end":{"line":2,"column":70}},"1":{"start":{"line":6,"column":1},"end":{"line":6,"column":71}}},"fnMap":{"0":{"name":"isServerSidePreloaded","decl":{"start":{"line":1,"column":16},"end":{"line":1,"column":37}},"loc":{"start":{"line":1,"column":40},"end":{"line":3,"column":1}},"line":1},"1":{"name":"isServerSideRendered","decl":{"start":{"line":5,"column":16},"end":{"line":5,"column":36}},"loc":{"start":{"line":5,"column":39},"end":{"line":7,"column":1}},"line":5}},"branchMap":{"0":{"loc":{"start":{"line":2,"column":8},"end":{"line":2,"column":70}},"type":"binary-expr","locations":[{"start":{"line":2,"column":8},"end":{"line":2,"column":34}},{"start":{"line":2,"column":38},"end":{"line":2,"column":70}}],"line":2},"1":{"loc":{"start":{"line":6,"column":8},"end":{"line":6,"column":71}},"type":"binary-expr","locations":[{"start":{"line":6,"column":8},"end":{"line":6,"column":34}},{"start":{"line":6,"column":38},"end":{"line":6,"column":71}}],"line":6}},"s":{"0":0,"1":0},"f":{"0":0,"1":0},"b":{"0":[0,0],"1":[0,0]},"all":true},"c:\\dev\\react-pages\\source\\client\\locale.js":{"path":"c:\\dev\\react-pages\\source\\client\\locale.js","statementMap":{"0":{"start":{"line":5,"column":1},"end":{"line":7,"column":2}},"1":{"start":{"line":6,"column":2},"end":{"line":6,"column":8}},"2":{"start":{"line":10,"column":1},"end":{"line":22,"column":24}},"3":{"start":{"line":26,"column":1},"end":{"line":26,"column":41}}},"fnMap":{"0":{"name":"getPreferredLocale","decl":{"start":{"line":3,"column":16},"end":{"line":3,"column":34}},"loc":{"start":{"line":4,"column":0},"end":{"line":23,"column":1}},"line":4},"1":{"name":"getPreferredLocales","decl":{"start":{"line":25,"column":16},"end":{"line":25,"column":35}},"loc":{"start":{"line":25,"column":38},"end":{"line":27,"column":1}},"line":25}},"branchMap":{"0":{"loc":{"start":{"line":5,"column":1},"end":{"line":7,"column":2}},"type":"if","locations":[{"start":{"line":5,"column":1},"end":{"line":7,"column":2}},{"start":{},"end":{}}],"line":5},"1":{"loc":{"start":{"line":10,"column":8},"end":{"line":22,"column":24}},"type":"binary-expr","locations":[{"start":{"line":10,"column":8},"end":{"line":10,"column":26}},{"start":{"line":12,"column":2},"end":{"line":12,"column":27}},{"start":{"line":16,"column":2},"end":{"line":16,"column":26}},{"start":{"line":22,"column":2},"end":{"line":22,"column":24}}],"line":10},"2":{"loc":{"start":{"line":26,"column":8},"end":{"line":26,"column":41}},"type":"binary-expr","locations":[{"start":{"line":26,"column":8},"end":{"line":26,"column":35}},{"start":{"line":26,"column":39},"end":{"line":26,"column":41}}],"line":26}},"s":{"0":0,"1":0,"2":0,"3":0},"f":{"0":0,"1":0},"b":{"0":[0,0],"1":[0,0,0,0],"2":[0,0]},"all":true},"c:\\dev\\react-pages\\source\\client\\reactRender.js":{"path":"c:\\dev\\react-pages\\source\\client\\reactRender.js","statementMap":{"0":{"start":{"line":3,"column":25},"end":{"line":3,"column":30}},"1":{"start":{"line":8,"column":1},"end":{"line":11,"column":2}},"2":{"start":{"line":9,"column":15},"end":{"line":9,"column":46}},"3":{"start":{"line":10,"column":2},"end":{"line":10,"column":34}},"4":{"start":{"line":12,"column":1},"end":{"line":12,"column":49}},"5":{"start":{"line":17,"column":1},"end":{"line":19,"column":2}},"6":{"start":{"line":18,"column":2},"end":{"line":18,"column":13}},"7":{"start":{"line":21,"column":1},"end":{"line":23,"column":2}},"8":{"start":{"line":22,"column":2},"end":{"line":22,"column":13}},"9":{"start":{"line":28,"column":1},"end":{"line":31,"column":2}},"10":{"start":{"line":29,"column":15},"end":{"line":29,"column":65}},"11":{"start":{"line":30,"column":2},"end":{"line":30,"column":34}},"12":{"start":{"line":35,"column":1},"end":{"line":35,"column":50}}},"fnMap":{"0":{"name":"reactRender","decl":{"start":{"line":5,"column":24},"end":{"line":5,"column":35}},"loc":{"start":{"line":5,"column":62},"end":{"line":13,"column":1}},"line":5},"1":{"name":"canHydrate","decl":{"start":{"line":15,"column":16},"end":{"line":15,"column":26}},"loc":{"start":{"line":15,"column":29},"end":{"line":24,"column":1}},"line":15},"2":{"name":"hydrate","decl":{"start":{"line":26,"column":16},"end":{"line":26,"column":23}},"loc":{"start":{"line":26,"column":50},"end":{"line":36,"column":1}},"line":26}},"branchMap":{"0":{"loc":{"start":{"line":8,"column":1},"end":{"line":11,"column":2}},"type":"if","locations":[{"start":{"line":8,"column":1},"end":{"line":11,"column":2}},{"start":{},"end":{}}],"line":8},"1":{"loc":{"start":{"line":8,"column":5},"end":{"line":8,"column":44}},"type":"binary-expr","locations":[{"start":{"line":8,"column":5},"end":{"line":8,"column":24}},{"start":{"line":8,"column":28},"end":{"line":8,"column":44}}],"line":8},"2":{"loc":{"start":{"line":17,"column":1},"end":{"line":19,"column":2}},"type":"if","locations":[{"start":{"line":17,"column":1},"end":{"line":19,"column":2}},{"start":{},"end":{}}],"line":17},"3":{"loc":{"start":{"line":17,"column":5},"end":{"line":17,"column":44}},"type":"binary-expr","locations":[{"start":{"line":17,"column":5},"end":{"line":17,"column":24}},{"start":{"line":17,"column":28},"end":{"line":17,"column":44}}],"line":17},"4":{"loc":{"start":{"line":21,"column":1},"end":{"line":23,"column":2}},"type":"if","locations":[{"start":{"line":21,"column":1},"end":{"line":23,"column":2}},{"start":{},"end":{}}],"line":21},"5":{"loc":{"start":{"line":28,"column":1},"end":{"line":31,"column":2}},"type":"if","locations":[{"start":{"line":28,"column":1},"end":{"line":31,"column":2}},{"start":{},"end":{}}],"line":28},"6":{"loc":{"start":{"line":28,"column":5},"end":{"line":28,"column":44}},"type":"binary-expr","locations":[{"start":{"line":28,"column":5},"end":{"line":28,"column":24}},{"start":{"line":28,"column":28},"end":{"line":28,"column":44}}],"line":28}},"s":{"0":0,"1":0,"2":0,"3":0,"4":0,"5":0,"6":0,"7":0,"8":0,"9":0,"10":0,"11":0,"12":0},"f":{"0":0,"1":0,"2":0},"b":{"0":[0,0],"1":[0,0],"2":[0,0],"3":[0,0],"4":[0,0],"5":[0,0],"6":[0,0]},"all":true},"c:\\dev\\react-pages\\source\\client\\render.js":{"path":"c:\\dev\\react-pages\\source\\client\\render.js","statementMap":{"0":{"start":{"line":18,"column":19},"end":{"line":18,"column":23}},"1":{"start":{"line":24,"column":2},"end":{"line":28,"column":3}},"2":{"start":{"line":25,"column":3},"end":{"line":25,"column":22}},"3":{"start":{"line":27,"column":3},"end":{"line":27,"column":40}},"4":{"start":{"line":29,"column":2},"end":{"line":42,"column":4}},"5":{"start":{"line":33,"column":3},"end":{"line":39,"column":4}},"6":{"start":{"line":40,"column":3},"end":{"line":40,"column":41}},"7":{"start":{"line":41,"column":3},"end":{"line":41,"column":14}},"8":{"start":{"line":45,"column":1},"end":{"line":52,"column":4}},"9":{"start":{"line":45,"column":39},"end":{"line":52,"column":2}},"10":{"start":{"line":58,"column":1},"end":{"line":63,"column":2}},"11":{"start":{"line":62,"column":2},"end":{"line":62,"column":29}},"12":{"start":{"line":68,"column":1},"end":{"line":72,"column":2}},"13":{"start":{"line":69,"column":2},"end":{"line":71,"column":3}},"14":{"start":{"line":70,"column":3},"end":{"line":70,"column":32}},"15":{"start":{"line":73,"column":1},"end":{"line":73,"column":32}},"16":{"start":{"line":78,"column":18},"end":{"line":78,"column":30}},"17":{"start":{"line":79,"column":1},"end":{"line":81,"column":2}},"18":{"start":{"line":80,"column":2},"end":{"line":80,"column":21}},"19":{"start":{"line":82,"column":1},"end":{"line":82,"column":16}},"20":{"start":{"line":87,"column":15},"end":{"line":87,"column":47}},"21":{"start":{"line":89,"column":1},"end":{"line":97,"column":2}},"22":{"start":{"line":90,"column":15},"end":{"line":90,"column":28}},"23":{"start":{"line":91,"column":2},"end":{"line":93,"column":3}},"24":{"start":{"line":92,"column":3},"end":{"line":92,"column":125}},"25":{"start":{"line":94,"column":2},"end":{"line":94,"column":41}},"26":{"start":{"line":95,"column":2},"end":{"line":95,"column":37}},"27":{"start":{"line":96,"column":2},"end":{"line":96,"column":27}},"28":{"start":{"line":99,"column":1},"end":{"line":99,"column":15}}},"fnMap":{"0":{"name":"render","decl":{"start":{"line":17,"column":24},"end":{"line":17,"column":30}},"loc":{"start":{"line":17,"column":77},"end":{"line":53,"column":1}},"line":17},"1":{"name":"renderPage","decl":{"start":{"line":23,"column":10},"end":{"line":23,"column":20}},"loc":{"start":{"line":23,"column":23},"end":{"line":43,"column":2}},"line":23},"2":{"name":"(anonymous_2)","decl":{"start":{"line":29,"column":39},"end":{"line":29,"column":40}},"loc":{"start":{"line":29,"column":81},"end":{"line":42,"column":3}},"line":29},"3":{"name":"(anonymous_3)","decl":{"start":{"line":45,"column":26},"end":{"line":45,"column":27}},"loc":{"start":{"line":45,"column":39},"end":{"line":52,"column":2}},"line":45},"4":{"name":"renderReactElementTree","decl":{"start":{"line":56,"column":9},"end":{"line":56,"column":31}},"loc":{"start":{"line":56,"column":45},"end":{"line":74,"column":1}},"line":56},"5":{"name":"getGlobalVariable","decl":{"start":{"line":77,"column":9},"end":{"line":77,"column":26}},"loc":{"start":{"line":77,"column":33},"end":{"line":83,"column":1}},"line":77},"6":{"name":"getReactContainerElement","decl":{"start":{"line":85,"column":9},"end":{"line":85,"column":33}},"loc":{"start":{"line":86,"column":0},"end":{"line":100,"column":1}},"line":86}},"branchMap":{"0":{"loc":{"start":{"line":17,"column":41},"end":{"line":17,"column":62}},"type":"default-arg","locations":[{"start":{"line":17,"column":60},"end":{"line":17,"column":62}}],"line":17},"1":{"loc":{"start":{"line":24,"column":2},"end":{"line":28,"column":3}},"type":"if","locations":[{"start":{"line":24,"column":2},"end":{"line":28,"column":3}},{"start":{"line":26,"column":9},"end":{"line":28,"column":3}}],"line":24},"2":{"loc":{"start":{"line":58,"column":1},"end":{"line":63,"column":2}},"type":"if","locations":[{"start":{"line":58,"column":1},"end":{"line":63,"column":2}},{"start":{},"end":{}}],"line":58},"3":{"loc":{"start":{"line":58,"column":5},"end":{"line":58,"column":70}},"type":"binary-expr","locations":[{"start":{"line":58,"column":5},"end":{"line":58,"column":28}},{"start":{"line":58,"column":32},"end":{"line":58,"column":54}},{"start":{"line":58,"column":58},"end":{"line":58,"column":70}}],"line":58},"4":{"loc":{"start":{"line":68,"column":1},"end":{"line":72,"column":2}},"type":"if","locations":[{"start":{"line":68,"column":1},"end":{"line":72,"column":2}},{"start":{},"end":{}}],"line":68},"5":{"loc":{"start":{"line":79,"column":1},"end":{"line":81,"column":2}},"type":"if","locations":[{"start":{"line":79,"column":1},"end":{"line":81,"column":2}},{"start":{},"end":{}}],"line":79},"6":{"loc":{"start":{"line":89,"column":1},"end":{"line":97,"column":2}},"type":"if","locations":[{"start":{"line":89,"column":1},"end":{"line":97,"column":2}},{"start":{},"end":{}}],"line":89},"7":{"loc":{"start":{"line":91,"column":2},"end":{"line":93,"column":3}},"type":"if","locations":[{"start":{"line":91,"column":2},"end":{"line":93,"column":3}},{"start":{},"end":{}}],"line":91}},"s":{"0":0,"1":0,"2":0,"3":0,"4":0,"5":0,"6":0,"7":0,"8":0,"9":0,"10":0,"11":0,"12":0,"13":0,"14":0,"15":0,"16":0,"17":0,"18":0,"19":0,"20":0,"21":0,"22":0,"23":0,"24":0,"25":0,"26":0,"27":0,"28":0},"f":{"0":0,"1":0,"2":0,"3":0,"4":0,"5":0,"6":0},"b":{"0":[0],"1":[0,0],"2":[0,0],"3":[0,0,0],"4":[0,0],"5":[0,0],"6":[0,0],"7":[0,0]},"all":true},"c:\\dev\\react-pages\\source\\components\\FadeInOut.js":{"path":"c:\\dev\\react-pages\\source\\components\\FadeInOut.js","statementMap":{"0":{"start":{"line":6,"column":20},"end":{"line":12,"column":2}},"1":{"start":{"line":14,"column":23},"end":{"line":16,"column":2}},"2":{"start":{"line":18,"column":9},"end":{"line":20,"column":2}},"3":{"start":{"line":24,"column":2},"end":{"line":28,"column":3}},"4":{"start":{"line":25,"column":3},"end":{"line":25,"column":14}},"5":{"start":{"line":26,"column":9},"end":{"line":28,"column":3}},"6":{"start":{"line":27,"column":3},"end":{"line":27,"column":14}},"7":{"start":{"line":33,"column":2},"end":{"line":33,"column":24}},"8":{"start":{"line":38,"column":2},"end":{"line":38,"column":25}},"9":{"start":{"line":40,"column":2},"end":{"line":40,"column":30}},"10":{"start":{"line":41,"column":2},"end":{"line":41,"column":30}},"11":{"start":{"line":46,"column":2},"end":{"line":46,"column":30}},"12":{"start":{"line":47,"column":2},"end":{"line":47,"column":30}},"13":{"start":{"line":49,"column":2},"end":{"line":54,"column":4}},"14":{"start":{"line":56,"column":2},"end":{"line":68,"column":5}},"15":{"start":{"line":58,"column":3},"end":{"line":62,"column":4}},"16":{"start":{"line":59,"column":4},"end":{"line":61,"column":6}},"17":{"start":{"line":71,"column":8},"end":{"line":98,"column":2}},"18":{"start":{"line":73,"column":30},"end":{"line":73,"column":40}},"19":{"start":{"line":75,"column":2},"end":{"line":75,"column":30}},"20":{"start":{"line":77,"column":2},"end":{"line":79,"column":3}},"21":{"start":{"line":78,"column":3},"end":{"line":78,"column":9}},"22":{"start":{"line":81,"column":2},"end":{"line":86,"column":4}},"23":{"start":{"line":89,"column":2},"end":{"line":97,"column":18}},"24":{"start":{"line":91,"column":3},"end":{"line":95,"column":4}},"25":{"start":{"line":92,"column":4},"end":{"line":94,"column":6}},"26":{"start":{"line":105,"column":6},"end":{"line":105,"column":16}},"27":{"start":{"line":111,"column":6},"end":{"line":111,"column":16}},"28":{"start":{"line":113,"column":2},"end":{"line":122,"column":3}},"29":{"start":{"line":114,"column":3},"end":{"line":120,"column":4}},"30":{"start":{"line":115,"column":4},"end":{"line":119,"column":6}},"31":{"start":{"line":121,"column":3},"end":{"line":121,"column":18}},"32":{"start":{"line":124,"column":2},"end":{"line":128,"column":3}},"33":{"start":{"line":125,"column":3},"end":{"line":127,"column":5}},"34":{"start":{"line":130,"column":2},"end":{"line":130,"column":13}}},"fnMap":{"0":{"name":"(anonymous_0)","decl":{"start":{"line":22,"column":1},"end":{"line":22,"column":2}},"loc":{"start":{"line":23,"column":1},"end":{"line":29,"column":2}},"line":23},"1":{"name":"(anonymous_1)","decl":{"start":{"line":31,"column":1},"end":{"line":31,"column":2}},"loc":{"start":{"line":32,"column":1},"end":{"line":34,"column":2}},"line":32},"2":{"name":"(anonymous_2)","decl":{"start":{"line":36,"column":1},"end":{"line":36,"column":2}},"loc":{"start":{"line":37,"column":1},"end":{"line":42,"column":2}},"line":37},"3":{"name":"(anonymous_3)","decl":{"start":{"line":44,"column":1},"end":{"line":44,"column":2}},"loc":{"start":{"line":45,"column":1},"end":{"line":69,"column":2}},"line":45},"4":{"name":"(anonymous_4)","decl":{"start":{"line":56,"column":30},"end":{"line":56,"column":31}},"loc":{"start":{"line":57,"column":2},"end":{"line":63,"column":3}},"line":57},"5":{"name":"(anonymous_5)","decl":{"start":{"line":71,"column":8},"end":{"line":71,"column":9}},"loc":{"start":{"line":72,"column":1},"end":{"line":98,"column":2}},"line":72},"6":{"name":"(anonymous_6)","decl":{"start":{"line":89,"column":30},"end":{"line":89,"column":31}},"loc":{"start":{"line":90,"column":2},"end":{"line":96,"column":3}},"line":90},"7":{"name":"(anonymous_7)","decl":{"start":{"line":100,"column":1},"end":{"line":100,"column":2}},"loc":{"start":{"line":100,"column":10},"end":{"line":131,"column":2}},"line":100}},"branchMap":{"0":{"loc":{"start":{"line":24,"column":2},"end":{"line":28,"column":3}},"type":"if","locations":[{"start":{"line":24,"column":2},"end":{"line":28,"column":3}},{"start":{"line":26,"column":9},"end":{"line":28,"column":3}}],"line":24},"1":{"loc":{"start":{"line":24,"column":6},"end":{"line":24,"column":40}},"type":"binary-expr","locations":[{"start":{"line":24,"column":6},"end":{"line":24,"column":21}},{"start":{"line":24,"column":25},"end":{"line":24,"column":40}}],"line":24},"2":{"loc":{"start":{"line":26,"column":9},"end":{"line":28,"column":3}},"type":"if","locations":[{"start":{"line":26,"column":9},"end":{"line":28,"column":3}},{"start":{},"end":{}}],"line":26},"3":{"loc":{"start":{"line":26,"column":13},"end":{"line":26,"column":47}},"type":"binary-expr","locations":[{"start":{"line":26,"column":13},"end":{"line":26,"column":27}},{"start":{"line":26,"column":31},"end":{"line":26,"column":47}}],"line":26},"4":{"loc":{"start":{"line":58,"column":3},"end":{"line":62,"column":4}},"type":"if","locations":[{"start":{"line":58,"column":3},"end":{"line":62,"column":4}},{"start":{},"end":{}}],"line":58},"5":{"loc":{"start":{"line":77,"column":2},"end":{"line":79,"column":3}},"type":"if","locations":[{"start":{"line":77,"column":2},"end":{"line":79,"column":3}},{"start":{},"end":{}}],"line":77},"6":{"loc":{"start":{"line":91,"column":3},"end":{"line":95,"column":4}},"type":"if","locations":[{"start":{"line":91,"column":3},"end":{"line":95,"column":4}},{"start":{},"end":{}}],"line":91},"7":{"loc":{"start":{"line":113,"column":2},"end":{"line":122,"column":3}},"type":"if","locations":[{"start":{"line":113,"column":2},"end":{"line":122,"column":3}},{"start":{},"end":{}}],"line":113},"8":{"loc":{"start":{"line":113,"column":6},"end":{"line":113,"column":21}},"type":"binary-expr","locations":[{"start":{"line":113,"column":6},"end":{"line":113,"column":10}},{"start":{"line":113,"column":14},"end":{"line":113,"column":21}}],"line":113},"9":{"loc":{"start":{"line":114,"column":3},"end":{"line":120,"column":4}},"type":"if","locations":[{"start":{"line":114,"column":3},"end":{"line":120,"column":4}},{"start":{},"end":{}}],"line":114},"10":{"loc":{"start":{"line":124,"column":2},"end":{"line":128,"column":3}},"type":"if","locations":[{"start":{"line":124,"column":2},"end":{"line":128,"column":3}},{"start":{},"end":{}}],"line":124}},"s":{"0":0,"1":0,"2":0,"3":0,"4":0,"5":0,"6":0,"7":0,"8":0,"9":0,"10":0,"11":0,"12":0,"13":0,"14":0,"15":0,"16":0,"17":0,"18":0,"19":0,"20":0,"21":0,"22":0,"23":0,"24":0,"25":0,"26":0,"27":0,"28":0,"29":0,"30":0,"31":0,"32":0,"33":0,"34":0},"f":{"0":0,"1":0,"2":0,"3":0,"4":0,"5":0,"6":0,"7":0},"b":{"0":[0,0],"1":[0,0],"2":[0,0],"3":[0,0],"4":[0,0],"5":[0,0],"6":[0,0],"7":[0,0],"8":[0,0],"9":[0,0],"10":[0,0]},"all":true},"c:\\dev\\react-pages\\source\\components\\Loading.js":{"path":"c:\\dev\\react-pages\\source\\components\\Loading.js","statementMap":{"0":{"start":{"line":16,"column":1},"end":{"line":27,"column":2}},"1":{"start":{"line":30,"column":0},"end":{"line":36,"column":1}},"2":{"start":{"line":38,"column":0},"end":{"line":41,"column":1}},"3":{"start":{"line":43,"column":41},"end":{"line":47,"column":1}}},"fnMap":{"0":{"name":"Loading","decl":{"start":{"line":9,"column":16},"end":{"line":9,"column":23}},"loc":{"start":{"line":15,"column":3},"end":{"line":28,"column":1}},"line":15},"1":{"name":"(anonymous_1)","decl":{"start":{"line":43,"column":23},"end":{"line":43,"column":24}},"loc":{"start":{"line":43,"column":41},"end":{"line":47,"column":1}},"line":43}},"branchMap":{},"s":{"0":0,"1":0,"2":0,"3":0},"f":{"0":0,"1":0},"b":{},"all":true},"c:\\dev\\react-pages\\source\\components\\LoadingIndicator.js":{"path":"c:\\dev\\react-pages\\source\\components\\LoadingIndicator.js","statementMap":{"0":{"start":{"line":14,"column":1},"end":{"line":23,"column":2}},"1":{"start":{"line":26,"column":0},"end":{"line":29,"column":1}}},"fnMap":{"0":{"name":"ActivityIndicator","decl":{"start":{"line":13,"column":24},"end":{"line":13,"column":41}},"loc":{"start":{"line":13,"column":49},"end":{"line":24,"column":1}},"line":13}},"branchMap":{},"s":{"0":0,"1":0},"f":{"0":0},"b":{},"all":true},"c:\\dev\\react-pages\\source\\components\\RemountOnNavigate.js":{"path":"c:\\dev\\react-pages\\source\\components\\RemountOnNavigate.js","statementMap":{"0":{"start":{"line":6,"column":20},"end":{"line":10,"column":2}},"1":{"start":{"line":18,"column":6},"end":{"line":18,"column":16}},"2":{"start":{"line":20,"column":19},"end":{"line":20,"column":63}},"3":{"start":{"line":22,"column":2},"end":{"line":28,"column":3}},"4":{"start":{"line":32,"column":48},"end":{"line":36,"column":1}}},"fnMap":{"0":{"name":"(anonymous_0)","decl":{"start":{"line":12,"column":1},"end":{"line":12,"column":2}},"loc":{"start":{"line":12,"column":10},"end":{"line":29,"column":2}},"line":12},"1":{"name":"(anonymous_1)","decl":{"start":{"line":32,"column":23},"end":{"line":32,"column":24}},"loc":{"start":{"line":32,"column":48},"end":{"line":36,"column":1}},"line":32}},"branchMap":{"0":{"loc":{"start":{"line":20,"column":19},"end":{"line":20,"column":63}},"type":"cond-expr","locations":[{"start":{"line":20,"column":29},"end":{"line":20,"column":45}},{"start":{"line":20,"column":48},"end":{"line":20,"column":63}}],"line":20}},"s":{"0":0,"1":0,"2":0,"3":0,"4":0},"f":{"0":0,"1":0},"b":{"0":[0,0]},"all":true},"c:\\dev\\react-pages\\source\\helpers.js":{"path":"c:\\dev\\react-pages\\source\\helpers.js","statementMap":{"0":{"start":{"line":2,"column":22},"end":{"line":2,"column":57}},"1":{"start":{"line":2,"column":30},"end":{"line":2,"column":57}},"2":{"start":{"line":5,"column":27},"end":{"line":5,"column":41}},"3":{"start":{"line":10,"column":1},"end":{"line":10,"column":88}},"4":{"start":{"line":70,"column":20},"end":{"line":70,"column":60}},"5":{"start":{"line":71,"column":1},"end":{"line":71,"column":23}},"6":{"start":{"line":72,"column":1},"end":{"line":72,"column":38}},"7":{"start":{"line":77,"column":1},"end":{"line":88,"column":2}},"8":{"start":{"line":79,"column":2},"end":{"line":79,"column":26}},"9":{"start":{"line":81,"column":6},"end":{"line":88,"column":2}},"10":{"start":{"line":83,"column":2},"end":{"line":83,"column":34}},"11":{"start":{"line":83,"column":25},"end":{"line":83,"column":33}},"12":{"start":{"line":87,"column":2},"end":{"line":87,"column":15}},"13":{"start":{"line":94,"column":1},"end":{"line":121,"column":2}},"14":{"start":{"line":96,"column":2},"end":{"line":120,"column":3}},"15":{"start":{"line":110,"column":25},"end":{"line":113,"column":5}},"16":{"start":{"line":112,"column":4},"end":{"line":112,"column":38}},"17":{"start":{"line":115,"column":3},"end":{"line":119,"column":4}},"18":{"start":{"line":117,"column":4},"end":{"line":117,"column":39}},"19":{"start":{"line":118,"column":4},"end":{"line":118,"column":22}},"20":{"start":{"line":123,"column":1},"end":{"line":123,"column":14}},"21":{"start":{"line":128,"column":18},"end":{"line":128,"column":58}},"22":{"start":{"line":129,"column":1},"end":{"line":129,"column":40}},"23":{"start":{"line":134,"column":16},"end":{"line":134,"column":52}},"24":{"start":{"line":135,"column":1},"end":{"line":135,"column":40}},"25":{"start":{"line":140,"column":1},"end":{"line":140,"column":39}},"26":{"start":{"line":145,"column":9},"end":{"line":145,"column":22}},"27":{"start":{"line":146,"column":9},"end":{"line":146,"column":25}},"28":{"start":{"line":148,"column":1},"end":{"line":151,"column":2}},"29":{"start":{"line":150,"column":2},"end":{"line":150,"column":14}},"30":{"start":{"line":153,"column":1},"end":{"line":162,"column":2}},"31":{"start":{"line":155,"column":2},"end":{"line":155,"column":5}},"32":{"start":{"line":156,"column":2},"end":{"line":156,"column":5}},"33":{"start":{"line":158,"column":2},"end":{"line":161,"column":3}},"34":{"start":{"line":160,"column":3},"end":{"line":160,"column":15}},"35":{"start":{"line":164,"column":1},"end":{"line":164,"column":12}},"36":{"start":{"line":172,"column":1},"end":{"line":172,"column":26}},"37":{"start":{"line":177,"column":1},"end":{"line":177,"column":24}},"38":{"start":{"line":183,"column":14},"end":{"line":183,"column":16}},"39":{"start":{"line":184,"column":1},"end":{"line":188,"column":2}},"40":{"start":{"line":186,"column":2},"end":{"line":186,"column":16}},"41":{"start":{"line":187,"column":2},"end":{"line":187,"column":9}},"42":{"start":{"line":189,"column":1},"end":{"line":189,"column":14}},"43":{"start":{"line":195,"column":1},"end":{"line":195,"column":49}},"44":{"start":{"line":201,"column":1},"end":{"line":204,"column":3}},"45":{"start":{"line":203,"column":2},"end":{"line":203,"column":29}}},"fnMap":{"0":{"name":"(anonymous_0)","decl":{"start":{"line":2,"column":22},"end":{"line":2,"column":23}},"loc":{"start":{"line":2,"column":30},"end":{"line":2,"column":57}},"line":2},"1":{"name":"isObject","decl":{"start":{"line":8,"column":16},"end":{"line":8,"column":24}},"loc":{"start":{"line":9,"column":0},"end":{"line":11,"column":1}},"line":9},"2":{"name":"merge","decl":{"start":{"line":68,"column":16},"end":{"line":68,"column":21}},"loc":{"start":{"line":69,"column":0},"end":{"line":73,"column":1}},"line":69},"3":{"name":"clone","decl":{"start":{"line":75,"column":16},"end":{"line":75,"column":21}},"loc":{"start":{"line":76,"column":0},"end":{"line":89,"column":1}},"line":76},"4":{"name":"(anonymous_4)","decl":{"start":{"line":83,"column":20},"end":{"line":83,"column":21}},"loc":{"start":{"line":83,"column":25},"end":{"line":83,"column":33}},"line":83},"5":{"name":"convert_from_camel_case","decl":{"start":{"line":92,"column":16},"end":{"line":92,"column":39}},"loc":{"start":{"line":93,"column":0},"end":{"line":124,"column":1}},"line":93},"6":{"name":"(anonymous_6)","decl":{"start":{"line":110,"column":49},"end":{"line":110,"column":50}},"loc":{"start":{"line":111,"column":3},"end":{"line":113,"column":4}},"line":111},"7":{"name":"escape_regexp","decl":{"start":{"line":126,"column":9},"end":{"line":126,"column":22}},"loc":{"start":{"line":127,"column":0},"end":{"line":130,"column":1}},"line":127},"8":{"name":"replace_all","decl":{"start":{"line":132,"column":16},"end":{"line":132,"column":27}},"loc":{"start":{"line":133,"column":0},"end":{"line":136,"column":1}},"line":133},"9":{"name":"starts_with","decl":{"start":{"line":138,"column":16},"end":{"line":138,"column":27}},"loc":{"start":{"line":139,"column":0},"end":{"line":141,"column":1}},"line":139},"10":{"name":"ends_with","decl":{"start":{"line":143,"column":16},"end":{"line":143,"column":25}},"loc":{"start":{"line":144,"column":0},"end":{"line":168,"column":1}},"line":144},"11":{"name":"is_empty","decl":{"start":{"line":170,"column":16},"end":{"line":170,"column":24}},"loc":{"start":{"line":171,"column":0},"end":{"line":173,"column":1}},"line":171},"12":{"name":"not_empty","decl":{"start":{"line":175,"column":16},"end":{"line":175,"column":25}},"loc":{"start":{"line":176,"column":0},"end":{"line":178,"column":1}},"line":176},"13":{"name":"repeat","decl":{"start":{"line":181,"column":16},"end":{"line":181,"column":22}},"loc":{"start":{"line":182,"column":0},"end":{"line":190,"column":1}},"line":182},"14":{"name":"is_blank","decl":{"start":{"line":193,"column":16},"end":{"line":193,"column":24}},"loc":{"start":{"line":194,"column":0},"end":{"line":196,"column":1}},"line":194},"15":{"name":"zip","decl":{"start":{"line":199,"column":16},"end":{"line":199,"column":19}},"loc":{"start":{"line":200,"column":0},"end":{"line":205,"column":1}},"line":200},"16":{"name":"(anonymous_16)","decl":{"start":{"line":201,"column":14},"end":{"line":201,"column":15}},"loc":{"start":{"line":202,"column":1},"end":{"line":204,"column":2}},"line":202}},"branchMap":{"0":{"loc":{"start":{"line":10,"column":8},"end":{"line":10,"column":88}},"type":"binary-expr","locations":[{"start":{"line":10,"column":8},"end":{"line":10,"column":22}},{"start":{"line":10,"column":27},"end":{"line":10,"column":42}},{"start":{"line":10,"column":47},"end":{"line":10,"column":88}}],"line":10},"1":{"loc":{"start":{"line":77,"column":1},"end":{"line":88,"column":2}},"type":"if","locations":[{"start":{"line":77,"column":1},"end":{"line":88,"column":2}},{"start":{"line":81,"column":6},"end":{"line":88,"column":2}}],"line":77},"2":{"loc":{"start":{"line":81,"column":6},"end":{"line":88,"column":2}},"type":"if","locations":[{"start":{"line":81,"column":6},"end":{"line":88,"column":2}},{"start":{"line":86,"column":1},"end":{"line":88,"column":2}}],"line":81},"3":{"loc":{"start":{"line":96,"column":2},"end":{"line":120,"column":3}},"type":"if","locations":[{"start":{"line":96,"column":2},"end":{"line":120,"column":3}},{"start":{},"end":{}}],"line":96},"4":{"loc":{"start":{"line":115,"column":3},"end":{"line":119,"column":4}},"type":"if","locations":[{"start":{"line":115,"column":3},"end":{"line":119,"column":4}},{"start":{},"end":{}}],"line":115},"5":{"loc":{"start":{"line":148,"column":1},"end":{"line":151,"column":2}},"type":"if","locations":[{"start":{"line":148,"column":1},"end":{"line":151,"column":2}},{"start":{},"end":{}}],"line":148},"6":{"loc":{"start":{"line":158,"column":2},"end":{"line":161,"column":3}},"type":"if","locations":[{"start":{"line":158,"column":2},"end":{"line":161,"column":3}},{"start":{},"end":{}}],"line":158},"7":{"loc":{"start":{"line":195,"column":8},"end":{"line":195,"column":49}},"type":"binary-expr","locations":[{"start":{"line":195,"column":8},"end":{"line":195,"column":21}},{"start":{"line":195,"column":25},"end":{"line":195,"column":49}}],"line":195}},"s":{"0":0,"1":0,"2":0,"3":0,"4":0,"5":0,"6":0,"7":0,"8":0,"9":0,"10":0,"11":0,"12":0,"13":0,"14":0,"15":0,"16":0,"17":0,"18":0,"19":0,"20":0,"21":0,"22":0,"23":0,"24":0,"25":0,"26":0,"27":0,"28":0,"29":0,"30":0,"31":0,"32":0,"33":0,"34":0,"35":0,"36":0,"37":0,"38":0,"39":0,"40":0,"41":0,"42":0,"43":0,"44":0,"45":0},"f":{"0":0,"1":0,"2":0,"3":0,"4":0,"5":0,"6":0,"7":0,"8":0,"9":0,"10":0,"11":0,"12":0,"13":0,"14":0,"15":0,"16":0},"b":{"0":[0,0,0],"1":[0,0],"2":[0,0],"3":[0,0],"4":[0,0],"5":[0,0],"6":[0,0],"7":[0,0]},"all":true},"c:\\dev\\react-pages\\source\\HttpClient.js":{"path":"c:\\dev\\react-pages\\source\\HttpClient.js","statementMap":{"0":{"start":{"line":7,"column":21},"end":{"line":15,"column":1}},"1":{"start":{"line":24,"column":22},"end":{"line":24,"column":24}},"2":{"start":{"line":38,"column":6},"end":{"line":38,"column":13}},"3":{"start":{"line":40,"column":31},"end":{"line":40,"column":59}},"4":{"start":{"line":42,"column":23},"end":{"line":42,"column":71}},"5":{"start":{"line":46,"column":2},"end":{"line":48,"column":3}},"6":{"start":{"line":47,"column":3},"end":{"line":47,"column":21}},"7":{"start":{"line":50,"column":2},"end":{"line":50,"column":20}},"8":{"start":{"line":53,"column":20},"end":{"line":67,"column":12}},"9":{"start":{"line":57,"column":3},"end":{"line":62,"column":4}},"10":{"start":{"line":58,"column":4},"end":{"line":61,"column":5}},"11":{"start":{"line":59,"column":26},"end":{"line":59,"column":57}},"12":{"start":{"line":60,"column":5},"end":{"line":60,"column":17}},"13":{"start":{"line":64,"column":3},"end":{"line":64,"column":23}},"14":{"start":{"line":71,"column":16},"end":{"line":71,"column":61}},"15":{"start":{"line":74,"column":2},"end":{"line":166,"column":3}},"16":{"start":{"line":75,"column":3},"end":{"line":165,"column":4}},"17":{"start":{"line":77,"column":16},"end":{"line":77,"column":66}},"18":{"start":{"line":80,"column":21},"end":{"line":80,"column":23}},"19":{"start":{"line":84,"column":31},"end":{"line":162,"column":5}},"20":{"start":{"line":86,"column":21},"end":{"line":106,"column":7}},"21":{"start":{"line":92,"column":7},"end":{"line":104,"column":8}},"22":{"start":{"line":98,"column":8},"end":{"line":103,"column":9}},"23":{"start":{"line":100,"column":9},"end":{"line":102,"column":10}},"24":{"start":{"line":101,"column":10},"end":{"line":101,"column":46}},"25":{"start":{"line":109,"column":5},"end":{"line":116,"column":6}},"26":{"start":{"line":121,"column":5},"end":{"line":123,"column":6}},"27":{"start":{"line":122,"column":6},"end":{"line":122,"column":58}},"28":{"start":{"line":129,"column":5},"end":{"line":134,"column":6}},"29":{"start":{"line":130,"column":6},"end":{"line":133,"column":8}},"30":{"start":{"line":138,"column":5},"end":{"line":140,"column":6}},"31":{"start":{"line":139,"column":6},"end":{"line":139,"column":40}},"32":{"start":{"line":142,"column":5},"end":{"line":161,"column":6}},"33":{"start":{"line":143,"column":20},"end":{"line":143,"column":28}},"34":{"start":{"line":150,"column":7},"end":{"line":157,"column":8}},"35":{"start":{"line":151,"column":8},"end":{"line":151,"column":20}},"36":{"start":{"line":152,"column":8},"end":{"line":156,"column":33}},"37":{"start":{"line":159,"column":7},"end":{"line":159,"column":18}},"38":{"start":{"line":164,"column":4},"end":{"line":164,"column":31}},"39":{"start":{"line":173,"column":2},"end":{"line":176,"column":3}},"40":{"start":{"line":174,"column":20},"end":{"line":174,"column":56}},"41":{"start":{"line":175,"column":3},"end":{"line":175,"column":77}},"42":{"start":{"line":177,"column":2},"end":{"line":177,"column":12}},"43":{"start":{"line":182,"column":1},"end":{"line":182,"column":56}}},"fnMap":{"0":{"name":"(anonymous_0)","decl":{"start":{"line":29,"column":1},"end":{"line":29,"column":2}},"loc":{"start":{"line":29,"column":27},"end":{"line":167,"column":2}},"line":29},"1":{"name":"(anonymous_1)","decl":{"start":{"line":55,"column":3},"end":{"line":55,"column":4}},"loc":{"start":{"line":55,"column":13},"end":{"line":65,"column":3}},"line":55},"2":{"name":"(anonymous_2)","decl":{"start":{"line":75,"column":18},"end":{"line":75,"column":19}},"loc":{"start":{"line":75,"column":55},"end":{"line":165,"column":4}},"line":75},"3":{"name":"(anonymous_3)","decl":{"start":{"line":84,"column":31},"end":{"line":84,"column":32}},"loc":{"start":{"line":84,"column":37},"end":{"line":162,"column":5}},"line":84},"4":{"name":"(anonymous_4)","decl":{"start":{"line":91,"column":20},"end":{"line":91,"column":21}},"loc":{"start":{"line":91,"column":33},"end":{"line":105,"column":7}},"line":91},"5":{"name":"(anonymous_5)","decl":{"start":{"line":143,"column":6},"end":{"line":143,"column":7}},"loc":{"start":{"line":143,"column":20},"end":{"line":143,"column":28}},"line":143},"6":{"name":"(anonymous_6)","decl":{"start":{"line":144,"column":6},"end":{"line":144,"column":7}},"loc":{"start":{"line":144,"column":17},"end":{"line":160,"column":7}},"line":144},"7":{"name":"(anonymous_7)","decl":{"start":{"line":171,"column":1},"end":{"line":171,"column":2}},"loc":{"start":{"line":171,"column":27},"end":{"line":178,"column":2}},"line":171},"8":{"name":"isRelativeUrl","decl":{"start":{"line":181,"column":9},"end":{"line":181,"column":22}},"loc":{"start":{"line":181,"column":28},"end":{"line":183,"column":1}},"line":181}},"branchMap":{"0":{"loc":{"start":{"line":29,"column":13},"end":{"line":29,"column":25}},"type":"default-arg","locations":[{"start":{"line":29,"column":23},"end":{"line":29,"column":25}}],"line":29},"1":{"loc":{"start":{"line":42,"column":23},"end":{"line":42,"column":71}},"type":"binary-expr","locations":[{"start":{"line":42,"column":23},"end":{"line":42,"column":43}},{"start":{"line":42,"column":47},"end":{"line":42,"column":71}}],"line":42},"2":{"loc":{"start":{"line":46,"column":2},"end":{"line":48,"column":3}},"type":"if","locations":[{"start":{"line":46,"column":2},"end":{"line":48,"column":3}},{"start":{},"end":{}}],"line":46},"3":{"loc":{"start":{"line":53,"column":20},"end":{"line":67,"column":12}},"type":"cond-expr","locations":[{"start":{"line":55,"column":3},"end":{"line":65,"column":3}},{"start":{"line":67,"column":2},"end":{"line":67,"column":12}}],"line":53},"4":{"loc":{"start":{"line":58,"column":4},"end":{"line":61,"column":5}},"type":"if","locations":[{"start":{"line":58,"column":4},"end":{"line":61,"column":5}},{"start":{},"end":{}}],"line":58},"5":{"loc":{"start":{"line":71,"column":16},"end":{"line":71,"column":61}},"type":"cond-expr","locations":[{"start":{"line":71,"column":30},"end":{"line":71,"column":48}},{"start":{"line":71,"column":51},"end":{"line":71,"column":61}}],"line":71},"6":{"loc":{"start":{"line":75,"column":38},"end":{"line":75,"column":50}},"type":"default-arg","locations":[{"start":{"line":75,"column":48},"end":{"line":75,"column":50}}],"line":75},"7":{"loc":{"start":{"line":92,"column":7},"end":{"line":104,"column":8}},"type":"if","locations":[{"start":{"line":92,"column":7},"end":{"line":104,"column":8}},{"start":{},"end":{}}],"line":92},"8":{"loc":{"start":{"line":100,"column":9},"end":{"line":102,"column":10}},"type":"if","locations":[{"start":{"line":100,"column":9},"end":{"line":102,"column":10}},{"start":{},"end":{}}],"line":100},"9":{"loc":{"start":{"line":121,"column":5},"end":{"line":123,"column":6}},"type":"if","locations":[{"start":{"line":121,"column":5},"end":{"line":123,"column":6}},{"start":{},"end":{}}],"line":121},"10":{"loc":{"start":{"line":121,"column":9},"end":{"line":121,"column":50}},"type":"binary-expr","locations":[{"start":{"line":121,"column":9},"end":{"line":121,"column":20}},{"start":{"line":121,"column":24},"end":{"line":121,"column":50}}],"line":121},"11":{"loc":{"start":{"line":129,"column":5},"end":{"line":134,"column":6}},"type":"if","locations":[{"start":{"line":129,"column":5},"end":{"line":134,"column":6}},{"start":{},"end":{}}],"line":129},"12":{"loc":{"start":{"line":138,"column":5},"end":{"line":140,"column":6}},"type":"if","locations":[{"start":{"line":138,"column":5},"end":{"line":140,"column":6}},{"start":{},"end":{}}],"line":138},"13":{"loc":{"start":{"line":150,"column":7},"end":{"line":157,"column":8}},"type":"if","locations":[{"start":{"line":150,"column":7},"end":{"line":157,"column":8}},{"start":{},"end":{}}],"line":150},"14":{"loc":{"start":{"line":173,"column":2},"end":{"line":176,"column":3}},"type":"if","locations":[{"start":{"line":173,"column":2},"end":{"line":176,"column":3}},{"start":{},"end":{}}],"line":173},"15":{"loc":{"start":{"line":173,"column":6},"end":{"line":173,"column":48}},"type":"binary-expr","locations":[{"start":{"line":173,"column":6},"end":{"line":173,"column":16}},{"start":{"line":173,"column":20},"end":{"line":173,"column":26}},{"start":{"line":173,"column":30},"end":{"line":173,"column":48}}],"line":173},"16":{"loc":{"start":{"line":174,"column":20},"end":{"line":174,"column":56}},"type":"cond-expr","locations":[{"start":{"line":174,"column":40},"end":{"line":174,"column":47}},{"start":{"line":174,"column":50},"end":{"line":174,"column":56}}],"line":174},"17":{"loc":{"start":{"line":175,"column":46},"end":{"line":175,"column":69}},"type":"binary-expr","locations":[{"start":{"line":175,"column":46},"end":{"line":175,"column":61}},{"start":{"line":175,"column":65},"end":{"line":175,"column":69}}],"line":175},"18":{"loc":{"start":{"line":182,"column":8},"end":{"line":182,"column":56}},"type":"binary-expr","locations":[{"start":{"line":182,"column":8},"end":{"line":182,"column":29}},{"start":{"line":182,"column":33},"end":{"line":182,"column":56}}],"line":182}},"s":{"0":0,"1":0,"2":0,"3":0,"4":0,"5":0,"6":0,"7":0,"8":0,"9":0,"10":0,"11":0,"12":0,"13":0,"14":0,"15":0,"16":0,"17":0,"18":0,"19":0,"20":0,"21":0,"22":0,"23":0,"24":0,"25":0,"26":0,"27":0,"28":0,"29":0,"30":0,"31":0,"32":0,"33":0,"34":0,"35":0,"36":0,"37":0,"38":0,"39":0,"40":0,"41":0,"42":0,"43":0},"f":{"0":0,"1":0,"2":0,"3":0,"4":0,"5":0,"6":0,"7":0,"8":0},"b":{"0":[0],"1":[0,0],"2":[0,0],"3":[0,0],"4":[0,0],"5":[0,0],"6":[0],"7":[0,0],"8":[0,0],"9":[0,0],"10":[0,0],"11":[0,0],"12":[0,0],"13":[0,0],"14":[0,0],"15":[0,0,0],"16":[0,0],"17":[0,0],"18":[0,0]},"all":true},"c:\\dev\\react-pages\\source\\HttpRequest.js":{"path":"c:\\dev\\react-pages\\source\\HttpRequest.js","statementMap":{"0":{"start":{"line":13,"column":6},"end":{"line":13,"column":13}},"1":{"start":{"line":15,"column":2},"end":{"line":15,"column":34}},"2":{"start":{"line":18,"column":2},"end":{"line":18,"column":35}},"3":{"start":{"line":21,"column":2},"end":{"line":45,"column":3}},"4":{"start":{"line":22,"column":3},"end":{"line":44,"column":4}},"5":{"start":{"line":24,"column":5},"end":{"line":24,"column":29}},"6":{"start":{"line":25,"column":5},"end":{"line":25,"column":10}},"7":{"start":{"line":32,"column":5},"end":{"line":36,"column":6}},"8":{"start":{"line":33,"column":6},"end":{"line":33,"column":42}},"9":{"start":{"line":35,"column":6},"end":{"line":35,"column":29}},"10":{"start":{"line":37,"column":5},"end":{"line":37,"column":10}},"11":{"start":{"line":40,"column":5},"end":{"line":40,"column":88}},"12":{"start":{"line":43,"column":5},"end":{"line":43,"column":54}},"13":{"start":{"line":48,"column":2},"end":{"line":48,"column":27}},"14":{"start":{"line":51,"column":2},"end":{"line":51,"column":50}},"15":{"start":{"line":55,"column":2},"end":{"line":55,"column":44}},"16":{"start":{"line":61,"column":2},"end":{"line":68,"column":3}},"17":{"start":{"line":62,"column":3},"end":{"line":62,"column":25}},"18":{"start":{"line":63,"column":9},"end":{"line":68,"column":3}},"19":{"start":{"line":64,"column":3},"end":{"line":67,"column":5}},"20":{"start":{"line":69,"column":2},"end":{"line":71,"column":3}},"21":{"start":{"line":70,"column":3},"end":{"line":70,"column":74}},"22":{"start":{"line":78,"column":2},"end":{"line":84,"column":3}},"23":{"start":{"line":79,"column":3},"end":{"line":79,"column":27}},"24":{"start":{"line":80,"column":3},"end":{"line":83,"column":4}},"25":{"start":{"line":81,"column":25},"end":{"line":81,"column":56}},"26":{"start":{"line":82,"column":4},"end":{"line":82,"column":24}},"27":{"start":{"line":85,"column":2},"end":{"line":87,"column":3}},"28":{"start":{"line":86,"column":3},"end":{"line":86,"column":98}},"29":{"start":{"line":86,"column":62},"end":{"line":86,"column":86}},"30":{"start":{"line":93,"column":2},"end":{"line":103,"column":4}},"31":{"start":{"line":94,"column":3},"end":{"line":97,"column":4}},"32":{"start":{"line":96,"column":4},"end":{"line":96,"column":10}},"33":{"start":{"line":98,"column":3},"end":{"line":101,"column":4}},"34":{"start":{"line":100,"column":4},"end":{"line":100,"column":10}},"35":{"start":{"line":102,"column":3},"end":{"line":102,"column":33}},"36":{"start":{"line":107,"column":2},"end":{"line":131,"column":3}},"37":{"start":{"line":109,"column":4},"end":{"line":111,"column":5}},"38":{"start":{"line":110,"column":5},"end":{"line":110,"column":45}},"39":{"start":{"line":115,"column":4},"end":{"line":117,"column":5}},"40":{"start":{"line":116,"column":5},"end":{"line":116,"column":54}},"41":{"start":{"line":120,"column":4},"end":{"line":122,"column":5}},"42":{"start":{"line":121,"column":5},"end":{"line":121,"column":42}},"43":{"start":{"line":126,"column":4},"end":{"line":128,"column":5}},"44":{"start":{"line":127,"column":5},"end":{"line":127,"column":62}},"45":{"start":{"line":129,"column":4},"end":{"line":129,"column":15}},"46":{"start":{"line":135,"column":23},"end":{"line":135,"column":53}},"47":{"start":{"line":138,"column":2},"end":{"line":138,"column":36}},"48":{"start":{"line":140,"column":2},"end":{"line":172,"column":3}},"49":{"start":{"line":145,"column":4},"end":{"line":145,"column":29}},"50":{"start":{"line":147,"column":4},"end":{"line":149,"column":5}},"51":{"start":{"line":148,"column":5},"end":{"line":148,"column":39}},"52":{"start":{"line":150,"column":4},"end":{"line":150,"column":9}},"53":{"start":{"line":158,"column":4},"end":{"line":158,"column":32}},"54":{"start":{"line":159,"column":4},"end":{"line":159,"column":9}},"55":{"start":{"line":162,"column":4},"end":{"line":162,"column":29}},"56":{"start":{"line":164,"column":4},"end":{"line":166,"column":5}},"57":{"start":{"line":165,"column":5},"end":{"line":165,"column":56}},"58":{"start":{"line":168,"column":4},"end":{"line":170,"column":5}},"59":{"start":{"line":169,"column":5},"end":{"line":169,"column":70}},"60":{"start":{"line":171,"column":4},"end":{"line":171,"column":9}},"61":{"start":{"line":176,"column":2},"end":{"line":189,"column":3}},"62":{"start":{"line":180,"column":4},"end":{"line":182,"column":5}},"63":{"start":{"line":181,"column":5},"end":{"line":181,"column":37}},"64":{"start":{"line":183,"column":4},"end":{"line":183,"column":24}},"65":{"start":{"line":188,"column":4},"end":{"line":188,"column":24}},"66":{"start":{"line":195,"column":24},"end":{"line":195,"column":46}},"67":{"start":{"line":196,"column":1},"end":{"line":198,"column":2}},"68":{"start":{"line":197,"column":2},"end":{"line":197,"column":48}},"69":{"start":{"line":199,"column":1},"end":{"line":199,"column":35}},"70":{"start":{"line":203,"column":1},"end":{"line":223,"column":2}},"71":{"start":{"line":204,"column":18},"end":{"line":204,"column":27}},"72":{"start":{"line":206,"column":2},"end":{"line":208,"column":3}},"73":{"start":{"line":207,"column":3},"end":{"line":207,"column":30}},"74":{"start":{"line":212,"column":2},"end":{"line":222,"column":3}},"75":{"start":{"line":213,"column":11},"end":{"line":213,"column":12}},"76":{"start":{"line":214,"column":3},"end":{"line":217,"column":4}},"77":{"start":{"line":215,"column":4},"end":{"line":215,"column":37}},"78":{"start":{"line":216,"column":4},"end":{"line":216,"column":7}},"79":{"start":{"line":218,"column":9},"end":{"line":222,"column":3}},"80":{"start":{"line":219,"column":3},"end":{"line":219,"column":33}},"81":{"start":{"line":221,"column":3},"end":{"line":221,"column":32}},"82":{"start":{"line":227,"column":1},"end":{"line":229,"column":2}},"83":{"start":{"line":228,"column":2},"end":{"line":228,"column":14}},"84":{"start":{"line":230,"column":1},"end":{"line":243,"column":2}},"85":{"start":{"line":231,"column":20},"end":{"line":231,"column":29}},"86":{"start":{"line":232,"column":2},"end":{"line":234,"column":3}},"87":{"start":{"line":233,"column":3},"end":{"line":233,"column":14}},"88":{"start":{"line":235,"column":2},"end":{"line":237,"column":3}},"89":{"start":{"line":236,"column":3},"end":{"line":236,"column":14}},"90":{"start":{"line":240,"column":2},"end":{"line":242,"column":3}},"91":{"start":{"line":241,"column":3},"end":{"line":241,"column":14}}},"fnMap":{"0":{"name":"(anonymous_0)","decl":{"start":{"line":6,"column":1},"end":{"line":6,"column":2}},"loc":{"start":{"line":6,"column":41},"end":{"line":56,"column":2}},"line":6},"1":{"name":"(anonymous_1)","decl":{"start":{"line":59,"column":1},"end":{"line":59,"column":2}},"loc":{"start":{"line":59,"column":100},"end":{"line":72,"column":2}},"line":59},"2":{"name":"(anonymous_2)","decl":{"start":{"line":76,"column":1},"end":{"line":76,"column":2}},"loc":{"start":{"line":76,"column":35},"end":{"line":88,"column":2}},"line":76},"3":{"name":"(anonymous_3)","decl":{"start":{"line":86,"column":55},"end":{"line":86,"column":56}},"loc":{"start":{"line":86,"column":62},"end":{"line":86,"column":86}},"line":86},"4":{"name":"(anonymous_4)","decl":{"start":{"line":92,"column":1},"end":{"line":92,"column":2}},"loc":{"start":{"line":92,"column":20},"end":{"line":104,"column":2}},"line":92},"5":{"name":"(anonymous_5)","decl":{"start":{"line":93,"column":30},"end":{"line":93,"column":31}},"loc":{"start":{"line":93,"column":46},"end":{"line":103,"column":3}},"line":93},"6":{"name":"(anonymous_6)","decl":{"start":{"line":106,"column":1},"end":{"line":106,"column":2}},"loc":{"start":{"line":106,"column":8},"end":{"line":132,"column":2}},"line":106},"7":{"name":"(anonymous_7)","decl":{"start":{"line":108,"column":3},"end":{"line":108,"column":4}},"loc":{"start":{"line":108,"column":17},"end":{"line":123,"column":4}},"line":108},"8":{"name":"(anonymous_8)","decl":{"start":{"line":124,"column":3},"end":{"line":124,"column":4}},"loc":{"start":{"line":124,"column":14},"end":{"line":130,"column":4}},"line":124},"9":{"name":"(anonymous_9)","decl":{"start":{"line":134,"column":1},"end":{"line":134,"column":2}},"loc":{"start":{"line":134,"column":48},"end":{"line":173,"column":2}},"line":134},"10":{"name":"(anonymous_10)","decl":{"start":{"line":175,"column":1},"end":{"line":175,"column":2}},"loc":{"start":{"line":175,"column":27},"end":{"line":190,"column":2}},"line":175},"11":{"name":"getCookieKeyAndValue","decl":{"start":{"line":194,"column":16},"end":{"line":194,"column":36}},"loc":{"start":{"line":194,"column":48},"end":{"line":200,"column":1}},"line":194},"12":{"name":"addMultipartData","decl":{"start":{"line":202,"column":9},"end":{"line":202,"column":25}},"loc":{"start":{"line":202,"column":41},"end":{"line":224,"column":1}},"line":202},"13":{"name":"hasBinaryData","decl":{"start":{"line":226,"column":9},"end":{"line":226,"column":22}},"loc":{"start":{"line":226,"column":29},"end":{"line":244,"column":1}},"line":226}},"branchMap":{"0":{"loc":{"start":{"line":21,"column":2},"end":{"line":45,"column":3}},"type":"if","locations":[{"start":{"line":21,"column":2},"end":{"line":45,"column":3}},{"start":{},"end":{}}],"line":21},"1":{"loc":{"start":{"line":22,"column":3},"end":{"line":44,"column":4}},"type":"switch","locations":[{"start":{"line":23,"column":4},"end":{"line":25,"column":10}},{"start":{"line":27,"column":4},"end":{"line":27,"column":16}},{"start":{"line":28,"column":4},"end":{"line":28,"column":15}},{"start":{"line":29,"column":4},"end":{"line":29,"column":17}},{"start":{"line":30,"column":4},"end":{"line":30,"column":16}},{"start":{"line":31,"column":4},"end":{"line":37,"column":10}},{"start":{"line":39,"column":4},"end":{"line":40,"column":88}},{"start":{"line":42,"column":4},"end":{"line":43,"column":54}}],"line":22},"2":{"loc":{"start":{"line":32,"column":5},"end":{"line":36,"column":6}},"type":"if","locations":[{"start":{"line":32,"column":5},"end":{"line":36,"column":6}},{"start":{"line":34,"column":12},"end":{"line":36,"column":6}}],"line":32},"3":{"loc":{"start":{"line":61,"column":2},"end":{"line":68,"column":3}},"type":"if","locations":[{"start":{"line":61,"column":2},"end":{"line":68,"column":3}},{"start":{"line":63,"column":9},"end":{"line":68,"column":3}}],"line":61},"4":{"loc":{"start":{"line":63,"column":9},"end":{"line":68,"column":3}},"type":"if","locations":[{"start":{"line":63,"column":9},"end":{"line":68,"column":3}},{"start":{},"end":{}}],"line":63},"5":{"loc":{"start":{"line":69,"column":2},"end":{"line":71,"column":3}},"type":"if","locations":[{"start":{"line":69,"column":2},"end":{"line":71,"column":3}},{"start":{},"end":{}}],"line":69},"6":{"loc":{"start":{"line":69,"column":6},"end":{"line":69,"column":39}},"type":"binary-expr","locations":[{"start":{"line":69,"column":6},"end":{"line":69,"column":11}},{"start":{"line":69,"column":15},"end":{"line":69,"column":39}}],"line":69},"7":{"loc":{"start":{"line":70,"column":20},"end":{"line":70,"column":54}},"type":"binary-expr","locations":[{"start":{"line":70,"column":20},"end":{"line":70,"column":35}},{"start":{"line":70,"column":39},"end":{"line":70,"column":54}}],"line":70},"8":{"loc":{"start":{"line":78,"column":2},"end":{"line":84,"column":3}},"type":"if","locations":[{"start":{"line":78,"column":2},"end":{"line":84,"column":3}},{"start":{},"end":{}}],"line":78},"9":{"loc":{"start":{"line":85,"column":2},"end":{"line":87,"column":3}},"type":"if","locations":[{"start":{"line":85,"column":2},"end":{"line":87,"column":3}},{"start":{},"end":{}}],"line":85},"10":{"loc":{"start":{"line":94,"column":3},"end":{"line":97,"column":4}},"type":"if","locations":[{"start":{"line":94,"column":3},"end":{"line":97,"column":4}},{"start":{},"end":{}}],"line":94},"11":{"loc":{"start":{"line":98,"column":3},"end":{"line":101,"column":4}},"type":"if","locations":[{"start":{"line":98,"column":3},"end":{"line":101,"column":4}},{"start":{},"end":{}}],"line":98},"12":{"loc":{"start":{"line":109,"column":4},"end":{"line":111,"column":5}},"type":"if","locations":[{"start":{"line":109,"column":4},"end":{"line":111,"column":5}},{"start":{},"end":{}}],"line":109},"13":{"loc":{"start":{"line":115,"column":4},"end":{"line":117,"column":5}},"type":"if","locations":[{"start":{"line":115,"column":4},"end":{"line":117,"column":5}},{"start":{},"end":{}}],"line":115},"14":{"loc":{"start":{"line":120,"column":4},"end":{"line":122,"column":5}},"type":"if","locations":[{"start":{"line":120,"column":4},"end":{"line":122,"column":5}},{"start":{},"end":{}}],"line":120},"15":{"loc":{"start":{"line":126,"column":4},"end":{"line":128,"column":5}},"type":"if","locations":[{"start":{"line":126,"column":4},"end":{"line":128,"column":5}},{"start":{},"end":{}}],"line":126},"16":{"loc":{"start":{"line":140,"column":2},"end":{"line":172,"column":3}},"type":"switch","locations":[{"start":{"line":142,"column":3},"end":{"line":142,"column":27}},{"start":{"line":144,"column":3},"end":{"line":150,"column":9}},{"start":{"line":157,"column":3},"end":{"line":159,"column":9}},{"start":{"line":161,"column":3},"end":{"line":171,"column":9}}],"line":140},"17":{"loc":{"start":{"line":147,"column":4},"end":{"line":149,"column":5}},"type":"if","locations":[{"start":{"line":147,"column":4},"end":{"line":149,"column":5}},{"start":{},"end":{}}],"line":147},"18":{"loc":{"start":{"line":164,"column":4},"end":{"line":166,"column":5}},"type":"if","locations":[{"start":{"line":164,"column":4},"end":{"line":166,"column":5}},{"start":{},"end":{}}],"line":164},"19":{"loc":{"start":{"line":168,"column":4},"end":{"line":170,"column":5}},"type":"if","locations":[{"start":{"line":168,"column":4},"end":{"line":170,"column":5}},{"start":{},"end":{}}],"line":168},"20":{"loc":{"start":{"line":176,"column":2},"end":{"line":189,"column":3}},"type":"switch","locations":[{"start":{"line":177,"column":3},"end":{"line":177,"column":27}},{"start":{"line":179,"column":3},"end":{"line":183,"column":24}},{"start":{"line":187,"column":3},"end":{"line":188,"column":24}}],"line":176},"21":{"loc":{"start":{"line":180,"column":4},"end":{"line":182,"column":5}},"type":"if","locations":[{"start":{"line":180,"column":4},"end":{"line":182,"column":5}},{"start":{},"end":{}}],"line":180},"22":{"loc":{"start":{"line":196,"column":1},"end":{"line":198,"column":2}},"type":"if","locations":[{"start":{"line":196,"column":1},"end":{"line":198,"column":2}},{"start":{},"end":{}}],"line":196},"23":{"loc":{"start":{"line":206,"column":2},"end":{"line":208,"column":3}},"type":"if","locations":[{"start":{"line":206,"column":2},"end":{"line":208,"column":3}},{"start":{},"end":{}}],"line":206},"24":{"loc":{"start":{"line":206,"column":6},"end":{"line":206,"column":86}},"type":"binary-expr","locations":[{"start":{"line":206,"column":6},"end":{"line":206,"column":45}},{"start":{"line":206,"column":49},"end":{"line":206,"column":86}}],"line":206},"25":{"loc":{"start":{"line":212,"column":2},"end":{"line":222,"column":3}},"type":"if","locations":[{"start":{"line":212,"column":2},"end":{"line":222,"column":3}},{"start":{"line":218,"column":9},"end":{"line":222,"column":3}}],"line":212},"26":{"loc":{"start":{"line":212,"column":6},"end":{"line":212,"column":70}},"type":"binary-expr","locations":[{"start":{"line":212,"column":6},"end":{"line":212,"column":37}},{"start":{"line":212,"column":41},"end":{"line":212,"column":70}}],"line":212},"27":{"loc":{"start":{"line":218,"column":9},"end":{"line":222,"column":3}},"type":"if","locations":[{"start":{"line":218,"column":9},"end":{"line":222,"column":3}},{"start":{"line":220,"column":9},"end":{"line":222,"column":3}}],"line":218},"28":{"loc":{"start":{"line":218,"column":13},"end":{"line":218,"column":69}},"type":"binary-expr","locations":[{"start":{"line":218,"column":13},"end":{"line":218,"column":40}},{"start":{"line":218,"column":44},"end":{"line":218,"column":69}}],"line":218},"29":{"loc":{"start":{"line":227,"column":1},"end":{"line":229,"column":2}},"type":"if","locations":[{"start":{"line":227,"column":1},"end":{"line":229,"column":2}},{"start":{},"end":{}}],"line":227},"30":{"loc":{"start":{"line":232,"column":2},"end":{"line":234,"column":3}},"type":"if","locations":[{"start":{"line":232,"column":2},"end":{"line":234,"column":3}},{"start":{},"end":{}}],"line":232},"31":{"loc":{"start":{"line":232,"column":6},"end":{"line":232,"column":86}},"type":"binary-expr","locations":[{"start":{"line":232,"column":6},"end":{"line":232,"column":45}},{"start":{"line":232,"column":49},"end":{"line":232,"column":86}}],"line":232},"32":{"loc":{"start":{"line":235,"column":2},"end":{"line":237,"column":3}},"type":"if","locations":[{"start":{"line":235,"column":2},"end":{"line":237,"column":3}},{"start":{},"end":{}}],"line":235},"33":{"loc":{"start":{"line":235,"column":6},"end":{"line":235,"column":70}},"type":"binary-expr","locations":[{"start":{"line":235,"column":6},"end":{"line":235,"column":37}},{"start":{"line":235,"column":41},"end":{"line":235,"column":70}}],"line":235},"34":{"loc":{"start":{"line":240,"column":2},"end":{"line":242,"column":3}},"type":"if","locations":[{"start":{"line":240,"column":2},"end":{"line":242,"column":3}},{"start":{},"end":{}}],"line":240},"35":{"loc":{"start":{"line":240,"column":6},"end":{"line":240,"column":62}},"type":"binary-expr","locations":[{"start":{"line":240,"column":6},"end":{"line":240,"column":33}},{"start":{"line":240,"column":37},"end":{"line":240,"column":62}}],"line":240}},"s":{"0":0,"1":0,"2":0,"3":0,"4":0,"5":0,"6":0,"7":0,"8":0,"9":0,"10":0,"11":0,"12":0,"13":0,"14":0,"15":0,"16":0,"17":0,"18":0,"19":0,"20":0,"21":0,"22":0,"23":0,"24":0,"25":0,"26":0,"27":0,"28":0,"29":0,"30":0,"31":0,"32":0,"33":0,"34":0,"35":0,"36":0,"37":0,"38":0,"39":0,"40":0,"41":0,"42":0,"43":0,"44":0,"45":0,"46":0,"47":0,"48":0,"49":0,"50":0,"51":0,"52":0,"53":0,"54":0,"55":0,"56":0,"57":0,"58":0,"59":0,"60":0,"61":0,"62":0,"63":0,"64":0,"65":0,"66":0,"67":0,"68":0,"69":0,"70":0,"71":0,"72":0,"73":0,"74":0,"75":0,"76":0,"77":0,"78":0,"79":0,"80":0,"81":0,"82":0,"83":0,"84":0,"85":0,"86":0,"87":0,"88":0,"89":0,"90":0,"91":0},"f":{"0":0,"1":0,"2":0,"3":0,"4":0,"5":0,"6":0,"7":0,"8":0,"9":0,"10":0,"11":0,"12":0,"13":0},"b":{"0":[0,0],"1":[0,0,0,0,0,0,0,0],"2":[0,0],"3":[0,0],"4":[0,0],"5":[0,0],"6":[0,0],"7":[0,0],"8":[0,0],"9":[0,0],"10":[0,0],"11":[0,0],"12":[0,0],"13":[0,0],"14":[0,0],"15":[0,0],"16":[0,0,0,0],"17":[0,0],"18":[0,0],"19":[0,0],"20":[0,0,0],"21":[0,0],"22":[0,0],"23":[0,0],"24":[0,0],"25":[0,0],"26":[0,0],"27":[0,0],"28":[0,0],"29":[0,0],"30":[0,0],"31":[0,0],"32":[0,0],"33":[0,0],"34":[0,0],"35":[0,0]},"all":true},"c:\\dev\\react-pages\\source\\locale.js":{"path":"c:\\dev\\react-pages\\source\\locale.js","statementMap":{"0":{"start":{"line":6,"column":19},"end":{"line":6,"column":38}},"1":{"start":{"line":7,"column":1},"end":{"line":9,"column":2}},"2":{"start":{"line":8,"column":2},"end":{"line":8,"column":35}},"3":{"start":{"line":10,"column":1},"end":{"line":10,"column":14}}},"fnMap":{"0":{"name":"getLanguageFromLocale","decl":{"start":{"line":1,"column":16},"end":{"line":1,"column":37}},"loc":{"start":{"line":2,"column":0},"end":{"line":11,"column":1}},"line":2}},"branchMap":{"0":{"loc":{"start":{"line":7,"column":1},"end":{"line":9,"column":2}},"type":"if","locations":[{"start":{"line":7,"column":1},"end":{"line":9,"column":2}},{"start":{},"end":{}}],"line":7}},"s":{"0":0,"1":0,"2":0,"3":0},"f":{"0":0},"b":{"0":[0,0]},"all":true},"c:\\dev\\react-pages\\source\\location.js":{"path":"c:\\dev\\react-pages\\source\\location.js","statementMap":{"0":{"start":{"line":3,"column":1},"end":{"line":9,"column":2}},"1":{"start":{"line":4,"column":2},"end":{"line":8,"column":3}},"2":{"start":{"line":5,"column":3},"end":{"line":5,"column":37}},"3":{"start":{"line":7,"column":3},"end":{"line":7,"column":18}},"4":{"start":{"line":11,"column":18},"end":{"line":11,"column":39}},"5":{"start":{"line":12,"column":18},"end":{"line":12,"column":35}},"6":{"start":{"line":13,"column":18},"end":{"line":13,"column":39}},"7":{"start":{"line":14,"column":18},"end":{"line":14,"column":37}},"8":{"start":{"line":17,"column":18},"end":{"line":17,"column":71}},"9":{"start":{"line":19,"column":1},"end":{"line":19,"column":57}},"10":{"start":{"line":25,"column":1},"end":{"line":27,"column":2}},"11":{"start":{"line":26,"column":2},"end":{"line":26,"column":17}},"12":{"start":{"line":32,"column":1},"end":{"line":46,"column":2}},"13":{"start":{"line":33,"column":2},"end":{"line":33,"column":16}},"14":{"start":{"line":34,"column":8},"end":{"line":46,"column":2}},"15":{"start":{"line":35,"column":2},"end":{"line":35,"column":21}},"16":{"start":{"line":37,"column":29},"end":{"line":37,"column":88}},"17":{"start":{"line":39,"column":2},"end":{"line":45,"column":3}},"18":{"start":{"line":40,"column":3},"end":{"line":40,"column":51}},"19":{"start":{"line":41,"column":3},"end":{"line":41,"column":48}},"20":{"start":{"line":43,"column":3},"end":{"line":43,"column":22}},"21":{"start":{"line":44,"column":3},"end":{"line":44,"column":17}},"22":{"start":{"line":48,"column":14},"end":{"line":48,"column":16}},"23":{"start":{"line":49,"column":12},"end":{"line":49,"column":14}},"24":{"start":{"line":51,"column":22},"end":{"line":51,"column":43}},"25":{"start":{"line":52,"column":1},"end":{"line":55,"column":2}},"26":{"start":{"line":53,"column":2},"end":{"line":53,"column":41}},"27":{"start":{"line":54,"column":2},"end":{"line":54,"column":44}},"28":{"start":{"line":57,"column":20},"end":{"line":57,"column":39}},"29":{"start":{"line":58,"column":1},"end":{"line":61,"column":2}},"30":{"start":{"line":59,"column":2},"end":{"line":59,"column":35}},"31":{"start":{"line":60,"column":2},"end":{"line":60,"column":38}},"32":{"start":{"line":63,"column":1},"end":{"line":63,"column":42}},"33":{"start":{"line":67,"column":1},"end":{"line":69,"column":43}},"34":{"start":{"line":76,"column":1},"end":{"line":83,"column":2}},"35":{"start":{"line":80,"column":2},"end":{"line":82,"column":3}},"36":{"start":{"line":81,"column":3},"end":{"line":81,"column":14}}},"fnMap":{"0":{"name":"getLocationUrl","decl":{"start":{"line":1,"column":16},"end":{"line":1,"column":30}},"loc":{"start":{"line":2,"column":0},"end":{"line":20,"column":1}},"line":2},"1":{"name":"parseLocation","decl":{"start":{"line":23,"column":16},"end":{"line":23,"column":29}},"loc":{"start":{"line":24,"column":0},"end":{"line":64,"column":1}},"line":24},"2":{"name":"isSameLocationIgnoreHash","decl":{"start":{"line":66,"column":9},"end":{"line":66,"column":33}},"loc":{"start":{"line":66,"column":60},"end":{"line":70,"column":1}},"line":66},"3":{"name":"shouldSkipPreloadForNavigation","decl":{"start":{"line":75,"column":16},"end":{"line":75,"column":46}},"loc":{"start":{"line":75,"column":73},"end":{"line":84,"column":1}},"line":75}},"branchMap":{"0":{"loc":{"start":{"line":1,"column":41},"end":{"line":1,"column":53}},"type":"default-arg","locations":[{"start":{"line":1,"column":51},"end":{"line":1,"column":53}}],"line":1},"1":{"loc":{"start":{"line":3,"column":1},"end":{"line":9,"column":2}},"type":"if","locations":[{"start":{"line":3,"column":1},"end":{"line":9,"column":2}},{"start":{},"end":{}}],"line":3},"2":{"loc":{"start":{"line":4,"column":2},"end":{"line":8,"column":3}},"type":"if","locations":[{"start":{"line":4,"column":2},"end":{"line":8,"column":3}},{"start":{"line":6,"column":9},"end":{"line":8,"column":3}}],"line":4},"3":{"loc":{"start":{"line":11,"column":18},"end":{"line":11,"column":39}},"type":"binary-expr","locations":[{"start":{"line":11,"column":18},"end":{"line":11,"column":33}},{"start":{"line":11,"column":37},"end":{"line":11,"column":39}}],"line":11},"4":{"loc":{"start":{"line":13,"column":18},"end":{"line":13,"column":39}},"type":"binary-expr","locations":[{"start":{"line":13,"column":18},"end":{"line":13,"column":33}},{"start":{"line":13,"column":37},"end":{"line":13,"column":39}}],"line":13},"5":{"loc":{"start":{"line":14,"column":18},"end":{"line":14,"column":37}},"type":"binary-expr","locations":[{"start":{"line":14,"column":18},"end":{"line":14,"column":31}},{"start":{"line":14,"column":35},"end":{"line":14,"column":37}}],"line":14},"6":{"loc":{"start":{"line":17,"column":18},"end":{"line":17,"column":71}},"type":"cond-expr","locations":[{"start":{"line":17,"column":50},"end":{"line":17,"column":66}},{"start":{"line":17,"column":69},"end":{"line":17,"column":71}}],"line":17},"7":{"loc":{"start":{"line":17,"column":19},"end":{"line":17,"column":46}},"type":"binary-expr","locations":[{"start":{"line":17,"column":19},"end":{"line":17,"column":26}},{"start":{"line":17,"column":30},"end":{"line":17,"column":46}}],"line":17},"8":{"loc":{"start":{"line":25,"column":1},"end":{"line":27,"column":2}},"type":"if","locations":[{"start":{"line":25,"column":1},"end":{"line":27,"column":2}},{"start":{},"end":{}}],"line":25},"9":{"loc":{"start":{"line":32,"column":1},"end":{"line":46,"column":2}},"type":"if","locations":[{"start":{"line":32,"column":1},"end":{"line":46,"column":2}},{"start":{"line":34,"column":8},"end":{"line":46,"column":2}}],"line":32},"10":{"loc":{"start":{"line":34,"column":8},"end":{"line":46,"column":2}},"type":"if","locations":[{"start":{"line":34,"column":8},"end":{"line":46,"column":2}},{"start":{"line":36,"column":8},"end":{"line":46,"column":2}}],"line":34},"11":{"loc":{"start":{"line":39,"column":2},"end":{"line":45,"column":3}},"type":"if","locations":[{"start":{"line":39,"column":2},"end":{"line":45,"column":3}},{"start":{"line":42,"column":9},"end":{"line":45,"column":3}}],"line":39},"12":{"loc":{"start":{"line":52,"column":1},"end":{"line":55,"column":2}},"type":"if","locations":[{"start":{"line":52,"column":1},"end":{"line":55,"column":2}},{"start":{},"end":{}}],"line":52},"13":{"loc":{"start":{"line":58,"column":1},"end":{"line":61,"column":2}},"type":"if","locations":[{"start":{"line":58,"column":1},"end":{"line":61,"column":2}},{"start":{},"end":{}}],"line":58},"14":{"loc":{"start":{"line":67,"column":8},"end":{"line":69,"column":43}},"type":"binary-expr","locations":[{"start":{"line":67,"column":8},"end":{"line":67,"column":49}},{"start":{"line":68,"column":2},"end":{"line":68,"column":47}},{"start":{"line":69,"column":2},"end":{"line":69,"column":43}}],"line":67},"15":{"loc":{"start":{"line":76,"column":1},"end":{"line":83,"column":2}},"type":"if","locations":[{"start":{"line":76,"column":1},"end":{"line":83,"column":2}},{"start":{},"end":{}}],"line":76},"16":{"loc":{"start":{"line":80,"column":2},"end":{"line":82,"column":3}},"type":"if","locations":[{"start":{"line":80,"column":2},"end":{"line":82,"column":3}},{"start":{},"end":{}}],"line":80},"17":{"loc":{"start":{"line":80,"column":6},"end":{"line":80,"column":52}},"type":"binary-expr","locations":[{"start":{"line":80,"column":6},"end":{"line":80,"column":21}},{"start":{"line":80,"column":25},"end":{"line":80,"column":52}}],"line":80}},"s":{"0":0,"1":0,"2":0,"3":0,"4":0,"5":0,"6":0,"7":0,"8":0,"9":0,"10":0,"11":0,"12":0,"13":0,"14":0,"15":0,"16":0,"17":0,"18":0,"19":0,"20":0,"21":0,"22":0,"23":0,"24":0,"25":0,"26":0,"27":0,"28":0,"29":0,"30":0,"31":0,"32":0,"33":0,"34":0,"35":0,"36":0},"f":{"0":0,"1":0,"2":0,"3":0},"b":{"0":[0],"1":[0,0],"2":[0,0],"3":[0,0],"4":[0,0],"5":[0,0],"6":[0,0],"7":[0,0],"8":[0,0],"9":[0,0],"10":[0,0],"11":[0,0],"12":[0,0],"13":[0,0],"14":[0,0,0],"15":[0,0],"16":[0,0],"17":[0,0]},"all":true},"c:\\dev\\react-pages\\source\\meta\\BrowserDocument.js":{"path":"c:\\dev\\react-pages\\source\\meta\\BrowserDocument.js","statementMap":{"0":{"start":{"line":6,"column":2},"end":{"line":6,"column":82}},"1":{"start":{"line":11,"column":2},"end":{"line":11,"column":23}},"2":{"start":{"line":16,"column":2},"end":{"line":16,"column":24}},"3":{"start":{"line":21,"column":2},"end":{"line":21,"column":60}},"4":{"start":{"line":30,"column":15},"end":{"line":30,"column":45}},"5":{"start":{"line":31,"column":2},"end":{"line":36,"column":3}},"6":{"start":{"line":32,"column":3},"end":{"line":32,"column":38}},"7":{"start":{"line":34,"column":3},"end":{"line":34,"column":53}},"8":{"start":{"line":35,"column":3},"end":{"line":35,"column":38}},"9":{"start":{"line":37,"column":2},"end":{"line":37,"column":13}},"10":{"start":{"line":42,"column":2},"end":{"line":44,"column":3}},"11":{"start":{"line":43,"column":3},"end":{"line":43,"column":38}},"12":{"start":{"line":45,"column":2},"end":{"line":45,"column":62}},"13":{"start":{"line":50,"column":2},"end":{"line":52,"column":3}},"14":{"start":{"line":51,"column":3},"end":{"line":51,"column":38}},"15":{"start":{"line":53,"column":2},"end":{"line":53,"column":37}},"16":{"start":{"line":58,"column":2},"end":{"line":60,"column":3}},"17":{"start":{"line":59,"column":3},"end":{"line":59,"column":45}},"18":{"start":{"line":61,"column":2},"end":{"line":61,"column":37}},"19":{"start":{"line":66,"column":2},"end":{"line":66,"column":35}},"20":{"start":{"line":77,"column":1},"end":{"line":77,"column":52}}},"fnMap":{"0":{"name":"(anonymous_0)","decl":{"start":{"line":4,"column":1},"end":{"line":4,"column":2}},"loc":{"start":{"line":5,"column":1},"end":{"line":7,"column":2}},"line":5},"1":{"name":"(anonymous_1)","decl":{"start":{"line":9,"column":1},"end":{"line":9,"column":2}},"loc":{"start":{"line":10,"column":1},"end":{"line":12,"column":2}},"line":10},"2":{"name":"(anonymous_2)","decl":{"start":{"line":14,"column":1},"end":{"line":14,"column":2}},"loc":{"start":{"line":15,"column":1},"end":{"line":17,"column":2}},"line":15},"3":{"name":"(anonymous_3)","decl":{"start":{"line":19,"column":1},"end":{"line":19,"column":2}},"loc":{"start":{"line":20,"column":1},"end":{"line":22,"column":2}},"line":20},"4":{"name":"(anonymous_4)","decl":{"start":{"line":28,"column":1},"end":{"line":28,"column":2}},"loc":{"start":{"line":29,"column":1},"end":{"line":38,"column":2}},"line":29},"5":{"name":"(anonymous_5)","decl":{"start":{"line":40,"column":1},"end":{"line":40,"column":2}},"loc":{"start":{"line":41,"column":1},"end":{"line":46,"column":2}},"line":41},"6":{"name":"(anonymous_6)","decl":{"start":{"line":48,"column":1},"end":{"line":48,"column":2}},"loc":{"start":{"line":49,"column":1},"end":{"line":54,"column":2}},"line":49},"7":{"name":"(anonymous_7)","decl":{"start":{"line":56,"column":1},"end":{"line":56,"column":2}},"loc":{"start":{"line":57,"column":1},"end":{"line":62,"column":2}},"line":57},"8":{"name":"(anonymous_8)","decl":{"start":{"line":64,"column":1},"end":{"line":64,"column":2}},"loc":{"start":{"line":65,"column":1},"end":{"line":67,"column":2}},"line":65},"9":{"name":"getMetaAttributeFor","decl":{"start":{"line":75,"column":16},"end":{"line":75,"column":35}},"loc":{"start":{"line":76,"column":0},"end":{"line":78,"column":1}},"line":76}},"branchMap":{"0":{"loc":{"start":{"line":31,"column":2},"end":{"line":36,"column":3}},"type":"if","locations":[{"start":{"line":31,"column":2},"end":{"line":36,"column":3}},{"start":{"line":33,"column":9},"end":{"line":36,"column":3}}],"line":31},"1":{"loc":{"start":{"line":42,"column":2},"end":{"line":44,"column":3}},"type":"if","locations":[{"start":{"line":42,"column":2},"end":{"line":44,"column":3}},{"start":{},"end":{}}],"line":42},"2":{"loc":{"start":{"line":50,"column":2},"end":{"line":52,"column":3}},"type":"if","locations":[{"start":{"line":50,"column":2},"end":{"line":52,"column":3}},{"start":{},"end":{}}],"line":50},"3":{"loc":{"start":{"line":58,"column":2},"end":{"line":60,"column":3}},"type":"if","locations":[{"start":{"line":58,"column":2},"end":{"line":60,"column":3}},{"start":{},"end":{}}],"line":58},"4":{"loc":{"start":{"line":77,"column":8},"end":{"line":77,"column":52}},"type":"cond-expr","locations":[{"start":{"line":77,"column":33},"end":{"line":77,"column":43}},{"start":{"line":77,"column":46},"end":{"line":77,"column":52}}],"line":77}},"s":{"0":0,"1":0,"2":0,"3":0,"4":0,"5":0,"6":0,"7":0,"8":0,"9":0,"10":0,"11":0,"12":0,"13":0,"14":0,"15":0,"16":0,"17":0,"18":0,"19":0,"20":0},"f":{"0":0,"1":0,"2":0,"3":0,"4":0,"5":0,"6":0,"7":0,"8":0,"9":0},"b":{"0":[0,0],"1":[0,0],"2":[0,0],"3":[0,0],"4":[0,0]},"all":true},"c:\\dev\\react-pages\\source\\meta\\meta.js":{"path":"c:\\dev\\react-pages\\source\\meta\\meta.js","statementMap":{"0":{"start":{"line":6,"column":24},"end":{"line":6,"column":45}},"1":{"start":{"line":8,"column":21},"end":{"line":18,"column":1}},"2":{"start":{"line":20,"column":25},"end":{"line":20,"column":31}},"3":{"start":{"line":30,"column":1},"end":{"line":33,"column":2}},"4":{"start":{"line":31,"column":2},"end":{"line":31,"column":39}},"5":{"start":{"line":32,"column":2},"end":{"line":32,"column":18}},"6":{"start":{"line":46,"column":1},"end":{"line":50,"column":21}},"7":{"start":{"line":46,"column":46},"end":{"line":49,"column":2}},"8":{"start":{"line":53,"column":1},"end":{"line":58,"column":2}},"9":{"start":{"line":54,"column":2},"end":{"line":54,"column":60}},"10":{"start":{"line":54,"column":42},"end":{"line":54,"column":59}},"11":{"start":{"line":55,"column":2},"end":{"line":57,"column":3}},"12":{"start":{"line":56,"column":3},"end":{"line":56,"column":22}},"13":{"start":{"line":60,"column":1},"end":{"line":60,"column":12}},"14":{"start":{"line":68,"column":1},"end":{"line":76,"column":46}},"15":{"start":{"line":71,"column":15},"end":{"line":71,"column":16}},"16":{"start":{"line":72,"column":12},"end":{"line":72,"column":31}},"17":{"start":{"line":73,"column":15},"end":{"line":73,"column":16}},"18":{"start":{"line":75,"column":12},"end":{"line":75,"column":47}},"19":{"start":{"line":75,"column":42},"end":{"line":75,"column":43}},"20":{"start":{"line":76,"column":12},"end":{"line":76,"column":45}},"21":{"start":{"line":89,"column":1},"end":{"line":92,"column":46}},"22":{"start":{"line":90,"column":12},"end":{"line":90,"column":18}},"23":{"start":{"line":91,"column":15},"end":{"line":91,"column":16}},"24":{"start":{"line":92,"column":12},"end":{"line":92,"column":45}},"25":{"start":{"line":99,"column":28},"end":{"line":99,"column":32}},"26":{"start":{"line":100,"column":1},"end":{"line":100,"column":27}},"27":{"start":{"line":104,"column":19},"end":{"line":104,"column":41}},"28":{"start":{"line":107,"column":1},"end":{"line":109,"column":2}},"29":{"start":{"line":108,"column":2},"end":{"line":108,"column":26}},"30":{"start":{"line":112,"column":1},"end":{"line":114,"column":2}},"31":{"start":{"line":113,"column":2},"end":{"line":113,"column":56}},"32":{"start":{"line":118,"column":23},"end":{"line":124,"column":2}},"33":{"start":{"line":120,"column":3},"end":{"line":122,"column":4}},"34":{"start":{"line":121,"column":4},"end":{"line":121,"column":23}},"35":{"start":{"line":127,"column":1},"end":{"line":127,"column":42}},"36":{"start":{"line":130,"column":1},"end":{"line":132,"column":2}},"37":{"start":{"line":131,"column":2},"end":{"line":131,"column":33}},"38":{"start":{"line":141,"column":28},"end":{"line":141,"column":32}},"39":{"start":{"line":142,"column":1},"end":{"line":142,"column":27}},"40":{"start":{"line":144,"column":1},"end":{"line":154,"column":2}},"41":{"start":{"line":153,"column":29},"end":{"line":153,"column":62}},"42":{"start":{"line":164,"column":1},"end":{"line":168,"column":2}},"43":{"start":{"line":165,"column":2},"end":{"line":165,"column":23}},"44":{"start":{"line":167,"column":2},"end":{"line":167,"column":35}},"45":{"start":{"line":169,"column":1},"end":{"line":169,"column":75}},"46":{"start":{"line":179,"column":1},"end":{"line":221,"column":2}},"47":{"start":{"line":184,"column":3},"end":{"line":184,"column":12}},"48":{"start":{"line":193,"column":3},"end":{"line":193,"column":28}},"49":{"start":{"line":195,"column":3},"end":{"line":195,"column":26}},"50":{"start":{"line":216,"column":3},"end":{"line":216,"column":23}},"51":{"start":{"line":218,"column":3},"end":{"line":218,"column":33}},"52":{"start":{"line":220,"column":3},"end":{"line":220,"column":27}},"53":{"start":{"line":230,"column":9},"end":{"line":230,"column":10}},"54":{"start":{"line":231,"column":1},"end":{"line":244,"column":2}},"55":{"start":{"line":232,"column":19},"end":{"line":232,"column":31}},"56":{"start":{"line":233,"column":2},"end":{"line":242,"column":3}},"57":{"start":{"line":235,"column":3},"end":{"line":237,"column":4}},"58":{"start":{"line":236,"column":4},"end":{"line":236,"column":45}},"59":{"start":{"line":239,"column":3},"end":{"line":239,"column":25}},"60":{"start":{"line":241,"column":3},"end":{"line":241,"column":14}},"61":{"start":{"line":243,"column":2},"end":{"line":243,"column":5}},"62":{"start":{"line":252,"column":1},"end":{"line":258,"column":25}},"63":{"start":{"line":268,"column":1},"end":{"line":273,"column":7}},"64":{"start":{"line":269,"column":2},"end":{"line":271,"column":3}},"65":{"start":{"line":270,"column":3},"end":{"line":270,"column":31}},"66":{"start":{"line":272,"column":2},"end":{"line":272,"column":12}},"67":{"start":{"line":277,"column":1},"end":{"line":277,"column":44}},"68":{"start":{"line":281,"column":14},"end":{"line":281,"column":33}},"69":{"start":{"line":282,"column":1},"end":{"line":292,"column":2}},"70":{"start":{"line":283,"column":2},"end":{"line":291,"column":3}},"71":{"start":{"line":284,"column":3},"end":{"line":290,"column":6}},"72":{"start":{"line":285,"column":4},"end":{"line":287,"column":5}},"73":{"start":{"line":286,"column":5},"end":{"line":286,"column":33}},"74":{"start":{"line":288,"column":4},"end":{"line":288,"column":20}},"75":{"start":{"line":293,"column":1},"end":{"line":293,"column":14}},"76":{"start":{"line":302,"column":1},"end":{"line":304,"column":2}},"77":{"start":{"line":303,"column":2},"end":{"line":303,"column":55}},"78":{"start":{"line":303,"column":38},"end":{"line":303,"column":54}},"79":{"start":{"line":305,"column":1},"end":{"line":312,"column":2}},"80":{"start":{"line":307,"column":3},"end":{"line":310,"column":4}},"81":{"start":{"line":324,"column":1},"end":{"line":326,"column":2}},"82":{"start":{"line":325,"column":2},"end":{"line":325,"column":47}},"83":{"start":{"line":325,"column":30},"end":{"line":325,"column":46}},"84":{"start":{"line":327,"column":1},"end":{"line":327,"column":14}},"85":{"start":{"line":334,"column":1},"end":{"line":344,"column":2}},"86":{"start":{"line":335,"column":2},"end":{"line":343,"column":3}},"87":{"start":{"line":337,"column":18},"end":{"line":340,"column":5}},"88":{"start":{"line":345,"column":1},"end":{"line":345,"column":14}},"89":{"start":{"line":349,"column":1},"end":{"line":349,"column":34}}},"fnMap":{"0":{"name":"meta","decl":{"start":{"line":29,"column":24},"end":{"line":29,"column":28}},"loc":{"start":{"line":29,"column":38},"end":{"line":34,"column":1}},"line":29},"1":{"name":"(anonymous_1)","decl":{"start":{"line":30,"column":8},"end":{"line":30,"column":9}},"loc":{"start":{"line":30,"column":28},"end":{"line":33,"column":2}},"line":30},"2":{"name":"mergeMeta","decl":{"start":{"line":42,"column":16},"end":{"line":42,"column":25}},"loc":{"start":{"line":42,"column":32},"end":{"line":61,"column":1}},"line":42},"3":{"name":"(anonymous_3)","decl":{"start":{"line":46,"column":20},"end":{"line":46,"column":21}},"loc":{"start":{"line":46,"column":46},"end":{"line":49,"column":2}},"line":46},"4":{"name":"(anonymous_4)","decl":{"start":{"line":54,"column":37},"end":{"line":54,"column":38}},"loc":{"start":{"line":54,"column":42},"end":{"line":54,"column":59}},"line":54},"5":{"name":"getComponentsMeta","decl":{"start":{"line":67,"column":16},"end":{"line":67,"column":33}},"loc":{"start":{"line":67,"column":53},"end":{"line":77,"column":1}},"line":67},"6":{"name":"(anonymous_6)","decl":{"start":{"line":71,"column":10},"end":{"line":71,"column":11}},"loc":{"start":{"line":71,"column":15},"end":{"line":71,"column":16}},"line":71},"7":{"name":"(anonymous_7)","decl":{"start":{"line":72,"column":7},"end":{"line":72,"column":8}},"loc":{"start":{"line":72,"column":12},"end":{"line":72,"column":31}},"line":72},"8":{"name":"(anonymous_8)","decl":{"start":{"line":73,"column":10},"end":{"line":73,"column":11}},"loc":{"start":{"line":73,"column":15},"end":{"line":73,"column":16}},"line":73},"9":{"name":"(anonymous_9)","decl":{
[...]
:168,"column":14}},"77":{"start":{"line":169,"column":4},"end":{"line":172,"column":7}},"78":{"start":{"line":174,"column":4},"end":{"line":183,"column":5}},"79":{"start":{"line":175,"column":6},"end":{"line":175,"column":27}},"80":{"start":{"line":176,"column":6},"end":{"line":176,"column":32}},"81":{"start":{"line":177,"column":6},"end":{"line":180,"column":9}},"82":{"start":{"line":183,"column":5},"end":{"line":192,"column":6}},"83":{"start":{"line":184,"column":6},"end":{"line":191,"column":8}},"84":{"start":{"line":185,"column":8},"end":{"line":185,"column":33}},"85":{"start":{"line":187,"column":17},"end":{"line":187,"column":38}},"86":{"start":{"line":188,"column":8},"end":{"line":190,"column":9}},"87":{"start":{"line":189,"column":10},"end":{"line":189,"column":42}},"88":{"start":{"line":194,"column":4},"end":{"line":196,"column":5}},"89":{"start":{"line":195,"column":6},"end":{"line":195,"column":32}},"90":{"start":{"line":199,"column":2},"end":{"line":201,"column":3}},"91":{"start":{"line":200,"column":4},"end":{"line":200,"column":18}},"92":{"start":{"line":204,"column":0},"end":{"line":223,"column":1}},"93":{"start":{"line":212,"column":4},"end":{"line":212,"column":58}},"94":{"start":{"line":212,"column":52},"end":{"line":212,"column":58}},"95":{"start":{"line":213,"column":4},"end":{"line":213,"column":40}},"96":{"start":{"line":225,"column":0},"end":{"line":225,"column":45}},"97":{"start":{"line":228,"column":0},"end":{"line":233,"column":1}},"98":{"start":{"line":229,"column":2},"end":{"line":231,"column":3}},"99":{"start":{"line":230,"column":4},"end":{"line":230,"column":29}},"100":{"start":{"line":232,"column":2},"end":{"line":232,"column":37}},"101":{"start":{"line":235,"column":0},"end":{"line":246,"column":1}},"102":{"start":{"line":236,"column":2},"end":{"line":238,"column":3}},"103":{"start":{"line":237,"column":4},"end":{"line":237,"column":10}},"104":{"start":{"line":239,"column":14},"end":{"line":239,"column":34}},"105":{"start":{"line":240,"column":2},"end":{"line":245,"column":3}},"106":{"start":{"line":240,"column":15},"end":{"line":240,"column":16}},"107":{"start":{"line":240,"column":22},"end":{"line":240,"column":34}},"108":{"start":{"line":241,"column":4},"end":{"line":244,"column":5}},"109":{"start":{"line":242,"column":6},"end":{"line":242,"column":24}},"110":{"start":{"line":243,"column":6},"end":{"line":243,"column":12}},"111":{"start":{"line":248,"column":0},"end":{"line":256,"column":1}},"112":{"start":{"line":249,"column":2},"end":{"line":251,"column":3}},"113":{"start":{"line":250,"column":4},"end":{"line":250,"column":10}},"114":{"start":{"line":252,"column":14},"end":{"line":252,"column":40}},"115":{"start":{"line":253,"column":2},"end":{"line":255,"column":3}},"116":{"start":{"line":253,"column":15},"end":{"line":253,"column":16}},"117":{"start":{"line":253,"column":22},"end":{"line":253,"column":34}},"118":{"start":{"line":254,"column":4},"end":{"line":254,"column":30}}},"fnMap":{"0":{"name":"RobustWebSocket","decl":{"start":{"line":30,"column":24},"end":{"line":30,"column":39}},"loc":{"start":{"line":30,"column":69},"end":{"line":202,"column":1}},"line":30},"1":{"name":"(anonymous_1)","decl":{"start":{"line":31,"column":24},"end":{"line":31,"column":25}},"loc":{"start":{"line":31,"column":35},"end":{"line":31,"column":37}},"line":31},"2":{"name":"(anonymous_2)","decl":{"start":{"line":52,"column":76},"end":{"line":52,"column":77}},"loc":{"start":{"line":52,"column":99},"end":{"line":56,"column":3}},"line":52},"3":{"name":"(anonymous_3)","decl":{"start":{"line":54,"column":11},"end":{"line":54,"column":12}},"loc":{"start":{"line":54,"column":22},"end":{"line":54,"column":53}},"line":54},"4":{"name":"clearPendingReconnectIfNeeded","decl":{"start":{"line":58,"column":11},"end":{"line":58,"column":40}},"loc":{"start":{"line":58,"column":43},"end":{"line":63,"column":3}},"line":58},"5":{"name":"(anonymous_5)","decl":{"start":{"line":65,"column":17},"end":{"line":65,"column":18}},"loc":{"start":{"line":65,"column":33},"end":{"line":70,"column":3}},"line":65},"6":{"name":"(anonymous_6)","decl":{"start":{"line":71,"column":14},"end":{"line":71,"column":15}},"loc":{"start":{"line":71,"column":25},"end":{"line":74,"column":3}},"line":71},"7":{"name":"detachConnectivityEvents","decl":{"start":{"line":77,"column":11},"end":{"line":77,"column":35}},"loc":{"start":{"line":77,"column":38},"end":{"line":83,"column":3}},"line":77},"8":{"name":"attachConnectivityEvents","decl":{"start":{"line":85,"column":11},"end":{"line":85,"column":35}},"loc":{"start":{"line":85,"column":38},"end":{"line":91,"column":3}},"line":85},"9":{"name":"(anonymous_9)","decl":{"start":{"line":93,"column":14},"end":{"line":93,"column":15}},"loc":{"start":{"line":93,"column":25},"end":{"line":95,"column":3}},"line":93},"10":{"name":"(anonymous_10)","decl":{"start":{"line":97,"column":15},"end":{"line":97,"column":16}},"loc":{"start":{"line":97,"column":38},"end":{"line":109,"column":3}},"line":97},"11":{"name":"(anonymous_11)","decl":{"start":{"line":111,"column":14},"end":{"line":111,"column":15}},"loc":{"start":{"line":111,"column":25},"end":{"line":119,"column":3}},"line":111},"12":{"name":"reconnect","decl":{"start":{"line":121,"column":11},"end":{"line":121,"column":20}},"loc":{"start":{"line":121,"column":28},"end":{"line":135,"column":3}},"line":121},"13":{"name":"(anonymous_13)","decl":{"start":{"line":139,"column":13},"end":{"line":139,"column":14}},"loc":{"start":{"line":139,"column":29},"end":{"line":148,"column":7}},"line":139},"14":{"name":"(anonymous_14)","decl":{"start":{"line":154,"column":9},"end":{"line":154,"column":10}},"loc":{"start":{"line":154,"column":20},"end":{"line":154,"column":39}},"line":154},"15":{"name":"(anonymous_15)","decl":{"start":{"line":159,"column":9},"end":{"line":159,"column":10}},"loc":{"start":{"line":159,"column":20},"end":{"line":159,"column":41}},"line":159},"16":{"name":"newWebSocket","decl":{"start":{"line":163,"column":11},"end":{"line":163,"column":23}},"loc":{"start":{"line":163,"column":26},"end":{"line":197,"column":3}},"line":163},"17":{"name":"(anonymous_17)","decl":{"start":{"line":174,"column":32},"end":{"line":174,"column":33}},"loc":{"start":{"line":174,"column":43},"end":{"line":181,"column":5}},"line":174},"18":{"name":"(anonymous_18)","decl":{"start":{"line":183,"column":51},"end":{"line":183,"column":52}},"loc":{"start":{"line":183,"column":70},"end":{"line":192,"column":5}},"line":183},"19":{"name":"(anonymous_19)","decl":{"start":{"line":184,"column":40},"end":{"line":184,"column":41}},"loc":{"start":{"line":184,"column":56},"end":{"line":191,"column":7}},"line":184},"20":{"name":"(anonymous_20)","decl":{"start":{"line":211,"column":19},"end":{"line":211,"column":20}},"loc":{"start":{"line":211,"column":39},"end":{"line":214,"column":3}},"line":211},"21":{"name":"(anonymous_21)","decl":{"start":{"line":228,"column":45},"end":{"line":228,"column":46}},"loc":{"start":{"line":228,"column":70},"end":{"line":233,"column":1}},"line":228},"22":{"name":"(anonymous_22)","decl":{"start":{"line":235,"column":48},"end":{"line":235,"column":49}},"loc":{"start":{"line":235,"column":73},"end":{"line":246,"column":1}},"line":235},"23":{"name":"(anonymous_23)","decl":{"start":{"line":248,"column":42},"end":{"line":248,"column":43}},"loc":{"start":{"line":248,"column":58},"end":{"line":256,"column":1}},"line":248}},"branchMap":{"0":{"loc":{"start":{"line":25,"column":0},"end":{"line":28,"column":1}},"type":"if","locations":[{"start":{"line":25,"column":0},"end":{"line":28,"column":1}},{"start":{},"end":{}}],"line":25},"1":{"loc":{"start":{"line":41,"column":8},"end":{"line":41,"column":90}},"type":"cond-expr","locations":[{"start":{"line":41,"column":44},"end":{"line":41,"column":76}},{"start":{"line":41,"column":79},"end":{"line":41,"column":90}}],"line":41},"2":{"loc":{"start":{"line":44,"column":2},"end":{"line":46,"column":3}},"type":"if","locations":[{"start":{"line":44,"column":2},"end":{"line":46,"column":3}},{"start":{},"end":{}}],"line":44},"3":{"loc":{"start":{"line":48,"column":2},"end":{"line":50,"column":3}},"type":"if","locations":[{"start":{"line":48,"column":2},"end":{"line":50,"column":3}},{"start":{},"end":{}}],"line":48},"4":{"loc":{"start":{"line":59,"column":4},"end":{"line":62,"column":5}},"type":"if","locations":[{"start":{"line":59,"column":4},"end":{"line":62,"column":5}},{"start":{},"end":{}}],"line":59},"5":{"loc":{"start":{"line":66,"column":4},"end":{"line":69,"column":5}},"type":"if","locations":[{"start":{"line":66,"column":4},"end":{"line":69,"column":5}},{"start":{},"end":{}}],"line":66},"6":{"loc":{"start":{"line":78,"column":4},"end":{"line":82,"column":5}},"type":"if","locations":[{"start":{"line":78,"column":4},"end":{"line":82,"column":5}},{"start":{},"end":{}}],"line":78},"7":{"loc":{"start":{"line":86,"column":4},"end":{"line":90,"column":5}},"type":"if","locations":[{"start":{"line":86,"column":4},"end":{"line":90,"column":5}},{"start":{},"end":{}}],"line":86},"8":{"loc":{"start":{"line":98,"column":4},"end":{"line":101,"column":5}},"type":"if","locations":[{"start":{"line":98,"column":4},"end":{"line":101,"column":5}},{"start":{},"end":{}}],"line":98},"9":{"loc":{"start":{"line":112,"column":4},"end":{"line":118,"column":5}},"type":"if","locations":[{"start":{"line":112,"column":4},"end":{"line":118,"column":5}},{"start":{},"end":{}}],"line":112},"10":{"loc":{"start":{"line":112,"column":8},"end":{"line":112,"column":90}},"type":"binary-expr","locations":[{"start":{"line":112,"column":8},"end":{"line":112,"column":44}},{"start":{"line":112,"column":48},"end":{"line":112,"column":90}}],"line":112},"11":{"loc":{"start":{"line":122,"column":4},"end":{"line":125,"column":5}},"type":"if","locations":[{"start":{"line":122,"column":4},"end":{"line":125,"column":5}},{"start":{},"end":{}}],"line":122},"12":{"loc":{"start":{"line":122,"column":8},"end":{"line":122,"column":85}},"type":"binary-expr","locations":[{"start":{"line":122,"column":9},"end":{"line":122,"column":41}},{"start":{"line":122,"column":45},"end":{"line":122,"column":64}},{"start":{"line":122,"column":69},"end":{"line":122,"column":85}}],"line":122},"13":{"loc":{"start":{"line":126,"column":4},"end":{"line":129,"column":5}},"type":"if","locations":[{"start":{"line":126,"column":4},"end":{"line":129,"column":5}},{"start":{},"end":{}}],"line":126},"14":{"loc":{"start":{"line":132,"column":4},"end":{"line":134,"column":5}},"type":"if","locations":[{"start":{"line":132,"column":4},"end":{"line":134,"column":5}},{"start":{},"end":{}}],"line":132},"15":{"loc":{"start":{"line":140,"column":8},"end":{"line":143,"column":9}},"type":"if","locations":[{"start":{"line":140,"column":8},"end":{"line":143,"column":9}},{"start":{},"end":{}}],"line":140},"16":{"loc":{"start":{"line":165,"column":32},"end":{"line":165,"column":54}},"type":"binary-expr","locations":[{"start":{"line":165,"column":32},"end":{"line":165,"column":41}},{"start":{"line":165,"column":45},"end":{"line":165,"column":54}}],"line":165},"17":{"loc":{"start":{"line":188,"column":8},"end":{"line":190,"column":9}},"type":"if","locations":[{"start":{"line":188,"column":8},"end":{"line":190,"column":9}},{"start":{},"end":{}}],"line":188},"18":{"loc":{"start":{"line":194,"column":4},"end":{"line":196,"column":5}},"type":"if","locations":[{"start":{"line":194,"column":4},"end":{"line":196,"column":5}},{"start":{},"end":{}}],"line":194},"19":{"loc":{"start":{"line":199,"column":2},"end":{"line":201,"column":3}},"type":"if","locations":[{"start":{"line":199,"column":2},"end":{"line":201,"column":3}},{"start":{},"end":{}}],"line":199},"20":{"loc":{"start":{"line":212,"column":4},"end":{"line":212,"column":58}},"type":"if","locations":[{"start":{"line":212,"column":4},"end":{"line":212,"column":58}},{"start":{},"end":{}}],"line":212},"21":{"loc":{"start":{"line":212,"column":8},"end":{"line":212,"column":50}},"type":"binary-expr","locations":[{"start":{"line":212,"column":8},"end":{"line":212,"column":27}},{"start":{"line":212,"column":31},"end":{"line":212,"column":50}}],"line":212},"22":{"loc":{"start":{"line":229,"column":2},"end":{"line":231,"column":3}},"type":"if","locations":[{"start":{"line":229,"column":2},"end":{"line":231,"column":3}},{"start":{},"end":{}}],"line":229},"23":{"loc":{"start":{"line":236,"column":2},"end":{"line":238,"column":3}},"type":"if","locations":[{"start":{"line":236,"column":2},"end":{"line":238,"column":3}},{"start":{},"end":{}}],"line":236},"24":{"loc":{"start":{"line":241,"column":4},"end":{"line":244,"column":5}},"type":"if","locations":[{"start":{"line":241,"column":4},"end":{"line":244,"column":5}},{"start":{},"end":{}}],"line":241},"25":{"loc":{"start":{"line":249,"column":2},"end":{"line":251,"column":3}},"type":"if","locations":[{"start":{"line":249,"column":2},"end":{"line":251,"column":3}},{"start":{},"end":{}}],"line":249}},"s":{"0":0,"1":0,"2":0,"3":0,"4":0,"5":0,"6":0,"7":0,"8":0,"9":0,"10":0,"11":0,"12":0,"13":0,"14":0,"15":0,"16":0,"17":0,"18":0,"19":0,"20":0,"21":0,"22":0,"23":0,"24":0,"25":0,"26":0,"27":0,"28":0,"29":0,"30":0,"31":0,"32":0,"33":0,"34":0,"35":0,"36":0,"37":0,"38":0,"39":0,"40":0,"41":0,"42":0,"43":0,"44":0,"45":0,"46":0,"47":0,"48":0,"49":0,"50":0,"51":0,"52":0,"53":0,"54":0,"55":0,"56":0,"57":0,"58":0,"59":0,"60":0,"61":0,"62":0,"63":0,"64":0,"65":0,"66":0,"67":0,"68":0,"69":0,"70":0,"71":0,"72":0,"73":0,"74":0,"75":0,"76":0,"77":0,"78":0,"79":0,"80":0,"81":0,"82":0,"83":0,"84":0,"85":0,"86":0,"87":0,"88":0,"89":0,"90":0,"91":0,"92":0,"93":0,"94":0,"95":0,"96":0,"97":0,"98":0,"99":0,"100":0,"101":0,"102":0,"103":0,"104":0,"105":0,"106":0,"107":0,"108":0,"109":0,"110":0,"111":0,"112":0,"113":0,"114":0,"115":0,"116":0,"117":0,"118":0},"f":{"0":0,"1":0,"2":0,"3":0,"4":0,"5":0,"6":0,"7":0,"8":0,"9":0,"10":0,"11":0,"12":0,"13":0,"14":0,"15":0,"16":0,"17":0,"18":0,"19":0,"20":0,"21":0,"22":0,"23":0},"b":{"0":[0,0],"1":[0,0],"2":[0,0],"3":[0,0],"4":[0,0],"5":[0,0],"6":[0,0],"7":[0,0],"8":[0,0],"9":[0,0],"10":[0,0],"11":[0,0],"12":[0,0,0],"13":[0,0],"14":[0,0],"15":[0,0],"16":[0,0],"17":[0,0],"18":[0,0],"19":[0,0],"20":[0,0],"21":[0,0],"22":[0,0],"23":[0,0],"24":[0,0],"25":[0,0]},"all":true},"c:\\dev\\react-pages\\source\\websocket\\websocket.js":{"path":"c:\\dev\\react-pages\\source\\websocket\\websocket.js","statementMap":{"0":{"start":{"line":6,"column":20},"end":{"line":41,"column":3}},"1":{"start":{"line":32,"column":3},"end":{"line":36,"column":4}},"2":{"start":{"line":35,"column":4},"end":{"line":35,"column":33}},"3":{"start":{"line":39,"column":3},"end":{"line":39,"column":82}},"4":{"start":{"line":44,"column":1},"end":{"line":90,"column":2}},"5":{"start":{"line":47,"column":3},"end":{"line":47,"column":50}},"6":{"start":{"line":52,"column":3},"end":{"line":52,"column":28}},"7":{"start":{"line":57,"column":29},"end":{"line":57,"column":62}},"8":{"start":{"line":57,"column":40},"end":{"line":57,"column":62}},"9":{"start":{"line":59,"column":3},"end":{"line":59,"column":61}},"10":{"start":{"line":62,"column":3},"end":{"line":62,"column":77}},"11":{"start":{"line":62,"column":16},"end":{"line":62,"column":77}},"12":{"start":{"line":67,"column":3},"end":{"line":67,"column":44}},"13":{"start":{"line":72,"column":3},"end":{"line":72,"column":45}},"14":{"start":{"line":77,"column":3},"end":{"line":77,"column":45}},"15":{"start":{"line":82,"column":3},"end":{"line":85,"column":5}},"16":{"start":{"line":84,"column":4},"end":{"line":84,"column":50}},"17":{"start":{"line":92,"column":1},"end":{"line":101,"column":2}},"18":{"start":{"line":94,"column":2},"end":{"line":100,"column":4}},"19":{"start":{"line":96,"column":3},"end":{"line":99,"column":4}},"20":{"start":{"line":98,"column":4},"end":{"line":98,"column":27}},"21":{"start":{"line":103,"column":1},"end":{"line":103,"column":36}},"22":{"start":{"line":109,"column":1},"end":{"line":109,"column":59}}},"fnMap":{"0":{"name":"websocket","decl":{"start":{"line":4,"column":24},"end":{"line":4,"column":33}},"loc":{"start":{"line":5,"column":0},"end":{"line":104,"column":1}},"line":5},"1":{"name":"(anonymous_1)","decl":{"start":{"line":16,"column":2},"end":{"line":16,"column":3}},"loc":{"start":{"line":17,"column":2},"end":{"line":40,"column":3}},"line":17},"2":{"name":"(anonymous_2)","decl":{"start":{"line":45,"column":2},"end":{"line":45,"column":3}},"loc":{"start":{"line":46,"column":2},"end":{"line":48,"column":3}},"line":46},"3":{"name":"(anonymous_3)","decl":{"start":{"line":50,"column":2},"end":{"line":50,"column":3}},"loc":{"start":{"line":51,"column":2},"end":{"line":53,"column":3}},"line":51},"4":{"name":"(anonymous_4)","decl":{"start":{"line":55,"column":2},"end":{"line":55,"column":3}},"loc":{"start":{"line":56,"column":2},"end":{"line":63,"column":3}},"line":56},"5":{"name":"(anonymous_5)","decl":{"start":{"line":57,"column":29},"end":{"line":57,"column":30}},"loc":{"start":{"line":57,"column":40},"end":{"line":57,"column":62}},"line":57},"6":{"name":"(anonymous_6)","decl":{"start":{"line":62,"column":10},"end":{"line":62,"column":11}},"loc":{"start":{"line":62,"column":16},"end":{"line":62,"column":77}},"line":62},"7":{"name":"(anonymous_7)","decl":{"start":{"line":65,"column":2},"end":{"line":65,"column":3}},"loc":{"start":{"line":66,"column":2},"end":{"line":68,"column":3}},"line":66},"8":{"name":"(anonymous_8)","decl":{"start":{"line":70,"column":2},"end":{"line":70,"column":3}},"loc":{"start":{"line":71,"column":2},"end":{"line":73,"column":3}},"line":71},"9":{"name":"(anonymous_9)","decl":{"start":{"line":75,"column":2},"end":{"line":75,"column":3}},"loc":{"start":{"line":76,"column":2},"end":{"line":78,"column":3}},"line":76},"10":{"name":"(anonymous_10)","decl":{"start":{"line":80,"column":2},"end":{"line":80,"column":3}},"loc":{"start":{"line":81,"column":2},"end":{"line":86,"column":3}},"line":81},"11":{"name":"(anonymous_11)","decl":{"start":{"line":82,"column":38},"end":{"line":82,"column":39}},"loc":{"start":{"line":83,"column":3},"end":{"line":85,"column":4}},"line":83},"12":{"name":"(anonymous_12)","decl":{"start":{"line":94,"column":22},"end":{"line":94,"column":23}},"loc":{"start":{"line":95,"column":2},"end":{"line":100,"column":3}},"line":95},"13":{"name":"jitter","decl":{"start":{"line":107,"column":9},"end":{"line":107,"column":15}},"loc":{"start":{"line":108,"column":0},"end":{"line":110,"column":1}},"line":108}},"branchMap":{"0":{"loc":{"start":{"line":6,"column":43},"end":{"line":6,"column":64}},"type":"cond-expr","locations":[{"start":{"line":6,"column":52},"end":{"line":6,"column":57}},{"start":{"line":6,"column":60},"end":{"line":6,"column":64}}],"line":6},"1":{"loc":{"start":{"line":32,"column":3},"end":{"line":36,"column":4}},"type":"if","locations":[{"start":{"line":32,"column":3},"end":{"line":36,"column":4}},{"start":{},"end":{}}],"line":32},"2":{"loc":{"start":{"line":32,"column":7},"end":{"line":32,"column":49}},"type":"binary-expr","locations":[{"start":{"line":32,"column":7},"end":{"line":32,"column":26}},{"start":{"line":32,"column":30},"end":{"line":32,"column":49}}],"line":32},"3":{"loc":{"start":{"line":92,"column":1},"end":{"line":101,"column":2}},"type":"if","locations":[{"start":{"line":92,"column":1},"end":{"line":101,"column":2}},{"start":{},"end":{}}],"line":92},"4":{"loc":{"start":{"line":96,"column":3},"end":{"line":99,"column":4}},"type":"if","locations":[{"start":{"line":96,"column":3},"end":{"line":99,"column":4}},{"start":{},"end":{}}],"line":96},"5":{"loc":{"start":{"line":107,"column":23},"end":{"line":107,"column":35}},"type":"default-arg","locations":[{"start":{"line":107,"column":32},"end":{"line":107,"column":35}}],"line":107}},"s":{"0":0,"1":0,"2":0,"3":0,"4":0,"5":0,"6":0,"7":0,"8":0,"9":0,"10":0,"11":0,"12":0,"13":0,"14":0,"15":0,"16":0,"17":0,"18":0,"19":0,"20":0,"21":0,"22":0},"f":{"0":0,"1":0,"2":0,"3":0,"4":0,"5":0,"6":0,"7":0,"8":0,"9":0,"10":0,"11":0,"12":0,"13":0},"b":{"0":[0,0],"1":[0,0],"2":[0,0],"3":[0,0],"4":[0,0],"5":[0]},"all":true}}