{"c:\\dev\\react-pages\\source\\meta\\BrowserDocument.js":{"path":"c:\\dev\\react-pages\\source\\meta\\BrowserDocument.js","statementMap":{"0":{"start":{"line":6,"column":2},"end":{"line":6,"column":82}},"1":{"start":{"line":11,"column":2},"end":{"line":11,"column":23}},"2":{"start":{"line":16,"column":2},"end":{"line":16,"column":24}},"3":{"start":{"line":21,"column":2},"end":{"line":21,"column":60}},"4":{"start":{"line":30,"column":15},"end":{"line":30,"column":45}},"5":{"start":{"line":31,"column":2},"end":{"line":36,"column":3}},"6":{"start":{"line":32,"column":3},"end":{"line":32,"column":38}},"7":{"start":{"line":34,"column":3},"end":{"line":34,"column":53}},"8":{"start":{"line":35,"column":3},"end":{"line":35,"column":38}},"9":{"start":{"line":37,"column":2},"end":{"line":37,"column":13}},"10":{"start":{"line":42,"column":2},"end":{"line":44,"column":3}},"11":{"start":{"line":43,"column":3},"end":{"line":43,"column":38}},"12":{"start":{"line":45,"column":2},"end":{"line":45,"column":62}},"13":{"start":{"line":50,"column":2},"end":{"line":52,"column":3}},"14":{"start":{"line":51,"column":3},"end":{"line":51,"column":38}},"15":{"start":{"line":53,"column":2},"end":{"line":53,"column":37}},"16":{"start":{"line":58,"column":2},"end":{"line":60,"column":3}},"17":{"start":{"line":59,"column":3},"end":{"line":59,"column":45}},"18":{"start":{"line":61,"column":2},"end":{"line":61,"column":37}},"19":{"start":{"line":66,"column":2},"end":{"line":66,"column":35}},"20":{"start":{"line":77,"column":1},"end":{"line":77,"column":52}}},"fnMap":{"0":{"name":"(anonymous_0)","decl":{"start":{"line":4,"column":1},"end":{"line":4,"column":2}},"loc":{"start":{"line":5,"column":1},"end":{"line":7,"column":2}},"line":5},"1":{"name":"(anonymous_1)","decl":{"start":{"line":9,"column":1},"end":{"line":9,"column":2}},"loc":{"start":{"line":10,"column":1},"end":{"line":12,"column":2}},"line":10},"2":{"name":"(anonymous_2)","decl":{"start":{"line":14,"column":1},"end":{"line":14,"column":2}},"loc":{"start":{"line":15,"column":1},"end":{"line":17,"column":2}},"line":15},"3":{"name":"(anonymous_3)","decl":{"start":{"line":19,"column":1},"end":{"line":19,"column":2}},"loc":{"start":{"line":20,"column":1},"end":{"line":22,"column":2}},"line":20},"4":{"name":"(anonymous_4)","decl":{"start":{"line":28,"column":1},"end":{"line":28,"column":2}},"loc":{"start":{"line":29,"column":1},"end":{"line":38,"column":2}},"line":29},"5":{"name":"(anonymous_5)","decl":{"start":{"line":40,"column":1},"end":{"line":40,"column":2}},"loc":{"start":{"line":41,"column":1},"end":{"line":46,"column":2}},"line":41},"6":{"name":"(anonymous_6)","decl":{"start":{"line":48,"column":1},"end":{"line":48,"column":2}},"loc":{"start":{"line":49,"column":1},"end":{"line":54,"column":2}},"line":49},"7":{"name":"(anonymous_7)","decl":{"start":{"line":56,"column":1},"end":{"line":56,"column":2}},"loc":{"start":{"line":57,"column":1},"end":{"line":62,"column":2}},"line":57},"8":{"name":"(anonymous_8)","decl":{"start":{"line":64,"column":1},"end":{"line":64,"column":2}},"loc":{"start":{"line":65,"column":1},"end":{"line":67,"column":2}},"line":65},"9":{"name":"getMetaAttributeFor","decl":{"start":{"line":75,"column":16},"end":{"line":75,"column":35}},"loc":{"start":{"line":76,"column":0},"end":{"line":78,"column":1}},"line":76}},"branchMap":{"0":{"loc":{"start":{"line":31,"column":2},"end":{"line":36,"column":3}},"type":"if","locations":[{"start":{"line":31,"column":2},"end":{"line":36,"column":3}},{"start":{"line":33,"column":9},"end":{"line":36,"column":3}}],"line":31},"1":{"loc":{"start":{"line":42,"column":2},"end":{"line":44,"column":3}},"type":"if","locations":[{"start":{"line":42,"column":2},"end":{"line":44,"column":3}},{"start":{},"end":{}}],"line":42},"2":{"loc":{"start":{"line":50,"column":2},"end":{"line":52,"column":3}},"type":"if","locations":[{"start":{"line":50,"column":2},"end":{"line":52,"column":3}},{"start":{},"end":{}}],"line":50},"3":{"loc":{"start":{"line":58,"column":2},"end":{"line":60,"column":3}},"type":"if","locations":[{"start":{"line":58,"column":2},"end":{"line":60,"column":3}},{"start":{},"end":{}}],"line":58},"4":{"loc":{"start":{"line":77,"column":8},"end":{"line":77,"column":52}},"type":"cond-expr","locations":[{"start":{"line":77,"column":33},"end":{"line":77,"column":43}},{"start":{"line":77,"column":46},"end":{"line":77,"column":52}}],"line":77}},"s":{"0":0,"1":0,"2":0,"3":0,"4":0,"5":0,"6":0,"7":0,"8":0,"9":0,"10":0,"11":0,"12":0,"13":0,"14":0,"15":0,"16":0,"17":0,"18":0,"19":0,"20":9},"f":{"0":0,"1":0,"2":0,"3":0,"4":0,"5":0,"6":0,"7":0,"8":0,"9":9},"b":{"0":[0,0],"1":[0,0],"2":[0,0],"3":[0,0],"4":[5,4]},"_coverageSchema":"1a1c01bbd47fc00a2c39e90264f33305004495a9","hash":"cb745290ba93bb78778d4ea3d8042d9372965de3","contentHash":"8133fd4a4a1d13fb79cf8edb5987d1ecab9936a8760770996af919658bbaace6"},"c:\\dev\\react-pages\\source\\meta\\meta.js":{"path":"c:\\dev\\react-pages\\source\\meta\\meta.js","statementMap":{"0":{"start":{"line":6,"column":24},"end":{"line":6,"column":45}},"1":{"start":{"line":8,"column":21},"end":{"line":18,"column":1}},"2":{"start":{"line":20,"column":25},"end":{"line":20,"column":31}},"3":{"start":{"line":30,"column":1},"end":{"line":33,"column":2}},"4":{"start":{"line":31,"column":2},"end":{"line":31,"column":39}},"5":{"start":{"line":32,"column":2},"end":{"line":32,"column":18}},"6":{"start":{"line":46,"column":1},"end":{"line":50,"column":21}},"7":{"start":{"line":46,"column":46},"end":{"line":49,"column":2}},"8":{"start":{"line":53,"column":1},"end":{"line":58,"column":2}},"9":{"start":{"line":54,"column":2},"end":{"line":54,"column":60}},"10":{"start":{"line":54,"column":42},"end":{"line":54,"column":59}},"11":{"start":{"line":55,"column":2},"end":{"line":57,"column":3}},"12":{"start":{"line":56,"column":3},"end":{"line":56,"column":22}},"13":{"start":{"line":60,"column":1},"end":{"line":60,"column":12}},"14":{"start":{"line":68,"column":1},"end":{"line":76,"column":46}},"15":{"start":{"line":71,"column":15},"end":{"line":71,"column":16}},"16":{"start":{"line":72,"column":12},"end":{"line":72,"column":31}},"17":{"start":{"line":73,"column":15},"end":{"line":73,"column":16}},"18":{"start":{"line":75,"column":12},"end":{"line":75,"column":47}},"19":{"start":{"line":75,"column":42},"end":{"line":75,"column":43}},"20":{"start":{"line":76,"column":12},"end":{"line":76,"column":45}},"21":{"start":{"line":89,"column":1},"end":{"line":92,"column":46}},"22":{"start":{"line":90,"column":12},"end":{"line":90,"column":18}},"23":{"start":{"line":91,"column":15},"end":{"line":91,"column":16}},"24":{"start":{"line":92,"column":12},"end":{"line":92,"column":45}},"25":{"start":{"line":99,"column":28},"end":{"line":99,"column":32}},"26":{"start":{"line":100,"column":1},"end":{"line":100,"column":27}},"27":{"start":{"line":104,"column":19},"end":{"line":104,"column":41}},"28":{"start":{"line":107,"column":1},"end":{"line":109,"column":2}},"29":{"start":{"line":108,"column":2},"end":{"line":108,"column":26}},"30":{"start":{"line":112,"column":1},"end":{"line":114,"column":2}},"31":{"start":{"line":113,"column":2},"end":{"line":113,"column":56}},"32":{"start":{"line":118,"column":23},"end":{"line":124,"column":2}},"33":{"start":{"line":120,"column":3},"end":{"line":122,"column":4}},"34":{"start":{"line":121,"column":4},"end":{"line":121,"column":23}},"35":{"start":{"line":127,"column":1},"end":{"line":127,"column":42}},"36":{"start":{"line":130,"column":1},"end":{"line":132,"column":2}},"37":{"start":{"line":131,"column":2},"end":{"line":131,"column":33}},"38":{"start":{"line":141,"column":28},"end":{"line":141,"column":32}},"39":{"start":{"line":142,"column":1},"end":{"line":142,"column":27}},"40":{"start":{"line":144,"column":1},"end":{"line":154,"column":2}},"41":{"start":{"line":153,"column":29},"end":{"line":153,"column":62}},"42":{"start":{"line":164,"column":1},"end":{"line":168,"column":2}},"43":{"start":{"line":165,"column":2},"end":{"line":165,"column":23}},"44":{"start":{"line":167,"column":2},"end":{"line":167,"column":35}},"45":{"start":{"line":169,"column":1},"end":{"line":169,"column":75}},"46":{"start":{"line":179,"column":1},"end":{"line":221,"column":2}},"47":{"start":{"line":184,"column":3},"end":{"line":184,"column":12}},"48":{"start":{"line":193,"column":3},"end":{"line":193,"column":28}},"49":{"start":{"line":195,"column":3},"end":{"line":195,"column":26}},"50":{"start":{"line":216,"column":3},"end":{"line":216,"column":23}},"51":{"start":{"line":218,"column":3},"end":{"line":218,"column":33}},"52":{"start":{"line":220,"column":3},"end":{"line":220,"column":27}},"53":{"start":{"line":230,"column":9},"end":{"line":230,"column":10}},"54":{"start":{"line":231,"column":1},"end":{"line":244,"column":2}},"55":{"start":{"line":232,"column":19},"end":{"line":232,"column":31}},"56":{"start":{"line":233,"column":2},"end":{"line":242,"column":3}},"57":{"start":{"line":235,"column":3},"end":{"line":237,"column":4}},"58":{"start":{"line":236,"column":4},"end":{"line":236,"column":45}},"59":{"start":{"line":239,"column":3},"end":{"line":239,"column":25}},"60":{"start":{"line":241,"column":3},"end":{"line":241,"column":14}},"61":{"start":{"line":243,"column":2},"end":{"line":243,"column":5}},"62":{"start":{"line":252,"column":1},"end":{"line":258,"column":25}},"63":{"start":{"line":268,"column":1},"end":{"line":273,"column":7}},"64":{"start":{"line":269,"column":2},"end":{"line":271,"column":3}},"65":{"start":{"line":270,"column":3},"end":{"line":270,"column":31}},"66":{"start":{"line":272,"column":2},"end":{"line":272,"column":12}},"67":{"start":{"line":277,"column":1},"end":{"line":277,"column":44}},"68":{"start":{"line":281,"column":14},"end":{"line":281,"column":33}},"69":{"start":{"line":282,"column":1},"end":{"line":292,"column":2}},"70":{"start":{"line":283,"column":2},"end":{"line":291,"column":3}},"71":{"start":{"line":284,"column":3},"end":{"line":290,"column":6}},"72":{"start":{"line":285,"column":4},"end":{"line":287,"column":5}},"73":{"start":{"line":286,"column":5},"end":{"line":286,"column":33}},"74":{"start":{"line":288,"column":4},"end":{"line":288,"column":20}},"75":{"start":{"line":293,"column":1},"end":{"line":293,"column":14}},"76":{"start":{"line":302,"column":1},"end":{"line":304,"column":2}},"77":{"start":{"line":303,"column":2},"end":{"line":303,"column":55}},"78":{"start":{"line":303,"column":38},"end":{"line":303,"column":54}},"79":{"start":{"line":305,"column":1},"end":{"line":312,"column":2}},"80":{"start":{"line":307,"column":3},"end":{"line":310,"column":4}},"81":{"start":{"line":324,"column":1},"end":{"line":326,"column":2}},"82":{"start":{"line":325,"column":2},"end":{"line":325,"column":47}},"83":{"start":{"line":325,"column":30},"end":{"line":325,"column":46}},"84":{"start":{"line":327,"column":1},"end":{"line":327,"column":14}},"85":{"start":{"line":334,"column":1},"end":{"line":344,"column":2}},"86":{"start":{"line":335,"column":2},"end":{"line":343,"column":3}},"87":{"start":{"line":337,"column":18},"end":{"line":340,"column":5}},"88":{"start":{"line":345,"column":1},"end":{"line":345,"column":14}},"89":{"start":{"line":349,"column":1},"end":{"line":349,"column":34}}},"fnMap":{"0":{"name":"meta","decl":{"start":{"line":29,"column":24},"end":{"line":29,"column":28}},"loc":{"start":{"line":29,"column":38},"end":{"line":34,"column":1}},"line":29},"1":{"name":"(anonymous_1)","decl":{"start":{"line":30,"column":8},"end":{"line":30,"column":9}},"loc":{"start":{"line":30,"column":28},"end":{"line":33,"column":2}},"line":30},"2":{"name":"mergeMeta","decl":{"start":{"line":42,"column":16},"end":{"line":42,"column":25}},"loc":{"start":{"line":42,"column":32},"end":{"line":61,"column":1}},"line":42},"3":{"name":"(anonymous_3)","decl":{"start":{"line":46,"column":20},"end":{"line":46,"column":21}},"loc":{"start":{"line":46,"column":46},"end":{"line":49,"column":2}},"line":46},"4":{"name":"(anonymous_4)","decl":{"start":{"line":54,"column":37},"end":{"line":54,"column":38}},"loc":{"start":{"line":54,"column":42},"end":{"line":54,"column":59}},"line":54},"5":{"name":"getComponentsMeta","decl":{"start":{"line":67,"column":16},"end":{"line":67,"column":33}},"loc":{"start":{"line":67,"column":53},"end":{"line":77,"column":1}},"line":67},"6":{"name":"(anonymous_6)","decl":{"start":{"line":71,"column":10},"end":{"line":71,"column":11}},"loc":{"start":{"line":71,"column":15},"end":{"line":71,"column":16}},"line":71},"7":{"name":"(anonymous_7)","decl":{"start":{"line":72,"column":7},"end":{"line":72,"column":8}},"loc":{"start":{"line":72,"column":12},"end":{"line":72,"column":31}},"line":72},"8":{"name":"(anonymous_8)","decl":{"start":{"line":73,"column":10},"end":{"line":73,"column":11}},"loc":{"start":{"line":73,"column":15},"end":{"line":73,"column":16}},"line":73},"9":{"name":"(anonymous_9)","decl":{"start":{"line":75,"column":7},"end":{"line":75,"column":8}},"loc":{"start":{"line":75,"column":12},"end":{"line":75,"column":47}},"line":75},"10":{"name":"(anonymous_10)","decl":{"start":{"line":75,"column":36},"end":{"line":75,"column":37}},"loc":{"start":{"line":75,"column":42},"end":{"line":75,"column":43}},"line":75},"11":{"name":"(anonymous_11)","decl":{"start":{"line":76,"column":7},"end":{"line":76,"column":8}},"loc":{"start":{"line":76,"column":12},"end":{"line":76,"column":45}},"line":76},"12":{"name":"getCodeSplitMeta","decl":{"start":{"line":88,"column":16},"end":{"line":88,"column":32}},"loc":{"start":{"line":88,"column":48},"end":{"line":93,"column":1}},"line":88},"13":{"name":"(anonymous_13)","decl":{"start":{"line":90,"column":7},"end":{"line":90,"column":8}},"loc":{"start":{"line":90,"column":12},"end":{"line":90,"column":18}},"line":90},"14":{"name":"(anonymous_14)","decl":{"start":{"line":91,"column":10},"end":{"line":91,"column":11}},"loc":{"start":{"line":91,"column":15},"end":{"line":91,"column":16}},"line":91},"15":{"name":"(anonymous_15)","decl":{"start":{"line":92,"column":7},"end":{"line":92,"column":8}},"loc":{"start":{"line":92,"column":12},"end":{"line":92,"column":45}},"line":92},"16":{"name":"updateMeta","decl":{"start":{"line":98,"column":16},"end":{"line":98,"column":26}},"loc":{"start":{"line":98,"column":61},"end":{"line":133,"column":1}},"line":98},"17":{"name":"(anonymous_17)","decl":{"start":{"line":119,"column":11},"end":{"line":119,"column":12}},"loc":{"start":{"line":119,"column":29},"end":{"line":123,"column":3}},"line":119},"18":{"name":"generateMetaTagsMarkup","decl":{"start":{"line":140,"column":16},"end":{"line":140,"column":38}},"loc":{"start":{"line":140,"column":45},"end":{"line":155,"column":1}},"line":140},"19":{"name":"(anonymous_19)","decl":{"start":{"line":153,"column":11},"end":{"line":153,"column":12}},"loc":{"start":{"line":153,"column":29},"end":{"line":153,"column":62}},"line":153},"20":{"name":"generateMetaTagMarkup","decl":{"start":{"line":163,"column":9},"end":{"line":163,"column":30}},"loc":{"start":{"line":163,"column":44},"end":{"line":170,"column":1}},"line":163},"21":{"name":"getMetaKeyAliases","decl":{"start":{"line":178,"column":9},"end":{"line":178,"column":26}},"loc":{"start":{"line":178,"column":32},"end":{"line":222,"column":1}},"line":178},"22":{"name":"updateMetaTag","decl":{"start":{"line":229,"column":9},"end":{"line":229,"column":22}},"loc":{"start":{"line":229,"column":57},"end":{"line":245,"column":1}},"line":229},"23":{"name":"escapeHTML","decl":{"start":{"line":251,"column":9},"end":{"line":251,"column":19}},"loc":{"start":{"line":251,"column":28},"end":{"line":259,"column":1}},"line":251},"24":{"name":"normalizeMetaKeys","decl":{"start":{"line":267,"column":9},"end":{"line":267,"column":26}},"loc":{"start":{"line":267,"column":33},"end":{"line":274,"column":1}},"line":267},"25":{"name":"(anonymous_25)","decl":{"start":{"line":268,"column":33},"end":{"line":268,"column":34}},"loc":{"start":{"line":268,"column":47},"end":{"line":273,"column":2}},"line":268},"26":{"name":"normalizeMeta","decl":{"start":{"line":276,"column":9},"end":{"line":276,"column":22}},"loc":{"start":{"line":276,"column":29},"end":{"line":278,"column":1}},"line":276},"27":{"name":"dropUndefinedProperties","decl":{"start":{"line":280,"column":16},"end":{"line":280,"column":39}},"loc":{"start":{"line":280,"column":48},"end":{"line":294,"column":1}},"line":280},"28":{"name":"(anonymous_28)","decl":{"start":{"line":284,"column":22},"end":{"line":284,"column":23}},"loc":{"start":{"line":284,"column":42},"end":{"line":289,"column":4}},"line":284},"29":{"name":"convertMeta","decl":{"start":{"line":300,"column":16},"end":{"line":300,"column":27}},"loc":{"start":{"line":300,"column":34},"end":{"line":313,"column":1}},"line":300},"30":{"name":"(anonymous_30)","decl":{"start":{"line":303,"column":31},"end":{"line":303,"column":32}},"loc":{"start":{"line":303,"column":38},"end":{"line":303,"column":54}},"line":303},"31":{"name":"(anonymous_31)","decl":{"start":{"line":306,"column":11},"end":{"line":306,"column":12}},"loc":{"start":{"line":306,"column":25},"end":{"line":311,"column":3}},"line":306},"32":{"name":"expandArrays","decl":{"start":{"line":323,"column":16},"end":{"line":323,"column":28}},"loc":{"start":{"line":323,"column":35},"end":{"line":328,"column":1}},"line":323},"33":{"name":"(anonymous_33)","decl":{"start":{"line":325,"column":21},"end":{"line":325,"column":22}},"loc":{"start":{"line":325,"column":30},"end":{"line":325,"column":46}},"line":325},"34":{"name":"expandObjects","decl":{"start":{"line":333,"column":16},"end":{"line":333,"column":29}},"loc":{"start":{"line":333,"column":36},"end":{"line":346,"column":1}},"line":333},"35":{"name":"(anonymous_35)","decl":{"start":{"line":337,"column":9},"end":{"line":337,"column":10}},"loc":{"start":{"line":337,"column":18},"end":{"line":340,"column":5}},"line":337},"36":{"name":"convertOpenGraphLocaleToLanguageTag","decl":{"start":{"line":348,"column":16},"end":{"line":348,"column":51}},"loc":{"start":{"line":348,"column":62},"end":{"line":350,"column":1}},"line":348}},"branchMap":{"0":{"loc":{"start":{"line":53,"column":1},"end":{"line":58,"column":2}},"type":"if","locations":[{"start":{"line":53,"column":1},"end":{"line":58,"column":2}},{"start":{},"end":{}}],"line":53},"1":{"loc":{"start":{"line":53,"column":5},"end":{"line":53,"column":32}},"type":"binary-expr","locations":[{"start":{"line":53,"column":5},"end":{"line":53,"column":16}},{"start":{"line":53,"column":20},"end":{"line":53,"column":32}}],"line":53},"2":{"loc":{"start":{"line":55,"column":2},"end":{"line":57,"column":3}},"type":"if","locations":[{"start":{"line":55,"column":2},"end":{"line":57,"column":3}},{"start":{},"end":{}}],"line":55},"3":{"loc":{"start":{"line":75,"column":12},"end":{"line":75,"column":47}},"type":"cond-expr","locations":[{"start":{"line":75,"column":36},"end":{"line":75,"column":43}},{"start":{"line":75,"column":46},"end":{"line":75,"column":47}}],"line":75},"4":{"loc":{"start":{"line":98,"column":33},"end":{"line":98,"column":59}},"type":"default-arg","locations":[{"start":{"line":98,"column":44},"end":{"line":98,"column":59}}],"line":98},"5":{"loc":{"start":{"line":107,"column":1},"end":{"line":109,"column":2}},"type":"if","locations":[{"start":{"line":107,"column":1},"end":{"line":109,"column":2}},{"start":{},"end":{}}],"line":107},"6":{"loc":{"start":{"line":107,"column":5},"end":{"line":107,"column":43}},"type":"binary-expr","locations":[{"start":{"line":107,"column":5},"end":{"line":107,"column":10}},{"start":{"line":107,"column":14},"end":{"line":107,"column":43}}],"line":107},"7":{"loc":{"start":{"line":112,"column":1},"end":{"line":114,"column":2}},"type":"if","locations":[{"start":{"line":112,"column":1},"end":{"line":114,"column":2}},{"start":{},"end":{}}],"line":112},"8":{"loc":{"start":{"line":120,"column":3},"end":{"line":122,"column":4}},"type":"if","locations":[{"start":{"line":120,"column":3},"end":{"line":122,"column":4}},{"start":{},"end":{}}],"line":120},"9":{"loc":{"start":{"line":149,"column":31},"end":{"line":149,"column":62}},"type":"binary-expr","locations":[{"start":{"line":149,"column":31},"end":{"line":149,"column":38}},{"start":{"line":149,"column":42},"end":{"line":149,"column":62}}],"line":149},"10":{"loc":{"start":{"line":150,"column":23},"end":{"line":150,"column":34}},"type":"binary-expr","locations":[{"start":{"line":150,"column":23},"end":{"line":150,"column":28}},{"start":{"line":150,"column":32},"end":{"line":150,"column":34}}],"line":150},"11":{"loc":{"start":{"line":164,"column":1},"end":{"line":168,"column":2}},"type":"if","locations":[{"start":{"line":164,"column":1},"end":{"line":168,"column":2}},{"start":{"line":166,"column":8},"end":{"line":168,"column":2}}],"line":164},"12":{"loc":{"start":{"line":164,"column":5},"end":{"line":164,"column":60}},"type":"binary-expr","locations":[{"start":{"line":164,"column":5},"end":{"line":164,"column":31}},{"start":{"line":164,"column":35},"end":{"line":164,"column":60}}],"line":164},"13":{"loc":{"start":{"line":179,"column":1},"end":{"line":221,"column":2}},"type":"switch","locations":[{"start":{"line":183,"column":2},"end":{"line":184,"column":12}},{"start":{"line":192,"column":2},"end":{"line":193,"column":28}},{"start":{"line":194,"column":2},"end":{"line":195,"column":26}},{"start":{"line":196,"column":2},"end":{"line":196,"column":19}},{"start":{"line":207,"column":2},"end":{"line":207,"column":15}},{"start":{"line":210,"column":2},"end":{"line":210,"column":15}},{"start":{"line":211,"column":2},"end":{"line":211,"column":16}},{"start":{"line":212,"column":2},"end":{"line":212,"column":14}},{"start":{"line":213,"column":2},"end":{"line":213,"column":13}},{"start":{"line":214,"column":2},"end":{"line":214,"column":15}},{"start":{"line":215,"column":2},"end":{"line":216,"column":23}},{"start":{"line":217,"column":2},"end":{"line":218,"column":33}},{"start":{"line":219,"column":2},"end":{"line":220,"column":27}}],"line":179},"14":{"loc":{"start":{"line":233,"column":2},"end":{"line":242,"column":3}},"type":"if","locations":[{"start":{"line":233,"column":2},"end":{"line":242,"column":3}},{"start":{},"end":{}}],"line":233},"15":{"loc":{"start":{"line":235,"column":3},"end":{"line":237,"column":4}},"type":"if","locations":[{"start":{"line":235,"column":3},"end":{"line":237,"column":4}},{"start":{},"end":{}}],"line":235},"16":{"loc":{"start":{"line":252,"column":8},"end":{"line":258,"column":25}},"type":"binary-expr","locations":[{"start":{"line":252,"column":8},"end":{"line":252,"column":14}},{"start":{"line":252,"column":18},"end":{"line":258,"column":25}}],"line":252},"17":{"loc":{"start":{"line":283,"column":2},"end":{"line":291,"column":3}},"type":"if","locations":[{"start":{"line":283,"column":2},"end":{"line":291,"column":3}},{"start":{},"end":{}}],"line":283},"18":{"loc":{"start":{"line":285,"column":4},"end":{"line":287,"column":5}},"type":"if","locations":[{"start":{"line":285,"column":4},"end":{"line":287,"column":5}},{"start":{},"end":{}}],"line":285},"19":{"loc":{"start":{"line":302,"column":1},"end":{"line":304,"column":2}},"type":"if","locations":[{"start":{"line":302,"column":1},"end":{"line":304,"column":2}},{"start":{},"end":{}}],"line":302},"20":{"loc":{"start":{"line":324,"column":1},"end":{"line":326,"column":2}},"type":"if","locations":[{"start":{"line":324,"column":1},"end":{"line":326,"column":2}},{"start":{},"end":{}}],"line":324},"21":{"loc":{"start":{"line":334,"column":1},"end":{"line":344,"column":2}},"type":"if","locations":[{"start":{"line":334,"column":1},"end":{"line":344,"column":2}},{"start":{},"end":{}}],"line":334},"22":{"loc":{"start":{"line":338,"column":5},"end":{"line":338,"column":48}},"type":"cond-expr","locations":[{"start":{"line":338,"column":19},"end":{"line":338,"column":26}},{"start":{"line":338,"column":29},"end":{"line":338,"column":48}}],"line":338}},"s":{"0":1,"1":1,"2":1,"3":0,"4":0,"5":0,"6":0,"7":0,"8":0,"9":0,"10":0,"11":0,"12":0,"13":0,"14":0,"15":0,"16":0,"17":0,"18":0,"19":0,"20":0,"21":0,"22":0,"23":0,"24":0,"25":5,"26":5,"27":5,"28":5,"29":1,"30":5,"31":2,"32":5,"33":11,"34":10,"35":5,"36":5,"37":10,"38":2,"39":2,"40":2,"41":9,"42":9,"43":0,"44":9,"45":9,"46":19,"47":3,"48":2,"49":1,"50":5,"51":2,"52":6,"53":13,"54":13,"55":28,"56":28,"57":3,"58":2,"59":3,"60":3,"61":25,"62":19,"63":7,"64":19,"65":18,"66":19,"67":7,"68":0,"69":0,"70":0,"71":0,"72":0,"73":0,"74":0,"75":0,"76":8,"77":1,"78":1,"79":8,"80":19,"81":22,"82":5,"83":10,"84":17,"85":41,"86":6,"87":17,"88":35,"89":2},"f":{"0":0,"1":0,"2":0,"3":0,"4":0,"5":0,"6":0,"7":0,"8":0,"9":0,"10":0,"11":0,"12":0,"13":0,"14":0,"15":0,"16":5,"17":11,"18":2,"19":9,"20":9,"21":19,"22":13,"23":19,"24":7,"25":19,"26":7,"27":0,"28":0,"29":8,"30":1,"31":19,"32":22,"33":10,"34":41,"35":17,"36":2},"b":{"0":[0,0],"1":[0,0],"2":[0,0],"3":[0,0],"4":[0],"5":[1,4],"6":[5,1],"7":[2,3],"8":[10,1],"9":[2,1],"10":[2,1],"11":[0,9],"12":[9,9],"13":[3,2,1,1,3,3,5,5,5,5,5,2,6],"14":[3,25],"15":[2,1],"16":[19,18],"17":[0,0],"18":[0,0],"19":[1,7],"20":[5,17],"21":[6,35],"22":[2,15]},"_coverageSchema":"1a1c01bbd47fc00a2c39e90264f33305004495a9","hash":"a4e1282921c032cf5a66d1ee9ec29f4f9d34f758","contentHash":"676990ed43c424cc2ad0ba6744ae8bf9d41cd20698dfe2ee6f9f77a686e520c0"},"c:\\dev\\react-pages\\source\\meta\\TestDocument.js":{"path":"c:\\dev\\react-pages\\source\\meta\\TestDocument.js","statementMap":{"0":{"start":{"line":5,"column":2},"end":{"line":5,"column":18}},"1":{"start":{"line":11,"column":2},"end":{"line":11,"column":26}},"2":{"start":{"line":16,"column":2},"end":{"line":16,"column":19}},"3":{"start":{"line":21,"column":2},"end":{"line":21,"column":20}},"4":{"start":{"line":26,"column":2},"end":{"line":26,"column":31}},"5":{"start":{"line":31,"column":2},"end":{"line":31,"column":25}},"6":{"start":{"line":36,"column":2},"end":{"line":36,"column":16}},"7":{"start":{"line":41,"column":2},"end":{"line":41,"column":17}},"8":{"start":{"line":44,"column":17},"end":{"line":47,"column":2}},"9":{"start":{"line":46,"column":2},"end":{"line":46,"column":47}},"10":{"start":{"line":46,"column":36},"end":{"line":46,"column":46}}},"fnMap":{"0":{"name":"(anonymous_0)","decl":{"start":{"line":3,"column":1},"end":{"line":3,"column":2}},"loc":{"start":{"line":4,"column":1},"end":{"line":6,"column":2}},"line":4},"1":{"name":"(anonymous_1)","decl":{"start":{"line":9,"column":1},"end":{"line":9,"column":2}},"loc":{"start":{"line":10,"column":1},"end":{"line":12,"column":2}},"line":10},"2":{"name":"(anonymous_2)","decl":{"start":{"line":14,"column":1},"end":{"line":14,"column":2}},"loc":{"start":{"line":15,"column":1},"end":{"line":17,"column":2}},"line":15},"3":{"name":"(anonymous_3)","decl":{"start":{"line":19,"column":1},"end":{"line":19,"column":2}},"loc":{"start":{"line":20,"column":1},"end":{"line":22,"column":2}},"line":20},"4":{"name":"(anonymous_4)","decl":{"start":{"line":24,"column":1},"end":{"line":24,"column":2}},"loc":{"start":{"line":25,"column":1},"end":{"line":27,"column":2}},"line":25},"5":{"name":"(anonymous_5)","decl":{"start":{"line":29,"column":1},"end":{"line":29,"column":2}},"loc":{"start":{"line":30,"column":1},"end":{"line":32,"column":2}},"line":30},"6":{"name":"(anonymous_6)","decl":{"start":{"line":34,"column":1},"end":{"line":34,"column":2}},"loc":{"start":{"line":35,"column":1},"end":{"line":37,"column":2}},"line":35},"7":{"name":"(anonymous_7)","decl":{"start":{"line":39,"column":1},"end":{"line":39,"column":2}},"loc":{"start":{"line":40,"column":1},"end":{"line":42,"column":2}},"line":40},"8":{"name":"(anonymous_8)","decl":{"start":{"line":44,"column":17},"end":{"line":44,"column":18}},"loc":{"start":{"line":45,"column":1},"end":{"line":47,"column":2}},"line":45},"9":{"name":"(anonymous_9)","decl":{"start":{"line":46,"column":31},"end":{"line":46,"column":32}},"loc":{"start":{"line":46,"column":36},"end":{"line":46,"column":46}},"line":46}},"branchMap":{"0":{"loc":{"start":{"line":3,"column":13},"end":{"line":3,"column":22}},"type":"default-arg","locations":[{"start":{"line":3,"column":20},"end":{"line":3,"column":22}}],"line":3}},"s":{"0":5,"1":10,"2":3,"3":1,"4":10,"5":28,"6":3,"7":2,"8":5,"9":4,"10":8},"f":{"0":5,"1":10,"2":3,"3":1,"4":10,"5":28,"6":3,"7":2,"8":4,"9":8},"b":{"0":[1]},"_coverageSchema":"1a1c01bbd47fc00a2c39e90264f33305004495a9","hash":"b8dfed262ebca6bad4779974a883b5894defea16","contentHash":"ee6b9634e92a8656b7f29995ccb17b758e0d31693918456c09f69a62fddf1ad8"},"c:\\dev\\react-pages\\source\\helpers.js":{"path":"c:\\dev\\react-pages\\source\\helpers.js","statementMap":{"0":{"start":{"line":2,"column":22},"end":{"line":2,"column":57}},"1":{"start":{"line":2,"column":30},"end":{"line":2,"column":57}},"2":{"start":{"line":5,"column":27},"end":{"line":5,"column":41}},"3":{"start":{"line":10,"column":1},"end":{"line":10,"column":88}},"4":{"start":{"line":70,"column":20},"end":{"line":70,"column":60}},"5":{"start":{"line":71,"column":1},"end":{"line":71,"column":23}},"6":{"start":{"line":72,"column":1},"end":{"line":72,"column":38}},"7":{"start":{"line":77,"column":1},"end":{"line":88,"column":2}},"8":{"start":{"line":79,"column":2},"end":{"line":79,"column":26}},"9":{"start":{"line":81,"column":6},"end":{"line":88,"column":2}},"10":{"start":{"line":83,"column":2},"end":{"line":83,"column":34}},"11":{"start":{"line":83,"column":25},"end":{"line":83,"column":33}},"12":{"start":{"line":87,"column":2},"end":{"line":87,"column":15}},"13":{"start":{"line":94,"column":1},"end":{"line":121,"column":2}},"14":{"start":{"line":96,"column":2},"end":{"line":120,"column":3}},"15":{"start":{"line":110,"column":25},"end":{"line":113,"column":5}},"16":{"start":{"line":112,"column":4},"end":{"line":112,"column":38}},"17":{"start":{"line":115,"column":3},"end":{"line":119,"column":4}},"18":{"start":{"line":117,"column":4},"end":{"line":117,"column":39}},"19":{"start":{"line":118,"column":4},"end":{"line":118,"column":22}},"20":{"start":{"line":123,"column":1},"end":{"line":123,"column":14}},"21":{"start":{"line":128,"column":18},"end":{"line":128,"column":58}},"22":{"start":{"line":129,"column":1},"end":{"line":129,"column":40}},"23":{"start":{"line":134,"column":16},"end":{"line":134,"column":52}},"24":{"start":{"line":135,"column":1},"end":{"line":135,"column":40}},"25":{"start":{"line":140,"column":1},"end":{"line":140,"column":39}},"26":{"start":{"line":145,"column":9},"end":{"line":145,"column":22}},"27":{"start":{"line":146,"column":9},"end":{"line":146,"column":25}},"28":{"start":{"line":148,"column":1},"end":{"line":151,"column":2}},"29":{"start":{"line":150,"column":2},"end":{"line":150,"column":14}},"30":{"start":{"line":153,"column":1},"end":{"line":162,"column":2}},"31":{"start":{"line":155,"column":2},"end":{"line":155,"column":5}},"32":{"start":{"line":156,"column":2},"end":{"line":156,"column":5}},"33":{"start":{"line":158,"column":2},"end":{"line":161,"column":3}},"34":{"start":{"line":160,"column":3},"end":{"line":160,"column":15}},"35":{"start":{"line":164,"column":1},"end":{"line":164,"column":12}},"36":{"start":{"line":172,"column":1},"end":{"line":172,"column":26}},"37":{"start":{"line":177,"column":1},"end":{"line":177,"column":24}},"38":{"start":{"line":183,"column":14},"end":{"line":183,"column":16}},"39":{"start":{"line":184,"column":1},"end":{"line":188,"column":2}},"40":{"start":{"line":186,"column":2},"end":{"line":186,"column":16}},"41":{"start":{"line":187,"column":2},"end":{"line":187,"column":9}},"42":{"start":{"line":189,"column":1},"end":{"line":189,"column":14}},"43":{"start":{"line":195,"column":1},"end":{"line":195,"column":49}},"44":{"start":{"line":201,"column":1},"end":{"line":204,"column":3}},"45":{"start":{"line":203,"column":2},"end":{"line":203,"column":29}}},"fnMap":{"0":{"name":"(anonymous_0)","decl":{"start":{"line":2,"column":22},"end":{"line":2,"column":23}},"loc":{"start":{"line":2,"column":30},"end":{"line":2,"column":57}},"line":2},"1":{"name":"isObject","decl":{"start":{"line":8,"column":16},"end":{"line":8,"column":24}},"loc":{"start":{"line":9,"column":0},"end":{"line":11,"column":1}},"line":9},"2":{"name":"merge","decl":{"start":{"line":68,"column":16},"end":{"line":68,"column":21}},"loc":{"start":{"line":69,"column":0},"end":{"line":73,"column":1}},"line":69},"3":{"name":"clone","decl":{"start":{"line":75,"column":16},"end":{"line":75,"column":21}},"loc":{"start":{"line":76,"column":0},"end":{"line":89,"column":1}},"line":76},"4":{"name":"(anonymous_4)","decl":{"start":{"line":83,"column":20},"end":{"line":83,"column":21}},"loc":{"start":{"line":83,"column":25},"end":{"line":83,"column":33}},"line":83},"5":{"name":"convert_from_camel_case","decl":{"start":{"line":92,"column":16},"end":{"line":92,"column":39}},"loc":{"start":{"line":93,"column":0},"end":{"line":124,"column":1}},"line":93},"6":{"name":"(anonymous_6)","decl":{"start":{"line":110,"column":49},"end":{"line":110,"column":50}},"loc":{"start":{"line":111,"column":3},"end":{"line":113,"column":4}},"line":111},"7":{"name":"escape_regexp","decl":{"start":{"line":126,"column":9},"end":{"line":126,"column":22}},"loc":{"start":{"line":127,"column":0},"end":{"line":130,"column":1}},"line":127},"8":{"name":"replace_all","decl":{"start":{"line":132,"column":16},"end":{"line":132,"column":27}},"loc":{"start":{"line":133,"column":0},"end":{"line":136,"column":1}},"line":133},"9":{"name":"starts_with","decl":{"start":{"line":138,"column":16},"end":{"line":138,"column":27}},"loc":{"start":{"line":139,"column":0},"end":{"line":141,"column":1}},"line":139},"10":{"name":"ends_with","decl":{"start":{"line":143,"column":16},"end":{"line":143,"column":25}},"loc":{"start":{"line":144,"column":0},"end":{"line":168,"column":1}},"line":144},"11":{"name":"is_empty","decl":{"start":{"line":170,"column":16},"end":{"line":170,"column":24}},"loc":{"start":{"line":171,"column":0},"end":{"line":173,"column":1}},"line":171},"12":{"name":"not_empty","decl":{"start":{"line":175,"column":16},"end":{"line":175,"column":25}},"loc":{"start":{"line":176,"column":0},"end":{"line":178,"column":1}},"line":176},"13":{"name":"repeat","decl":{"start":{"line":181,"column":16},"end":{"line":181,"column":22}},"loc":{"start":{"line":182,"column":0},"end":{"line":190,"column":1}},"line":182},"14":{"name":"is_blank","decl":{"start":{"line":193,"column":16},"end":{"line":193,"column":24}},"loc":{"start":{"line":194,"column":0},"end":{"line":196,"column":1}},"line":194},"15":{"name":"zip","decl":{"start":{"line":199,"column":16},"end":{"line":199,"column":19}},"loc":{"start":{"line":200,"column":0},"end":{"line":205,"column":1}},"line":200},"16":{"name":"(anonymous_16)","decl":{"start":{"line":201,"column":14},"end":{"line":201,"column":15}},"loc":{"start":{"line":202,"column":1},"end":{"line":204,"column":2}},"line":202}},"branchMap":{"0":{"loc":{"start":{"line":10,"column":8},"end":{"line":10,"column":88}},"type":"binary-expr","locations":[{"start":{"line":10,"column":8},"end":{"line":10,"column":22}},{"start":{"line":10,"column":27},"end":{"line":10,"column":42}},{"start":{"line":10,"column":47},"end":{"line":10,"column":88}}],"line":10},"1":{"loc":{"start":{"line":77,"column":1},"end":{"line":88,"column":2}},"type":"if","locations":[{"start":{"line":77,"column":1},"end":{"line":88,"column":2}},{"start":{"line":81,"column":6},"end":{"line":88,"column":2}}],"line":77},"2":{"loc":{"start":{"line":81,"column":6},"end":{"line":88,"column":2}},"type":"if","locations":[{"start":{"line":81,"column":6},"end":{"line":88,"column":2}},{"start":{"line":86,"column":1},"end":{"line":88,"column":2}}],"line":81},"3":{"loc":{"start":{"line":96,"column":2},"end":{"line":120,"column":3}},"type":"if","locations":[{"start":{"line":96,"column":2},"end":{"line":120,"column":3}},{"start":{},"end":{}}],"line":96},"4":{"loc":{"start":{"line":115,"column":3},"end":{"line":119,"column":4}},"type":"if","locations":[{"start":{"line":115,"column":3},"end":{"line":119,"column":4}},{"start":{},"end":{}}],"line":115},"5":{"loc":{"start":{"line":148,"column":1},"end":{"line":151,"column":2}},"type":"if","locations":[{"start":{"line":148,"column":1},"end":{"line":151,"column":2}},{"start":{},"end":{}}],"line":148},"6":{"loc":{"start":{"line":158,"column":2},"end":{"line":161,"column":3}},"type":"if","locations":[{"start":{"line":158,"column":2},"end":{"line":161,"column":3}},{"start":{},"end":{}}],"line":158},"7":{"loc":{"start":{"line":195,"column":8},"end":{"line":195,"column":49}},"type":"binary-expr","locations":[{"start":{"line":195,"column":8},"end":{"line":195,"column":21}},{"start":{"line":195,"column":25},"end":{"line":195,"column":49}}],"line":195}},"s":{"0":1,"1":20,"2":1,"3":20,"4":0,"5":0,"6":0,"7":0,"8":0,"9":0,"10":0,"11":0,"12":0,"13":0,"14":0,"15":0,"16":0,"17":0,"18":0,"19":0,"20":0,"21":0,"22":0,"23":0,"24":0,"25":0,"26":0,"27":0,"28":0,"29":0,"30":0,"31":0,"32":0,"33":0,"34":0,"35":0,"36":0,"37":0,"38":0,"39":0,"40":0,"41":0,"42":0,"43":0,"44":0,"45":0},"f":{"0":20,"1":20,"2":0,"3":0,"4":0,"5":0,"6":0,"7":0,"8":0,"9":0,"10":0,"11":0,"12":0,"13":0,"14":0,"15":0,"16":0},"b":{"0":[20,20,20],"1":[0,0],"2":[0,0],"3":[0,0],"4":[0,0],"5":[0,0],"6":[0,0],"7":[0,0]},"_coverageSchema":"1a1c01bbd47fc00a2c39e90264f33305004495a9","hash":"d1b8714a3f6f5dc1d50e856460bc6fe4ebce5870","contentHash":"feea484d7915b92e44a82696e134df07f34b0361ffc8a043f9f02b426fe2349d"},"c:\\dev\\react-pages\\source\\parseDates.js":{"path":"c:\\dev\\react-pages\\source\\parseDates.js","statementMap":{"0":{"start":{"line":6,"column":14},"end":{"line":6,"column":32}},"1":{"start":{"line":7,"column":16},"end":{"line":7,"column":26}},"2":{"start":{"line":8,"column":23},"end":{"line":8,"column":32}},"3":{"start":{"line":9,"column":16},"end":{"line":9,"column":26}},"4":{"start":{"line":10,"column":21},"end":{"line":10,"column":27}},"5":{"start":{"line":11,"column":13},"end":{"line":11,"column":93}},"6":{"start":{"line":13,"column":23},"end":{"line":13,"column":41}},"7":{"start":{"line":14,"column":25},"end":{"line":14,"column":35}},"8":{"start":{"line":15,"column":17},"end":{"line":15,"column":77}},"9":{"start":{"line":17,"column":13},"end":{"line":17,"column":21}},"10":{"start":{"line":18,"column":14},"end":{"line":18,"column":31}},"11":{"start":{"line":19,"column":12},"end":{"line":19,"column":36}},"12":{"start":{"line":21,"column":31},"end":{"line":21,"column":75}},"13":{"start":{"line":22,"column":32},"end":{"line":22,"column":71}},"14":{"start":{"line":40,"column":1},"end":{"line":65,"column":2}},"15":{"start":{"line":42,"column":2},"end":{"line":42,"column":25}},"16":{"start":{"line":46,"column":6},"end":{"line":65,"column":2}},"17":{"start":{"line":48,"column":10},"end":{"line":48,"column":11}},"18":{"start":{"line":49,"column":2},"end":{"line":53,"column":3}},"19":{"start":{"line":51,"column":3},"end":{"line":51,"column":36}},"20":{"start":{"line":52,"column":3},"end":{"line":52,"column":6}},"21":{"start":{"line":58,"column":6},"end":{"line":65,"column":2}},"22":{"start":{"line":60,"column":2},"end":{"line":64,"column":3}},"23":{"start":{"line":63,"column":3},"end":{"line":63,"column":40}},"24":{"start":{"line":68,"column":1},"end":{"line":68,"column":14}}},"fnMap":{"0":{"name":"parseDates","decl":{"start":{"line":37,"column":24},"end":{"line":37,"column":34}},"loc":{"start":{"line":38,"column":0},"end":{"line":69,"column":1}},"line":38}},"branchMap":{"0":{"loc":{"start":{"line":40,"column":1},"end":{"line":65,"column":2}},"type":"if","locations":[{"start":{"line":40,"column":1},"end":{"line":65,"column":2}},{"start":{"line":46,"column":6},"end":{"line":65,"column":2}}],"line":40},"1":{"loc":{"start":{"line":40,"column":5},"end":{"line":40,"column":64}},"type":"binary-expr","locations":[{"start":{"line":40,"column":5},"end":{"line":40,"column":31}},{"start":{"line":40,"column":35},"end":{"line":40,"column":64}}],"line":40},"2":{"loc":{"start":{"line":46,"column":6},"end":{"line":65,"column":2}},"type":"if","locations":[{"start":{"line":46,"column":6},"end":{"line":65,"column":2}},{"start":{"line":58,"column":6},"end":{"line":65,"column":2}}],"line":46},"3":{"loc":{"start":{"line":58,"column":6},"end":{"line":65,"column":2}},"type":"if","locations":[{"start":{"line":58,"column":6},"end":{"line":65,"column":2}},{"start":{},"end":{}}],"line":58}},"s":{"0":1,"1":1,"2":1,"3":1,"4":1,"5":1,"6":1,"7":1,"8":1,"9":1,"10":1,"11":1,"12":1,"13":1,"14":33,"15":11,"16":22,"17":2,"18":2,"19":29,"20":29,"21":20,"22":1,"23":3,"24":22},"f":{"0":33},"b":{"0":[11,22],"1":[33,30],"2":[2,20],"3":[1,19]},"_coverageSchema":"1a1c01bbd47fc00a2c39e90264f33305004495a9","hash":"dbe095cd0ab006272b3b4a8d3a5215415b83ff48","contentHash":"7691a6e1d9b68a3fff33b46b0f63787af80180dca6ac140ea8aa0967f758b8dd"},"c:\\dev\\react-pages\\source\\client\\flags.js":{"path":"c:\\dev\\react-pages\\source\\client\\flags.js","statementMap":{"0":{"start":{"line":2,"column":1},"end":{"line":2,"column":70}},"1":{"start":{"line":6,"column":1},"end":{"line":6,"column":71}}},"fnMap":{"0":{"name":"isServerSidePreloaded","decl":{"start":{"line":1,"column":16},"end":{"line":1,"column":37}},"loc":{"start":{"line":1,"column":40},"end":{"line":3,"column":1}},"line":1},"1":{"name":"isServerSideRendered","decl":{"start":{"line":5,"column":16},"end":{"line":5,"column":36}},"loc":{"start":{"line":5,"column":39},"end":{"line":7,"column":1}},"line":5}},"branchMap":{"0":{"loc":{"start":{"line":2,"column":8},"end":{"line":2,"column":70}},"type":"binary-expr","locations":[{"start":{"line":2,"column":8},"end":{"line":2,"column":34}},{"start":{"line":2,"column":38},"end":{"line":2,"column":70}}],"line":2},"1":{"loc":{"start":{"line":6,"column":8},"end":{"line":6,"column":71}},"type":"binary-expr","locations":[{"start":{"line":6,"column":8},"end":{"line":6,"column":34}},{"start":{"line":6,"column":38},"end":{"line":6,"column":71}}],"line":6}},"s":{"0":0,"1":0},"f":{"0":0,"1":0},"b":{"0":[0,0],"1":[0,0]},"_coverageSchema":"1a1c01bbd47fc00a2c39e90264f33305004495a9","hash":"53b8a3c10f94723e6caae60b776201985ab96c97","contentHash":"f350778c73802847fea6a90d9112f5e8e8f446d377c65d83a0b88b11021f688d"},"c:\\dev\\react-pages\\source\\redux\\preload\\chain.js":{"path":"c:\\dev\\react-pages\\source\\redux\\preload\\chain.js","statementMap":{"0":{"start":{"line":23,"column":1},"end":{"line":36,"column":2}},"1":{"start":{"line":40,"column":1},"end":{"line":40,"column":79}},"2":{"start":{"line":44,"column":15},"end":{"line":44,"column":43}},"3":{"start":{"line":47,"column":1},"end":{"line":49,"column":2}},"4":{"start":{"line":48,"column":2},"end":{"line":48,"column":8}},"5":{"start":{"line":52,"column":1},"end":{"line":52,"column":42}},"6":{"start":{"line":52,"column":14},"end":{"line":52,"column":42}},"7":{"start":{"line":59,"column":1},"end":{"line":63,"column":2}},"8":{"start":{"line":60,"column":2},"end":{"line":62,"column":3}},"9":{"start":{"line":61,"column":3},"end":{"line":61,"column":55}},"10":{"start":{"line":70,"column":17},"end":{"line":70,"column":34}},"11":{"start":{"line":71,"column":1},"end":{"line":71,"column":53}},"12":{"start":{"line":71,"column":27},"end":{"line":71,"column":53}},"13":{"start":{"line":75,"column":1},"end":{"line":77,"column":2}},"14":{"start":{"line":76,"column":2},"end":{"line":76,"column":33}},"15":{"start":{"line":85,"column":1},"end":{"line":85,"column":32}},"16":{"start":{"line":87,"column":1},"end":{"line":106,"column":3}},"17":{"start":{"line":89,"column":2},"end":{"line":105,"column":4}},"18":{"start":{"line":92,"column":3},"end":{"line":94,"column":4}},"19":{"start":{"line":93,"column":4},"end":{"line":93,"column":16}},"20":{"start":{"line":96,"column":3},"end":{"line":98,"column":4}},"21":{"start":{"line":97,"column":4},"end":{"line":97,"column":16}},"22":{"start":{"line":101,"column":3},"end":{"line":103,"column":4}},"23":{"start":{"line":102,"column":4},"end":{"line":102,"column":16}},"24":{"start":{"line":104,"column":3},"end":{"line":104,"column":14}},"25":{"start":{"line":108,"column":1},"end":{"line":108,"column":82}},"26":{"start":{"line":108,"column":50},"end":{"line":108,"column":81}},"27":{"start":{"line":120,"column":1},"end":{"line":130,"column":2}},"28":{"start":{"line":122,"column":2},"end":{"line":124,"column":3}},"29":{"start":{"line":123,"column":3},"end":{"line":123,"column":15}},"30":{"start":{"line":126,"column":2},"end":{"line":128,"column":3}},"31":{"start":{"line":127,"column":3},"end":{"line":127,"column":32}},"32":{"start":{"line":129,"column":2},"end":{"line":129,"column":35}},"33":{"start":{"line":134,"column":19},"end":{"line":134,"column":32}},"34":{"start":{"line":135,"column":1},"end":{"line":135,"column":33}},"35":{"start":{"line":137,"column":1},"end":{"line":144,"column":2}},"36":{"start":{"line":139,"column":2},"end":{"line":143,"column":3}},"37":{"start":{"line":146,"column":1},"end":{"line":153,"column":2}},"38":{"start":{"line":148,"column":2},"end":{"line":152,"column":3}},"39":{"start":{"line":155,"column":1},"end":{"line":159,"column":2}},"40":{"start":{"line":165,"column":1},"end":{"line":167,"column":2}},"41":{"start":{"line":166,"column":2},"end":{"line":166,"column":36}},"42":{"start":{"line":170,"column":1},"end":{"line":170,"column":25}},"43":{"start":{"line":176,"column":1},"end":{"line":191,"column":2}},"44":{"start":{"line":180,"column":2},"end":{"line":188,"column":3}},"45":{"start":{"line":184,"column":3},"end":{"line":187,"column":4}},"46":{"start":{"line":186,"column":4},"end":{"line":186,"column":15}},"47":{"start":{"line":190,"column":2},"end":{"line":190,"column":14}},"48":{"start":{"line":194,"column":1},"end":{"line":194,"column":41}},"49":{"start":{"line":200,"column":1},"end":{"line":202,"column":2}},"50":{"start":{"line":201,"column":2},"end":{"line":201,"column":16}},"51":{"start":{"line":204,"column":1},"end":{"line":207,"column":2}},"52":{"start":{"line":206,"column":2},"end":{"line":206,"column":77}},"53":{"start":{"line":206,"column":48},"end":{"line":206,"column":75}},"54":{"start":{"line":209,"column":1},"end":{"line":219,"column":19}},"55":{"start":{"line":211,"column":2},"end":{"line":217,"column":4}},"56":{"start":{"line":213,"column":3},"end":{"line":215,"column":4}},"57":{"start":{"line":214,"column":4},"end":{"line":214,"column":10}},"58":{"start":{"line":216,"column":3},"end":{"line":216,"column":37}},"59":{"start":{"line":224,"column":1},"end":{"line":227,"column":2}},"60":{"start":{"line":226,"column":2},"end":{"line":226,"column":29}},"61":{"start":{"line":229,"column":1},"end":{"line":229,"column":26}}},"fnMap":{"0":{"name":"generatePreloadChain","decl":{"start":{"line":8,"column":24},"end":{"line":8,"column":44}},"loc":{"start":{"line":20,"column":0},"end":{"line":53,"column":1}},"line":20},"1":{"name":"(anonymous_1)","decl":{"start":{"line":52,"column":8},"end":{"line":52,"column":9}},"loc":{"start":{"line":52,"column":14},"end":{"line":52,"column":42}},"line":52},"2":{"name":"setUpPreloaders","decl":{"start":{"line":57,"column":9},"end":{"line":57,"column":24}},"loc":{"start":{"line":58,"column":0},"end":{"line":64,"column":1}},"line":58},"3":{"name":"setUpPreloader","decl":{"start":{"line":68,"column":9},"end":{"line":68,"column":23}},"loc":{"start":{"line":69,"column":0},"end":{"line":78,"column":1}},"line":69},"4":{"name":"(anonymous_4)","decl":{"start":{"line":71,"column":21},"end":{"line":71,"column":22}},"loc":{"start":{"line":71,"column":27},"end":{"line":71,"column":53}},"line":71},"5":{"name":"filter_preloaders","decl":{"start":{"line":82,"column":16},"end":{"line":82,"column":33}},"loc":{"start":{"line":83,"column":0},"end":{"line":109,"column":1}},"line":83},"6":{"name":"(anonymous_6)","decl":{"start":{"line":87,"column":20},"end":{"line":87,"column":21}},"loc":{"start":{"line":88,"column":1},"end":{"line":106,"column":2}},"line":88},"7":{"name":"(anonymous_7)","decl":{"start":{"line":89,"column":39},"end":{"line":89,"column":40}},"loc":{"start":{"line":90,"column":2},"end":{"line":105,"column":3}},"line":90},"8":{"name":"(anonymous_8)","decl":{"start":{"line":108,"column":26},"end":{"line":108,"column":27}},"loc":{"start":{"line":108,"column":50},"end":{"line":108,"column":81}},"line":108},"9":{"name":"chain_preloaders","decl":{"start":{"line":117,"column":16},"end":{"line":117,"column":32}},"loc":{"start":{"line":118,"column":0},"end":{"line":160,"column":1}},"line":118},"10":{"name":"get_preloader","decl":{"start":{"line":162,"column":9},"end":{"line":162,"column":22}},"loc":{"start":{"line":163,"column":0},"end":{"line":171,"column":1}},"line":163},"11":{"name":"is_preloader_blocking","decl":{"start":{"line":173,"column":9},"end":{"line":173,"column":30}},"loc":{"start":{"line":174,"column":0},"end":{"line":195,"column":1}},"line":174},"12":{"name":"promisify","decl":{"start":{"line":198,"column":9},"end":{"line":198,"column":18}},"loc":{"start":{"line":199,"column":0},"end":{"line":220,"column":1}},"line":199},"13":{"name":"(anonymous_13)","decl":{"start":{"line":206,"column":40},"end":{"line":206,"column":41}},"loc":{"start":{"line":206,"column":48},"end":{"line":206,"column":75}},"line":206},"14":{"name":"(anonymous_14)","decl":{"start":{"line":209,"column":21},"end":{"line":209,"column":22}},"loc":{"start":{"line":210,"column":1},"end":{"line":218,"column":2}},"line":210},"15":{"name":"(anonymous_15)","decl":{"start":{"line":211,"column":22},"end":{"line":211,"column":23}},"loc":{"start":{"line":212,"column":2},"end":{"line":217,"column":3}},"line":212},"16":{"name":"concat","decl":{"start":{"line":222,"column":9},"end":{"line":222,"column":15}},"loc":{"start":{"line":223,"column":0},"end":{"line":230,"column":1}},"line":223}},"branchMap":{"0":{"loc":{"start":{"line":47,"column":1},"end":{"line":49,"column":2}},"type":"if","locations":[{"start":{"line":47,"column":1},"end":{"line":49,"column":2}},{"start":{},"end":{}}],"line":47},"1":{"loc":{"start":{"line":75,"column":1},"end":{"line":77,"column":2}},"type":"if","locations":[{"start":{"line":75,"column":1},"end":{"line":77,"column":2}},{"start":{},"end":{}}],"line":75},"2":{"loc":{"start":{"line":75,"column":5},"end":{"line":75,"column":40}},"type":"binary-expr","locations":[{"start":{"line":75,"column":5},"end":{"line":75,"column":12}},{"start":{"line":75,"column":16},"end":{"line":75,"column":40}}],"line":75},"3":{"loc":{"start":{"line":92,"column":3},"end":{"line":94,"column":4}},"type":"if","locations":[{"start":{"line":92,"column":3},"end":{"line":94,"column":4}},{"start":{},"end":{}}],"line":92},"4":{"loc":{"start":{"line":92,"column":7},"end":{"line":92,"column":41}},"type":"binary-expr","locations":[{"start":{"line":92,"column":7},"end":{"line":92,"column":31}},{"start":{"line":92,"column":35},"end":{"line":92,"column":41}}],"line":92},"5":{"loc":{"start":{"line":96,"column":3},"end":{"line":98,"column":4}},"type":"if","locations":[{"start":{"line":96,"column":3},"end":{"line":98,"column":4}},{"start":{},"end":{}}],"line":96},"6":{"loc":{"start":{"line":96,"column":7},"end":{"line":96,"column":42}},"type":"binary-expr","locations":[{"start":{"line":96,"column":7},"end":{"line":96,"column":31}},{"start":{"line":96,"column":35},"end":{"line":96,"column":42}}],"line":96},"7":{"loc":{"start":{"line":101,"column":3},"end":{"line":103,"column":4}},"type":"if","locations":[{"start":{"line":101,"column":3},"end":{"line":103,"column":4}},{"start":{},"end":{}}],"line":101},"8":{"loc":{"start":{"line":101,"column":7},"end":{"line":101,"column":62}},"type":"binary-expr","locations":[{"start":{"line":101,"column":7},"end":{"line":101,"column":33}},{"start":{"line":101,"column":37},"end":{"line":101,"column":62}}],"line":101},"9":{"loc":{"start":{"line":117,"column":45},"end":{"line":117,"column":55}},"type":"default-arg","locations":[{"start":{"line":117,"column":53},"end":{"line":117,"column":55}}],"line":117},"10":{"loc":{"start":{"line":117,"column":57},"end":{"line":117,"column":70}},"type":"default-arg","locations":[{"start":{"line":117,"column":68},"end":{"line":117,"column":70}}],"line":117},"11":{"loc":{"start":{"line":120,"column":1},"end":{"line":130,"column":2}},"type":"if","locations":[{"start":{"line":120,"column":1},"end":{"line":130,"column":2}},{"start":{},"end":{}}],"line":120},"12":{"loc":{"start":{"line":122,"column":2},"end":{"line":124,"column":3}},"type":"if","locations":[{"start":{"line":122,"column":2},"end":{"line":124,"column":3}},{"start":{},"end":{}}],"line":122},"13":{"loc":{"start":{"line":126,"column":2},"end":{"line":128,"column":3}},"type":"if","locations":[{"start":{"line":126,"column":2},"end":{"line":128,"column":3}},{"start":{},"end":{}}],"line":126},"14":{"loc":{"start":{"line":137,"column":1},"end":{"line":144,"column":2}},"type":"if","locations":[{"start":{"line":137,"column":1},"end":{"line":144,"column":2}},{"start":{},"end":{}}],"line":137},"15":{"loc":{"start":{"line":146,"column":1},"end":{"line":153,"column":2}},"type":"if","locations":[{"start":{"line":146,"column":1},"end":{"line":153,"column":2}},{"start":{},"end":{}}],"line":146},"16":{"loc":{"start":{"line":165,"column":1},"end":{"line":167,"column":2}},"type":"if","locations":[{"start":{"line":165,"column":1},"end":{"line":167,"column":2}},{"start":{},"end":{}}],"line":165},"17":{"loc":{"start":{"line":176,"column":1},"end":{"line":191,"column":2}},"type":"if","locations":[{"start":{"line":176,"column":1},"end":{"line":191,"column":2}},{"start":{},"end":{}}],"line":176},"18":{"loc":{"start":{"line":184,"column":3},"end":{"line":187,"column":4}},"type":"if","locations":[{"start":{"line":184,"column":3},"end":{"line":187,"column":4}},{"start":{},"end":{}}],"line":184},"19":{"loc":{"start":{"line":200,"column":1},"end":{"line":202,"column":2}},"type":"if","locations":[{"start":{"line":200,"column":1},"end":{"line":202,"column":2}},{"start":{},"end":{}}],"line":200},"20":{"loc":{"start":{"line":204,"column":1},"end":{"line":207,"column":2}},"type":"if","locations":[{"start":{"line":204,"column":1},"end":{"line":207,"column":2}},{"start":{},"end":{}}],"line":204},"21":{"loc":{"start":{"line":204,"column":5},"end":{"line":204,"column":48}},"type":"binary-expr","locations":[{"start":{"line":204,"column":5},"end":{"line":204,"column":30}},{"start":{"line":204,"column":34},"end":{"line":204,"column":48}}],"line":204},"22":{"loc":{"start":{"line":213,"column":3},"end":{"line":215,"column":4}},"type":"if","locations":[{"start":{"line":213,"column":3},"end":{"line":215,"column":4}},{"start":{},"end":{}}],"line":213},"23":{"loc":{"start":{"line":224,"column":1},"end":{"line":227,"column":2}},"type":"if","locations":[{"start":{"line":224,"column":1},"end":{"line":227,"column":2}},{"start":{},"end":{}}],"line":224},"24":{"loc":{"start":{"line":224,"column":5},"end":{"line":224,"column":43}},"type":"binary-expr","locations":[{"start":{"line":224,"column":5},"end":{"line":224,"column":24}},{"start":{"line":224,"column":28},"end":{"line":224,"column":43}}],"line":224}},"s":{"0":0,"1":0,"2":0,"3":0,"4":0,"5":0,"6":0,"7":0,"8":0,"9":0,"10":0,"11":0,"12":0,"13":0,"14":0,"15":3,"16":3,"17":6,"18":9,"19":1,"20":8,"21":2,"22":6,"23":1,"24":5,"25":3,"26":6,"27":113,"28":39,"29":3,"30":36,"31":25,"32":11,"33":74,"34":74,"35":74,"36":59,"37":15,"38":9,"39":6,"40":74,"41":29,"42":45,"43":74,"44":29,"45":44,"46":8,"47":21,"48":45,"49":0,"50":0,"51":0,"52":0,"53":0,"54":0,"55":0,"56":0,"57":0,"58":0,"59":74,"60":5,"61":69},"f":{"0":0,"1":0,"2":0,"3":0,"4":0,"5":3,"6":6,"7":9,"8":6,"9":113,"10":74,"11":74,"12":0,"13":0,"14":0,"15":0,"16":74},"b":{"0":[0,0],"1":[0,0],"2":[0,0],"3":[1,8],"4":[9,3],"5":[2,6],"6":[8,3],"7":[1,5],"8":[6,2],"9":[39],"10":[39],"11":[39,74],"12":[3,36],"13":[25,11],"14":[59,15],"15":[9,6],"16":[29,45],"17":[29,45],"18":[8,36],"19":[0,0],"20":[0,0],"21":[0,0],"22":[0,0],"23":[5,69],"24":[74,29]},"_coverageSchema":"1a1c01bbd47fc00a2c39e90264f33305004495a9","hash":"62a3e1d5072a20592904e9a74a045623c56a628f","contentHash":"a26b5fab7f2a67b7dc59e1c8b69a6ee2e1a6aebba2935a3c7bbe1ab4a94b78f0"},"c:\\dev\\react-pages\\source\\redux\\client\\instantNavigation.js":{"path":"c:\\dev\\react-pages\\source\\redux\\client\\instantNavigation.js","statementMap":{"0":{"start":{"line":1,"column":29},"end":{"line":1,"column":31}},"1":{"start":{"line":2,"column":34},"end":{"line":2,"column":36}},"2":{"start":{"line":30,"column":13},"end":{"line":30,"column":35}},"3":{"start":{"line":37,"column":1},"end":{"line":61,"column":2}},"4":{"start":{"line":39,"column":32},"end":{"line":39,"column":85}},"5":{"start":{"line":41,"column":2},"end":{"line":60,"column":3}},"6":{"start":{"line":47,"column":3},"end":{"line":47,"column":52}},"7":{"start":{"line":59,"column":3},"end":{"line":59,"column":13}},"8":{"start":{"line":63,"column":1},"end":{"line":71,"column":2}},"9":{"start":{"line":66,"column":2},"end":{"line":70,"column":4}},"10":{"start":{"line":74,"column":25},"end":{"line":74,"column":88}},"11":{"start":{"line":75,"column":1},"end":{"line":77,"column":2}},"12":{"start":{"line":76,"column":2},"end":{"line":76,"column":42}},"13":{"start":{"line":80,"column":1},"end":{"line":83,"column":3}},"14":{"start":{"line":86,"column":1},"end":{"line":86,"column":31}},"15":{"start":{"line":87,"column":1},"end":{"line":87,"column":47}},"16":{"start":{"line":100,"column":1},"end":{"line":101,"column":71}},"17":{"start":{"line":108,"column":1},"end":{"line":108,"column":28}},"18":{"start":{"line":109,"column":1},"end":{"line":109,"column":33}},"19":{"start":{"line":116,"column":9},"end":{"line":116,"column":10}},"20":{"start":{"line":117,"column":1},"end":{"line":123,"column":2}},"21":{"start":{"line":118,"column":2},"end":{"line":121,"column":3}},"22":{"start":{"line":119,"column":3},"end":{"line":119,"column":34}},"23":{"start":{"line":120,"column":3},"end":{"line":120,"column":9}},"24":{"start":{"line":122,"column":2},"end":{"line":122,"column":5}},"25":{"start":{"line":125,"column":1},"end":{"line":125,"column":88}},"26":{"start":{"line":126,"column":1},"end":{"line":126,"column":33}},"27":{"start":{"line":132,"column":23},"end":{"line":132,"column":47}},"28":{"start":{"line":132,"column":35},"end":{"line":132,"column":47}},"29":{"start":{"line":135,"column":9},"end":{"line":135,"column":10}},"30":{"start":{"line":136,"column":1},"end":{"line":141,"column":2}},"31":{"start":{"line":137,"column":2},"end":{"line":139,"column":3}},"32":{"start":{"line":138,"column":3},"end":{"line":138,"column":11}},"33":{"start":{"line":140,"column":2},"end":{"line":140,"column":5}},"34":{"start":{"line":142,"column":1},"end":{"line":142,"column":10}},"35":{"start":{"line":146,"column":9},"end":{"line":146,"column":10}},"36":{"start":{"line":147,"column":1},"end":{"line":161,"column":2}},"37":{"start":{"line":148,"column":2},"end":{"line":159,"column":3}},"38":{"start":{"line":149,"column":11},"end":{"line":149,"column":12}},"39":{"start":{"line":150,"column":3},"end":{"line":155,"column":4}},"40":{"start":{"line":151,"column":4},"end":{"line":153,"column":5}},"41":{"start":{"line":152,"column":5},"end":{"line":152,"column":10}},"42":{"start":{"line":154,"column":4},"end":{"line":154,"column":7}},"43":{"start":{"line":156,"column":3},"end":{"line":158,"column":4}},"44":{"start":{"line":157,"column":4},"end":{"line":157,"column":12}},"45":{"start":{"line":160,"column":2},"end":{"line":160,"column":5}},"46":{"start":{"line":162,"column":1},"end":{"line":162,"column":10}},"47":{"start":{"line":171,"column":1},"end":{"line":171,"column":92}},"48":{"start":{"line":175,"column":1},"end":{"line":175,"column":92}},"49":{"start":{"line":179,"column":1},"end":{"line":181,"column":2}},"50":{"start":{"line":180,"column":2},"end":{"line":180,"column":52}},"51":{"start":{"line":195,"column":1},"end":{"line":195,"column":58}},"52":{"start":{"line":196,"column":1},"end":{"line":202,"column":2}},"53":{"start":{"line":201,"column":2},"end":{"line":201,"column":74}},"54":{"start":{"line":201,"column":19},"end":{"line":201,"column":70}},"55":{"start":{"line":206,"column":1},"end":{"line":206,"column":39}},"56":{"start":{"line":210,"column":1},"end":{"line":210,"column":71}}},"fnMap":{"0":{"name":"addInstantBack","decl":{"start":{"line":23,"column":16},"end":{"line":23,"column":30}},"loc":{"start":{"line":29,"column":0},"end":{"line":88,"column":1}},"line":29},"1":{"name":"isInstantTransition","decl":{"start":{"line":98,"column":16},"end":{"line":98,"column":35}},"loc":{"start":{"line":99,"column":0},"end":{"line":102,"column":1}},"line":99},"2":{"name":"resetInstantNavigationChain","decl":{"start":{"line":107,"column":16},"end":{"line":107,"column":43}},"loc":{"start":{"line":107,"column":46},"end":{"line":110,"column":1}},"line":107},"3":{"name":"updateInstantNavigationChainIndex","decl":{"start":{"line":115,"column":16},"end":{"line":115,"column":49}},"loc":{"start":{"line":115,"column":60},"end":{"line":127,"column":1}},"line":115},"4":{"name":"(anonymous_4)","decl":{"start":{"line":132,"column":23},"end":{"line":132,"column":24}},"loc":{"start":{"line":132,"column":35},"end":{"line":132,"column":47}},"line":132},"5":{"name":"indexOfByKey","decl":{"start":{"line":134,"column":9},"end":{"line":134,"column":21}},"loc":{"start":{"line":134,"column":34},"end":{"line":143,"column":1}},"line":134},"6":{"name":"findSameRoutesLocationIndex","decl":{"start":{"line":145,"column":9},"end":{"line":145,"column":36}},"loc":{"start":{"line":145,"column":52},"end":{"line":163,"column":1}},"line":145},"7":{"name":"wasInstantNavigation","decl":{"start":{"line":170,"column":16},"end":{"line":170,"column":36}},"loc":{"start":{"line":170,"column":39},"end":{"line":172,"column":1}},"line":170},"8":{"name":"isInstantBackAbleNavigation","decl":{"start":{"line":174,"column":16},"end":{"line":174,"column":43}},"loc":{"start":{"line":174,"column":46},"end":{"line":176,"column":1}},"line":174},"9":{"name":"setInstantNavigationFlag","decl":{"start":{"line":178,"column":16},"end":{"line":178,"column":40}},"loc":{"start":{"line":178,"column":48},"end":{"line":182,"column":1}},"line":178},"10":{"name":"markImmediateNavigationAsInstantBack","decl":{"start":{"line":193,"column":16},"end":{"line":193,"column":52}},"loc":{"start":{"line":193,"column":66},"end":{"line":203,"column":1}},"line":193},"11":{"name":"(anonymous_11)","decl":{"start":{"line":201,"column":13},"end":{"line":201,"column":14}},"loc":{"start":{"line":201,"column":19},"end":{"line":201,"column":70}},"line":201},"12":{"name":"canGoBackInstantly","decl":{"start":{"line":205,"column":16},"end":{"line":205,"column":34}},"loc":{"start":{"line":205,"column":37},"end":{"line":207,"column":1}},"line":205},"13":{"name":"canGoForwardInstantly","decl":{"start":{"line":209,"column":16},"end":{"line":209,"column":37}},"loc":{"start":{"line":209,"column":40},"end":{"line":211,"column":1}},"line":209}},"branchMap":{"0":{"loc":{"start":{"line":37,"column":1},"end":{"line":61,"column":2}},"type":"if","locations":[{"start":{"line":37,"column":1},"end":{"line":61,"column":2}},{"start":{},"end":{}}],"line":37},"1":{"loc":{"start":{"line":41,"column":2},"end":{"line":60,"column":3}},"type":"if","locations":[{"start":{"line":41,"column":2},"end":{"line":60,"column":3}},{"start":{"line":50,"column":2},"end":{"line":60,"column":3}}],"line":41},"2":{"loc":{"start":{"line":63,"column":1},"end":{"line":71,"column":2}},"type":"if","locations":[{"start":{"line":63,"column":1},"end":{"line":71,"column":2}},{"start":{},"end":{}}],"line":63},"3":{"loc":{"start":{"line":75,"column":1},"end":{"line":77,"column":2}},"type":"if","locations":[{"start":{"line":75,"column":1},"end":{"line":77,"column":2}},{"start":{},"end":{}}],"line":75},"4":{"loc":{"start":{"line":100,"column":8},"end":{"line":101,"column":71}},"type":"binary-expr","locations":[{"start":{"line":100,"column":8},"end":{"line":100,"column":79}},{"start":{"line":101,"column":2},"end":{"line":101,"column":71}}],"line":100},"5":{"loc":{"start":{"line":118,"column":2},"end":{"line":121,"column":3}},"type":"if","locations":[{"start":{"line":118,"column":2},"end":{"line":121,"column":3}},{"start":{},"end":{}}],"line":118},"6":{"loc":{"start":{"line":137,"column":2},"end":{"line":139,"column":3}},"type":"if","locations":[{"start":{"line":137,"column":2},"end":{"line":139,"column":3}},{"start":{},"end":{}}],"line":137},"7":{"loc":{"start":{"line":148,"column":2},"end":{"line":159,"column":3}},"type":"if","locations":[{"start":{"line":148,"column":2},"end":{"line":159,"column":3}},{"start":{},"end":{}}],"line":148},"8":{"loc":{"start":{"line":151,"column":4},"end":{"line":153,"column":5}},"type":"if","locations":[{"start":{"line":151,"column":4},"end":{"line":153,"column":5}},{"start":{},"end":{}}],"line":151},"9":{"loc":{"start":{"line":156,"column":3},"end":{"line":158,"column":4}},"type":"if","locations":[{"start":{"line":156,"column":3},"end":{"line":158,"column":4}},{"start":{},"end":{}}],"line":156},"10":{"loc":{"start":{"line":171,"column":8},"end":{"line":171,"column":92}},"type":"binary-expr","locations":[{"start":{"line":171,"column":8},"end":{"line":171,"column":37}},{"start":{"line":171,"column":41},"end":{"line":171,"column":92}}],"line":171},"11":{"loc":{"start":{"line":175,"column":8},"end":{"line":175,"column":92}},"type":"binary-expr","locations":[{"start":{"line":175,"column":8},"end":{"line":175,"column":37}},{"start":{"line":175,"column":41},"end":{"line":175,"column":92}}],"line":175},"12":{"loc":{"start":{"line":179,"column":1},"end":{"line":181,"column":2}},"type":"if","locations":[{"start":{"line":179,"column":1},"end":{"line":181,"column":2}},{"start":{},"end":{}}],"line":179},"13":{"loc":{"start":{"line":196,"column":1},"end":{"line":202,"column":2}},"type":"if","locations":[{"start":{"line":196,"column":1},"end":{"line":202,"column":2}},{"start":{},"end":{}}],"line":196}},"s":{"0":1,"1":1,"2":0,"3":0,"4":0,"5":0,"6":0,"7":0,"8":0,"9":0,"10":0,"11":0,"12":0,"13":0,"14":0,"15":0,"16":0,"17":0,"18":0,"19":0,"20":0,"21":0,"22":0,"23":0,"24":0,"25":0,"26":0,"27":1,"28":0,"29":0,"30":0,"31":0,"32":0,"33":0,"34":0,"35":0,"36":0,"37":0,"38":0,"39":0,"40":0,"41":0,"42":0,"43":0,"44":0,"45":0,"46":0,"47":0,"48":0,"49":0,"50":0,"51":0,"52":0,"53":0,"54":0,"55":0,"56":0},"f":{"0":0,"1":0,"2":0,"3":0,"4":0,"5":0,"6":0,"7":0,"8":0,"9":0,"10":0,"11":0,"12":0,"13":0},"b":{"0":[0,0],"1":[0,0],"2":[0,0],"3":[0,0],"4":[0,0],"5":[0,0],"6":[0,0],"7":[0,0],"8":[0,0],"9":[0,0],"10":[0,0],"11":[0,0],"12":[0,0],"13":[0,0]},"_coverageSchema":"1a1c01bbd47fc00a2c39e90264f33305004495a9","hash":"442210de9c53452f5cfc68151b0a61b7b394bb5f","contentHash":"22014329a29ac0e9010987dc922593e21d13e60d9fa8a9d7d119d88a81bc6a6c"},"c:\\dev\\react-pages\\source\\router\\index.js":{"path":"c:\\dev\\react-pages\\source\\router\\index.js","statementMap":{"0":{"start":{"line":24,"column":21},"end":{"line":26,"column":2}},"1":{"start":{"line":27,"column":1},"end":{"line":31,"column":2}},"2":{"start":{"line":28,"column":2},"end":{"line":30,"column":5}},"3":{"start":{"line":32,"column":1},"end":{"line":41,"column":2}},"4":{"start":{"line":45,"column":1},"end":{"line":58,"column":3}},"5":{"start":{"line":54,"column":2},"end":{"line":56,"column":3}},"6":{"start":{"line":55,"column":3},"end":{"line":55,"column":25}},"7":{"start":{"line":57,"column":2},"end":{"line":57,"column":19}},"8":{"start":{"line":62,"column":23},"end":{"line":62,"column":25}},"9":{"start":{"line":63,"column":1},"end":{"line":66,"column":2}},"10":{"start":{"line":64,"column":2},"end":{"line":64,"column":31}},"11":{"start":{"line":65,"column":2},"end":{"line":65,"column":29}},"12":{"start":{"line":67,"column":1},"end":{"line":67,"column":21}},"13":{"start":{"line":71,"column":1},"end":{"line":71,"column":63}},"14":{"start":{"line":75,"column":1},"end":{"line":75,"column":38}},"15":{"start":{"line":79,"column":1},"end":{"line":79,"column":37}},"16":{"start":{"line":83,"column":1},"end":{"line":83,"column":34}},"17":{"start":{"line":87,"column":1},"end":{"line":87,"column":32}},"18":{"start":{"line":91,"column":1},"end":{"line":93,"column":36}},"19":{"start":{"line":101,"column":1},"end":{"line":108,"column":19}},"20":{"start":{"line":103,"column":19},"end":{"line":103,"column":29}},"21":{"start":{"line":106,"column":16},"end":{"line":106,"column":64}},"22":{"start":{"line":112,"column":1},"end":{"line":112,"column":31}},"23":{"start":{"line":116,"column":1},"end":{"line":116,"column":31}},"24":{"start":{"line":119,"column":24},"end":{"line":119,"column":39}},"25":{"start":{"line":121,"column":20},"end":{"line":124,"column":1}},"26":{"start":{"line":122,"column":1},"end":{"line":122,"column":58}},"27":{"start":{"line":123,"column":1},"end":{"line":123,"column":30}},"28":{"start":{"line":126,"column":36},"end":{"line":126,"column":55}},"29":{"start":{"line":127,"column":32},"end":{"line":127,"column":48}},"30":{"start":{"line":130,"column":1},"end":{"line":130,"column":22}},"31":{"start":{"line":134,"column":1},"end":{"line":134,"column":21}},"32":{"start":{"line":138,"column":1},"end":{"line":138,"column":56}},"33":{"start":{"line":139,"column":1},"end":{"line":139,"column":31}},"34":{"start":{"line":143,"column":1},"end":{"line":143,"column":56}},"35":{"start":{"line":144,"column":1},"end":{"line":144,"column":26}},"36":{"start":{"line":147,"column":28},"end":{"line":147,"column":57}},"37":{"start":{"line":148,"column":29},"end":{"line":148,"column":59}},"38":{"start":{"line":150,"column":30},"end":{"line":150,"column":59}}},"fnMap":{"0":{"name":"createRouterStoreEnhancers","decl":{"start":{"line":23,"column":16},"end":{"line":23,"column":42}},"loc":{"start":{"line":23,"column":88},"end":{"line":42,"column":1}},"line":23},"1":{"name":"matchRoutes","decl":{"start":{"line":44,"column":16},"end":{"line":44,"column":27}},"loc":{"start":{"line":44,"column":35},"end":{"line":59,"column":1}},"line":44},"2":{"name":"(anonymous_2)","decl":{"start":{"line":53,"column":7},"end":{"line":53,"column":8}},"loc":{"start":{"line":53,"column":23},"end":{"line":58,"column":2}},"line":53},"3":{"name":"getRoutesByPath","decl":{"start":{"line":61,"column":16},"end":{"line":61,"column":31}},"loc":{"start":{"line":61,"column":54},"end":{"line":68,"column":1}},"line":61},"4":{"name":"getMatchedRoutes","decl":{"start":{"line":70,"column":16},"end":{"line":70,"column":32}},"loc":{"start":{"line":70,"column":48},"end":{"line":72,"column":1}},"line":70},"5":{"name":"getMatchedRoutesIndices","decl":{"start":{"line":74,"column":16},"end":{"line":74,"column":39}},"loc":{"start":{"line":74,"column":47},"end":{"line":76,"column":1}},"line":74},"6":{"name":"getMatchedRoutesParams","decl":{"start":{"line":78,"column":16},"end":{"line":78,"column":38}},"loc":{"start":{"line":78,"column":46},"end":{"line":80,"column":1}},"line":78},"7":{"name":"getCurrentlyMatchedLocation","decl":{"start":{"line":82,"column":16},"end":{"line":82,"column":43}},"loc":{"start":{"line":82,"column":51},"end":{"line":84,"column":1}},"line":82},"8":{"name":"getRouteParams","decl":{"start":{"line":86,"column":16},"end":{"line":86,"column":30}},"loc":{"start":{"line":86,"column":38},"end":{"line":88,"column":1}},"line":86},"9":{"name":"getPreviouslyMatchedLocation","decl":{"start":{"line":90,"column":16},"end":{"line":90,"column":44}},"loc":{"start":{"line":90,"column":52},"end":{"line":94,"column":1}},"line":90},"10":{"name":"getRoutePath","decl":{"start":{"line":99,"column":16},"end":{"line":99,"column":28}},"loc":{"start":{"line":100,"column":0},"end":{"line":109,"column":1}},"line":100},"11":{"name":"(anonymous_11)","decl":{"start":{"line":103,"column":10},"end":{"line":103,"column":11}},"loc":{"start":{"line":103,"column":19},"end":{"line":103,"column":29}},"line":103},"12":{"name":"(anonymous_12)","decl":{"start":{"line":106,"column":7},"end":{"line":106,"column":8}},"loc":{"start":{"line":106,"column":16},"end":{"line":106,"column":64}},"line":106},"13":{"name":"convertRoutes","decl":{"start":{"line":111,"column":16},"end":{"line":111,"column":29}},"loc":{"start":{"line":111,"column":38},"end":{"line":113,"column":1}},"line":111},"14":{"name":"initializeRouter","decl":{"start":{"line":115,"column":16},"end":{"line":115,"column":32}},"loc":{"start":{"line":115,"column":40},"end":{"line":117,"column":1}},"line":115},"15":{"name":"(anonymous_15)","decl":{"start":{"line":121,"column":20},"end":{"line":121,"column":21}},"loc":{"start":{"line":121,"column":48},"end":{"line":124,"column":1}},"line":121},"16":{"name":"goBack","decl":{"start":{"line":129,"column":16},"end":{"line":129,"column":22}},"loc":{"start":{"line":129,"column":25},"end":{"line":131,"column":1}},"line":129},"17":{"name":"goForward","decl":{"start":{"line":133,"column":16},"end":{"line":133,"column":25}},"loc":{"start":{"line":133,"column":28},"end":{"line":135,"column":1}},"line":133},"18":{"name":"pushLocation","decl":{"start":{"line":137,"column":16},"end":{"line":137,"column":28}},"loc":{"start":{"line":137,"column":48},"end":{"line":140,"column":1}},"line":137},"19":{"name":"replaceLocation","decl":{"start":{"line":142,"column":16},"end":{"line":142,"column":31}},"loc":{"start":{"line":142,"column":42},"end":{"line":145,"column":1}},"line":142}},"branchMap":{"0":{"loc":{"start":{"line":23,"column":74},"end":{"line":23,"column":86}},"type":"default-arg","locations":[{"start":{"line":23,"column":84},"end":{"line":23,"column":86}}],"line":23},"1":{"loc":{"start":{"line":27,"column":1},"end":{"line":31,"column":2}},"type":"if","locations":[{"start":{"line":27,"column":1},"end":{"line":31,"column":2}},{"start":{},"end":{}}],"line":27},"2":{"loc":{"start":{"line":54,"column":2},"end":{"line":56,"column":3}},"type":"if","locations":[{"start":{"line":54,"column":2},"end":{"line":56,"column":3}},{"start":{},"end":{}}],"line":54},"3":{"loc":{"start":{"line":91,"column":8},"end":{"line":93,"column":36}},"type":"binary-expr","locations":[{"start":{"line":91,"column":8},"end":{"line":91,"column":33}},{"start":{"line":93,"column":2},"end":{"line":93,"column":36}}],"line":91},"4":{"loc":{"start":{"line":101,"column":8},"end":{"line":108,"column":19}},"type":"binary-expr","locations":[{"start":{"line":101,"column":8},"end":{"line":108,"column":12}},{"start":{"line":108,"column":16},"end":{"line":108,"column":19}}],"line":101},"5":{"loc":{"start":{"line":121,"column":31},"end":{"line":121,"column":43}},"type":"default-arg","locations":[{"start":{"line":121,"column":41},"end":{"line":121,"column":43}}],"line":121}},"s":{"0":0,"1":0,"2":0,"3":0,"4":0,"5":0,"6":0,"7":0,"8":0,"9":0,"10":0,"11":0,"12":0,"13":0,"14":0,"15":0,"16":0,"17":0,"18":0,"19":0,"20":0,"21":0,"22":0,"23":0,"24":1,"25":1,"26":0,"27":0,"28":1,"29":1,"30":0,"31":0,"32":0,"33":0,"34":0,"35":0,"36":1,"37":1,"38":1},"f":{"0":0,"1":0,"2":0,"3":0,"4":0,"5":0,"6":0,"7":0,"8":0,"9":0,"10":0,"11":0,"12":0,"13":0,"14":0,"15":0,"16":0,"17":0,"18":0,"19":0},"b":{"0":[0],"1":[0,0],"2":[0,0],"3":[0,0],"4":[0,0],"5":[0]},"_coverageSchema":"1a1c01bbd47fc00a2c39e90264f33305004495a9","hash":"bb22086c81689df3ae73b5d4d837bd098bd6379d","contentHash":"f81b4ef7ec41ef1afecb7c86f9de40aa6fe7a2e92654246cf898a13c5c1edad7"},"c:\\dev\\react-pages\\source\\location.js":{"path":"c:\\dev\\react-pages\\source\\location.js","statementMap":{"0":{"start":{"line":3,"column":1},"end":{"line":9,"column":2}},"1":{"start":{"line":4,"column":2},"end":{"line":8,"column":3}},"2":{"start":{"line":5,"column":3},"end":{"line":5,"column":37}},"3":{"start":{"line":7,"column":3},"end":{"line":7,"column":18}},"4":{"start":{"line":11,"column":18},"end":{"line":11,"column":39}},"5":{"start":{"line":12,"column":18},"end":{"line":12,"column":35}},"6":{"start":{"line":13,"column":18},"end":{"line":13,"column":39}},"7":{"start":{"line":14,"column":18},"end":{"line":14,"column":37}},"8":{"start":{"line":17,"column":18},"end":{"line":17,"column":71}},"9":{"start":{"line":19,"column":1},"end":{"line":19,"column":57}},"10":{"start":{"line":25,"column":1},"end":{"line":27,"column":2}},"11":{"start":{"line":26,"column":2},"end":{"line":26,"column":17}},"12":{"start":{"line":32,"column":1},"end":{"line":46,"column":2}},"13":{"start":{"line":33,"column":2},"end":{"line":33,"column":16}},"14":{"start":{"line":34,"column":8},"end":{"line":46,"column":2}},"15":{"start":{"line":35,"column":2},"end":{"line":35,"column":21}},"16":{"start":{"line":37,"column":29},"end":{"line":37,"column":88}},"17":{"start":{"line":39,"column":2},"end":{"line":45,"column":3}},"18":{"start":{"line":40,"column":3},"end":{"line":40,"column":51}},"19":{"start":{"line":41,"column":3},"end":{"line":41,"column":48}},"20":{"start":{"line":43,"column":3},"end":{"line":43,"column":22}},"21":{"start":{"line":44,"column":3},"end":{"line":44,"column":17}},"22":{"start":{"line":48,"column":14},"end":{"line":48,"column":16}},"23":{"start":{"line":49,"column":12},"end":{"line":49,"column":14}},"24":{"start":{"line":51,"column":22},"end":{"line":51,"column":43}},"25":{"start":{"line":52,"column":1},"end":{"line":55,"column":2}},"26":{"start":{"line":53,"column":2},"end":{"line":53,"column":41}},"27":{"start":{"line":54,"column":2},"end":{"line":54,"column":44}},"28":{"start":{"line":57,"column":20},"end":{"line":57,"column":39}},"29":{"start":{"line":58,"column":1},"end":{"line":61,"column":2}},"30":{"start":{"line":59,"column":2},"end":{"line":59,"column":35}},"31":{"start":{"line":60,"column":2},"end":{"line":60,"column":38}},"32":{"start":{"line":63,"column":1},"end":{"line":63,"column":42}},"33":{"start":{"line":67,"column":1},"end":{"line":69,"column":43}},"34":{"start":{"line":76,"column":1},"end":{"line":83,"column":2}},"35":{"start":{"line":80,"column":2},"end":{"line":82,"column":3}},"36":{"start":{"line":81,"column":3},"end":{"line":81,"column":14}}},"fnMap":{"0":{"name":"getLocationUrl","decl":{"start":{"line":1,"column":16},"end":{"line":1,"column":30}},"loc":{"start":{"line":2,"column":0},"end":{"line":20,"column":1}},"line":2},"1":{"name":"parseLocation","decl":{"start":{"line":23,"column":16},"end":{"line":23,"column":29}},"loc":{"start":{"line":24,"column":0},"end":{"line":64,"column":1}},"line":24},"2":{"name":"isSameLocationIgnoreHash","decl":{"start":{"line":66,"column":9},"end":{"line":66,"column":33}},"loc":{"start":{"line":66,"column":60},"end":{"line":70,"column":1}},"line":66},"3":{"name":"shouldSkipPreloadForNavigation","decl":{"start":{"line":75,"column":16},"end":{"line":75,"column":46}},"loc":{"start":{"line":75,"column":73},"end":{"line":84,"column":1}},"line":75}},"branchMap":{"0":{"loc":{"start":{"line":1,"column":41},"end":{"line":1,"column":53}},"type":"default-arg","locations":[{"start":{"line":1,"column":51},"end":{"line":1,"column":53}}],"line":1},"1":{"loc":{"start":{"line":3,"column":1},"end":{"line":9,"column":2}},"type":"if","locations":[{"start":{"line":3,"column":1},"end":{"line":9,"column":2}},{"start":{},"end":{}}],"line":3},"2":{"loc":{"start":{"line":4,"column":2},"end":{"line":8,"column":3}},"type":"if","locations":[{"start":{"line":4,"column":2},"end":{"line":8,"column":3}},{"start":{"line":6,"column":9},"end":{"line":8,"column":3}}],"line":4},"3":{"loc":{"start":{"line":11,"column":18},"end":{"line":11,"column":39}},"type":"binary-expr","locations":[{"start":{"line":11,"column":18},"end":{"line":11,"column":33}},{"start":{"line":11,"column":37},"end":{"line":11,"column":39}}],"line":11},"4":{"loc":{"start":{"line":13,"column":18},"end":{"line":13,"column":39}},"type":"binary-expr","locations":[{"start":{"line":13,"column":18},"end":{"line":13,"column":33}},{"start":{"line":13,"column":37},"end":{"line":13,"column":39}}],"line":13},"5":{"loc":{"start":{"line":14,"column":18},"end":{"line":14,"column":37}},"type":"binary-expr","locations":[{"start":{"line":14,"column":18},"end":{"line":14,"column":31}},{"start":{"line":14,"column":35},"end":{"line":14,"column":37}}],"line":14},"6":{"loc":{"start":{"line":17,"column":18},"end":{"line":17,"column":71}},"type":"cond-expr","locations":[{"start":{"line":17,"column":50},"end":{"line":17,"column":66}},{"start":{"line":17,"column":69},"end":{"line":17,"column":71}}],"line":17},"7":{"loc":{"start":{"line":17,"column":19},"end":{"line":17,"column":46}},"type":"binary-expr","locations":[{"start":{"line":17,"co
[...]
:1},"end":{"line":25,"column":2}},"6":{"start":{"line":19,"column":2},"end":{"line":24,"column":5}},"7":{"start":{"line":19,"column":15},"end":{"line":24,"column":5}},"8":{"start":{"line":20,"column":3},"end":{"line":23,"column":6}},"9":{"start":{"line":20,"column":49},"end":{"line":23,"column":5}}},"fnMap":{"0":{"name":"collectTranslations","decl":{"start":{"line":3,"column":24},"end":{"line":3,"column":43}},"loc":{"start":{"line":3,"column":107},"end":{"line":26,"column":1}},"line":3},"1":{"name":"(anonymous_1)","decl":{"start":{"line":9,"column":16},"end":{"line":9,"column":17}},"loc":{"start":{"line":9,"column":30},"end":{"line":11,"column":2}},"line":9},"2":{"name":"(anonymous_2)","decl":{"start":{"line":13,"column":7},"end":{"line":13,"column":8}},"loc":{"start":{"line":13,"column":26},"end":{"line":16,"column":3}},"line":13},"3":{"name":"(anonymous_3)","decl":{"start":{"line":17,"column":10},"end":{"line":17,"column":11}},"loc":{"start":{"line":17,"column":15},"end":{"line":17,"column":31}},"line":17},"4":{"name":"(anonymous_4)","decl":{"start":{"line":19,"column":9},"end":{"line":19,"column":10}},"loc":{"start":{"line":19,"column":15},"end":{"line":24,"column":5}},"line":19},"5":{"name":"(anonymous_5)","decl":{"start":{"line":19,"column":44},"end":{"line":19,"column":45}},"loc":{"start":{"line":19,"column":74},"end":{"line":24,"column":3}},"line":19},"6":{"name":"(anonymous_6)","decl":{"start":{"line":20,"column":32},"end":{"line":20,"column":33}},"loc":{"start":{"line":20,"column":49},"end":{"line":23,"column":5}},"line":20}},"branchMap":{"0":{"loc":{"start":{"line":15,"column":19},"end":{"line":15,"column":105}},"type":"binary-expr","locations":[{"start":{"line":15,"column":19},"end":{"line":15,"column":56}},{"start":{"line":15,"column":60},"end":{"line":15,"column":105}}],"line":15},"1":{"loc":{"start":{"line":18,"column":1},"end":{"line":25,"column":2}},"type":"if","locations":[{"start":{"line":18,"column":1},"end":{"line":25,"column":2}},{"start":{},"end":{}}],"line":18}},"s":{"0":0,"1":0,"2":0,"3":0,"4":0,"5":0,"6":0,"7":0,"8":0,"9":0},"f":{"0":0,"1":0,"2":0,"3":0,"4":0,"5":0,"6":0},"b":{"0":[0,0],"1":[0,0]},"_coverageSchema":"1a1c01bbd47fc00a2c39e90264f33305004495a9","hash":"a8d051ad3dbc4d936e15ddc126e4302ff9323532","contentHash":"211692aed35db0fb49dceeb4a5001b306d1bb362aa84da40d395f8837f624db2"},"c:\\dev\\react-pages\\source\\redux\\preload\\decorator.js":{"path":"c:\\dev\\react-pages\\source\\redux\\preload\\decorator.js","statementMap":{"0":{"start":{"line":1,"column":35},"end":{"line":1,"column":41}},"1":{"start":{"line":34,"column":1},"end":{"line":43,"column":2}},"2":{"start":{"line":37,"column":2},"end":{"line":37,"column":71}},"3":{"start":{"line":38,"column":2},"end":{"line":41,"column":4}},"4":{"start":{"line":42,"column":2},"end":{"line":42,"column":18}}},"fnMap":{"0":{"name":"preload","decl":{"start":{"line":33,"column":24},"end":{"line":33,"column":31}},"loc":{"start":{"line":33,"column":47},"end":{"line":44,"column":1}},"line":33},"1":{"name":"(anonymous_1)","decl":{"start":{"line":34,"column":8},"end":{"line":34,"column":9}},"loc":{"start":{"line":34,"column":28},"end":{"line":43,"column":2}},"line":34}},"branchMap":{"0":{"loc":{"start":{"line":37,"column":35},"end":{"line":37,"column":71}},"type":"binary-expr","locations":[{"start":{"line":37,"column":35},"end":{"line":37,"column":65}},{"start":{"line":37,"column":69},"end":{"line":37,"column":71}}],"line":37}},"s":{"0":1,"1":0,"2":0,"3":0,"4":0},"f":{"0":0,"1":0},"b":{"0":[0,0]},"_coverageSchema":"1a1c01bbd47fc00a2c39e90264f33305004495a9","hash":"bc9e3d71d6ddc3ada6b16fc6d48c0c5d9b88c700","contentHash":"bf86b23f915be4015c3400ced8c3e4caf2893d9c9850bc6e345c9af3bcf537e7"},"c:\\dev\\react-pages\\source\\redux\\preload\\preload.js":{"path":"c:\\dev\\react-pages\\source\\redux\\preload\\preload.js","statementMap":{"0":{"start":{"line":35,"column":30},"end":{"line":38,"column":49}},"1":{"start":{"line":43,"column":20},"end":{"line":43,"column":22}},"2":{"start":{"line":47,"column":1},"end":{"line":50,"column":2}},"3":{"start":{"line":48,"column":2},"end":{"line":48,"column":47}},"4":{"start":{"line":49,"column":2},"end":{"line":49,"column":39}},"5":{"start":{"line":52,"column":1},"end":{"line":62,"column":2}},"6":{"start":{"line":59,"column":2},"end":{"line":61,"column":3}},"7":{"start":{"line":60,"column":3},"end":{"line":60,"column":30}},"8":{"start":{"line":64,"column":55},"end":{"line":64,"column":65}},"9":{"start":{"line":65,"column":20},"end":{"line":65,"column":48}},"10":{"start":{"line":65,"column":36},"end":{"line":65,"column":47}},"11":{"start":{"line":70,"column":1},"end":{"line":70,"column":60}},"12":{"start":{"line":74,"column":1},"end":{"line":106,"column":2}},"13":{"start":{"line":75,"column":16},"end":{"line":75,"column":22}},"14":{"start":{"line":76,"column":20},"end":{"line":76,"column":30}},"15":{"start":{"line":80,"column":2},"end":{"line":88,"column":3}},"16":{"start":{"line":81,"column":3},"end":{"line":85,"column":4}},"17":{"start":{"line":82,"column":4},"end":{"line":82,"column":71}},"18":{"start":{"line":84,"column":4},"end":{"line":84,"column":79}},"19":{"start":{"line":86,"column":3},"end":{"line":86,"column":53}},"20":{"start":{"line":87,"column":3},"end":{"line":87,"column":63}},"21":{"start":{"line":91,"column":21},"end":{"line":91,"column":116}},"22":{"start":{"line":93,"column":37},"end":{"line":93,"column":65}},"23":{"start":{"line":95,"column":2},"end":{"line":105,"column":3}},"24":{"start":{"line":110,"column":1},"end":{"line":119,"column":2}},"25":{"start":{"line":111,"column":2},"end":{"line":118,"column":3}},"26":{"start":{"line":123,"column":1},"end":{"line":131,"column":2}},"27":{"start":{"line":124,"column":2},"end":{"line":128,"column":3}},"28":{"start":{"line":125,"column":3},"end":{"line":125,"column":56}},"29":{"start":{"line":127,"column":3},"end":{"line":127,"column":22}},"30":{"start":{"line":129,"column":8},"end":{"line":131,"column":2}},"31":{"start":{"line":130,"column":2},"end":{"line":130,"column":29}},"32":{"start":{"line":134,"column":1},"end":{"line":136,"column":2}},"33":{"start":{"line":135,"column":2},"end":{"line":135,"column":26}},"34":{"start":{"line":138,"column":1},"end":{"line":138,"column":26}},"35":{"start":{"line":141,"column":1},"end":{"line":151,"column":2}},"36":{"start":{"line":142,"column":2},"end":{"line":142,"column":29}},"37":{"start":{"line":147,"column":2},"end":{"line":150,"column":3}},"38":{"start":{"line":149,"column":3},"end":{"line":149,"column":37}},"39":{"start":{"line":149,"column":24},"end":{"line":149,"column":26}},"40":{"start":{"line":153,"column":1},"end":{"line":182,"column":2}},"41":{"start":{"line":156,"column":3},"end":{"line":156,"column":29}},"42":{"start":{"line":160,"column":3},"end":{"line":164,"column":4}},"43":{"start":{"line":163,"column":4},"end":{"line":163,"column":16}},"44":{"start":{"line":170,"column":3},"end":{"line":176,"column":4}},"45":{"start":{"line":171,"column":4},"end":{"line":173,"column":5}},"46":{"start":{"line":172,"column":5},"end":{"line":172,"column":29}},"47":{"start":{"line":175,"column":4},"end":{"line":175,"column":45}},"48":{"start":{"line":178,"column":3},"end":{"line":178,"column":29}},"49":{"start":{"line":180,"column":3},"end":{"line":180,"column":14}},"50":{"start":{"line":189,"column":1},"end":{"line":207,"column":2}},"51":{"start":{"line":190,"column":2},"end":{"line":206,"column":3}},"52":{"start":{"line":196,"column":4},"end":{"line":198,"column":5}},"53":{"start":{"line":197,"column":5},"end":{"line":197,"column":24}},"54":{"start":{"line":202,"column":4},"end":{"line":202,"column":46}},"55":{"start":{"line":205,"column":4},"end":{"line":205,"column":26}},"56":{"start":{"line":224,"column":1},"end":{"line":232,"column":6}},"57":{"start":{"line":227,"column":23},"end":{"line":227,"column":66}},"58":{"start":{"line":229,"column":20},"end":{"line":232,"column":5}},"59":{"start":{"line":229,"column":94},"end":{"line":232,"column":3}},"60":{"start":{"line":239,"column":1},"end":{"line":247,"column":4}},"61":{"start":{"line":240,"column":12},"end":{"line":240,"column":18}},"62":{"start":{"line":241,"column":15},"end":{"line":241,"column":16}},"63":{"start":{"line":243,"column":3},"end":{"line":246,"column":6}},"64":{"start":{"line":243,"column":58},"end":{"line":246,"column":4}},"65":{"start":{"line":289,"column":31},"end":{"line":289,"column":39}},"66":{"start":{"line":291,"column":1},"end":{"line":305,"column":2}},"67":{"start":{"line":293,"column":26},"end":{"line":293,"column":61}},"68":{"start":{"line":294,"column":37},"end":{"line":294,"column":83}},"69":{"start":{"line":296,"column":10},"end":{"line":296,"column":11}},"70":{"start":{"line":297,"column":2},"end":{"line":302,"column":3}},"71":{"start":{"line":301,"column":3},"end":{"line":301,"column":6}},"72":{"start":{"line":304,"column":2},"end":{"line":304,"column":60}},"73":{"start":{"line":307,"column":1},"end":{"line":307,"column":31}},"74":{"start":{"line":311,"column":1},"end":{"line":313,"column":2}},"75":{"start":{"line":312,"column":2},"end":{"line":312,"column":17}},"76":{"start":{"line":314,"column":1},"end":{"line":316,"column":2}},"77":{"start":{"line":315,"column":2},"end":{"line":315,"column":15}},"78":{"start":{"line":317,"column":1},"end":{"line":317,"column":12}}},"fnMap":{"0":{"name":"_preload","decl":{"start":{"line":21,"column":24},"end":{"line":21,"column":32}},"loc":{"start":{"line":31,"column":2},"end":{"line":183,"column":1}},"line":31},"1":{"name":"(anonymous_1)","decl":{"start":{"line":65,"column":31},"end":{"line":65,"column":32}},"loc":{"start":{"line":65,"column":36},"end":{"line":65,"column":47}},"line":65},"2":{"name":"(anonymous_2)","decl":{"start":{"line":141,"column":21},"end":{"line":141,"column":22}},"loc":{"start":{"line":141,"column":27},"end":{"line":151,"column":2}},"line":141},"3":{"name":"(anonymous_3)","decl":{"start":{"line":149,"column":17},"end":{"line":149,"column":18}},"loc":{"start":{"line":149,"column":24},"end":{"line":149,"column":26}},"line":149},"4":{"name":"(anonymous_4)","decl":{"start":{"line":155,"column":2},"end":{"line":155,"column":3}},"loc":{"start":{"line":155,"column":8},"end":{"line":165,"column":3}},"line":155},"5":{"name":"(anonymous_5)","decl":{"start":{"line":166,"column":2},"end":{"line":166,"column":3}},"loc":{"start":{"line":166,"column":13},"end":{"line":181,"column":3}},"line":166},"6":{"name":"instrumentDispatch","decl":{"start":{"line":188,"column":9},"end":{"line":188,"column":27}},"loc":{"start":{"line":188,"column":58},"end":{"line":208,"column":1}},"line":188},"7":{"name":"(anonymous_7)","decl":{"start":{"line":189,"column":8},"end":{"line":189,"column":9}},"loc":{"start":{"line":189,"column":19},"end":{"line":207,"column":2}},"line":189},"8":{"name":"collectPreloadersFromComponents","decl":{"start":{"line":221,"column":16},"end":{"line":221,"column":47}},"loc":{"start":{"line":222,"column":0},"end":{"line":235,"column":1}},"line":222},"9":{"name":"(anonymous_9)","decl":{"start":{"line":227,"column":10},"end":{"line":227,"column":11}},"loc":{"start":{"line":227,"column":23},"end":{"line":227,"column":66}},"line":227},"10":{"name":"(anonymous_10)","decl":{"start":{"line":229,"column":7},"end":{"line":229,"column":8}},"loc":{"start":{"line":229,"column":20},"end":{"line":232,"column":5}},"line":229},"11":{"name":"(anonymous_11)","decl":{"start":{"line":229,"column":70},"end":{"line":229,"column":71}},"loc":{"start":{"line":229,"column":94},"end":{"line":232,"column":3}},"line":229},"12":{"name":"collectPreloadersFromRoutes","decl":{"start":{"line":237,"column":9},"end":{"line":237,"column":36}},"loc":{"start":{"line":237,"column":45},"end":{"line":250,"column":1}},"line":237},"13":{"name":"(anonymous_13)","decl":{"start":{"line":240,"column":7},"end":{"line":240,"column":8}},"loc":{"start":{"line":240,"column":12},"end":{"line":240,"column":18}},"line":240},"14":{"name":"(anonymous_14)","decl":{"start":{"line":241,"column":10},"end":{"line":241,"column":11}},"loc":{"start":{"line":241,"column":15},"end":{"line":241,"column":16}},"line":241},"15":{"name":"(anonymous_15)","decl":{"start":{"line":242,"column":7},"end":{"line":242,"column":8}},"loc":{"start":{"line":242,"column":17},"end":{"line":247,"column":3}},"line":242},"16":{"name":"(anonymous_16)","decl":{"start":{"line":243,"column":34},"end":{"line":243,"column":35}},"loc":{"start":{"line":243,"column":58},"end":{"line":246,"column":4}},"line":243},"17":{"name":"filterByChangedRoutes","decl":{"start":{"line":287,"column":9},"end":{"line":287,"column":30}},"loc":{"start":{"line":288,"column":0},"end":{"line":308,"column":1}},"line":288},"18":{"name":"normalizeLoad","decl":{"start":{"line":310,"column":9},"end":{"line":310,"column":22}},"loc":{"start":{"line":310,"column":29},"end":{"line":318,"column":1}},"line":310}},"branchMap":{"0":{"loc":{"start":{"line":35,"column":30},"end":{"line":38,"column":49}},"type":"binary-expr","locations":[{"start":{"line":35,"column":30},"end":{"line":35,"column":37}},{"start":{"line":36,"column":2},"end":{"line":36,"column":27}},{"start":{"line":37,"column":2},"end":{"line":37,"column":18}},{"start":{"line":38,"column":2},"end":{"line":38,"column":49}}],"line":35},"1":{"loc":{"start":{"line":47,"column":1},"end":{"line":50,"column":2}},"type":"if","locations":[{"start":{"line":47,"column":1},"end":{"line":50,"column":2}},{"start":{},"end":{}}],"line":47},"2":{"loc":{"start":{"line":52,"column":1},"end":{"line":62,"column":2}},"type":"if","locations":[{"start":{"line":52,"column":1},"end":{"line":62,"column":2}},{"start":{},"end":{}}],"line":52},"3":{"loc":{"start":{"line":59,"column":2},"end":{"line":61,"column":3}},"type":"if","locations":[{"start":{"line":59,"column":2},"end":{"line":61,"column":3}},{"start":{},"end":{}}],"line":59},"4":{"loc":{"start":{"line":59,"column":6},"end":{"line":59,"column":87}},"type":"binary-expr","locations":[{"start":{"line":59,"column":6},"end":{"line":59,"column":24}},{"start":{"line":59,"column":28},"end":{"line":59,"column":54}},{"start":{"line":59,"column":58},"end":{"line":59,"column":87}}],"line":59},"5":{"loc":{"start":{"line":74,"column":1},"end":{"line":106,"column":2}},"type":"if","locations":[{"start":{"line":74,"column":1},"end":{"line":106,"column":2}},{"start":{},"end":{}}],"line":74},"6":{"loc":{"start":{"line":80,"column":2},"end":{"line":88,"column":3}},"type":"if","locations":[{"start":{"line":80,"column":2},"end":{"line":88,"column":3}},{"start":{},"end":{}}],"line":80},"7":{"loc":{"start":{"line":81,"column":3},"end":{"line":85,"column":4}},"type":"if","locations":[{"start":{"line":81,"column":3},"end":{"line":85,"column":4}},{"start":{"line":83,"column":10},"end":{"line":85,"column":4}}],"line":81},"8":{"loc":{"start":{"line":91,"column":21},"end":{"line":91,"column":116}},"type":"cond-expr","locations":[{"start":{"line":91,"column":33},"end":{"line":91,"column":69}},{"start":{"line":91,"column":72},"end":{"line":91,"column":116}}],"line":91},"9":{"loc":{"start":{"line":93,"column":37},"end":{"line":93,"column":65}},"type":"binary-expr","locations":[{"start":{"line":93,"column":37},"end":{"line":93,"column":44}},{"start":{"line":93,"column":48},"end":{"line":93,"column":65}}],"line":93},"10":{"loc":{"start":{"line":110,"column":1},"end":{"line":119,"column":2}},"type":"if","locations":[{"start":{"line":110,"column":1},"end":{"line":119,"column":2}},{"start":{},"end":{}}],"line":110},"11":{"loc":{"start":{"line":123,"column":1},"end":{"line":131,"column":2}},"type":"if","locations":[{"start":{"line":123,"column":1},"end":{"line":131,"column":2}},{"start":{"line":129,"column":8},"end":{"line":131,"column":2}}],"line":123},"12":{"loc":{"start":{"line":124,"column":2},"end":{"line":128,"column":3}},"type":"if","locations":[{"start":{"line":124,"column":2},"end":{"line":128,"column":3}},{"start":{"line":126,"column":9},"end":{"line":128,"column":3}}],"line":124},"13":{"loc":{"start":{"line":129,"column":8},"end":{"line":131,"column":2}},"type":"if","locations":[{"start":{"line":129,"column":8},"end":{"line":131,"column":2}},{"start":{},"end":{}}],"line":129},"14":{"loc":{"start":{"line":134,"column":1},"end":{"line":136,"column":2}},"type":"if","locations":[{"start":{"line":134,"column":1},"end":{"line":136,"column":2}},{"start":{},"end":{}}],"line":134},"15":{"loc":{"start":{"line":147,"column":2},"end":{"line":150,"column":3}},"type":"if","locations":[{"start":{"line":147,"column":2},"end":{"line":150,"column":3}},{"start":{},"end":{}}],"line":147},"16":{"loc":{"start":{"line":160,"column":3},"end":{"line":164,"column":4}},"type":"if","locations":[{"start":{"line":160,"column":3},"end":{"line":164,"column":4}},{"start":{},"end":{}}],"line":160},"17":{"loc":{"start":{"line":170,"column":3},"end":{"line":176,"column":4}},"type":"if","locations":[{"start":{"line":170,"column":3},"end":{"line":176,"column":4}},{"start":{},"end":{}}],"line":170},"18":{"loc":{"start":{"line":171,"column":4},"end":{"line":173,"column":5}},"type":"if","locations":[{"start":{"line":171,"column":4},"end":{"line":173,"column":5}},{"start":{},"end":{}}],"line":171},"19":{"loc":{"start":{"line":190,"column":2},"end":{"line":206,"column":3}},"type":"switch","locations":[{"start":{"line":192,"column":3},"end":{"line":192,"column":29}},{"start":{"line":193,"column":3},"end":{"line":202,"column":46}},{"start":{"line":203,"column":3},"end":{"line":205,"column":26}}],"line":190},"20":{"loc":{"start":{"line":196,"column":4},"end":{"line":198,"column":5}},"type":"if","locations":[{"start":{"line":196,"column":4},"end":{"line":198,"column":5}},{"start":{},"end":{}}],"line":196},"21":{"loc":{"start":{"line":227,"column":23},"end":{"line":227,"column":66}},"type":"binary-expr","locations":[{"start":{"line":227,"column":23},"end":{"line":227,"column":32}},{"start":{"line":227,"column":36},"end":{"line":227,"column":66}}],"line":227},"22":{"loc":{"start":{"line":291,"column":1},"end":{"line":305,"column":2}},"type":"if","locations":[{"start":{"line":291,"column":1},"end":{"line":305,"column":2}},{"start":{},"end":{}}],"line":291},"23":{"loc":{"start":{"line":297,"column":9},"end":{"line":299,"column":57}},"type":"binary-expr","locations":[{"start":{"line":297,"column":9},"end":{"line":297,"column":30}},{"start":{"line":298,"column":3},"end":{"line":298,"column":35}},{"start":{"line":299,"column":3},"end":{"line":299,"column":57}}],"line":297},"24":{"loc":{"start":{"line":311,"column":1},"end":{"line":313,"column":2}},"type":"if","locations":[{"start":{"line":311,"column":1},"end":{"line":313,"column":2}},{"start":{},"end":{}}],"line":311},"25":{"loc":{"start":{"line":314,"column":1},"end":{"line":316,"column":2}},"type":"if","locations":[{"start":{"line":314,"column":1},"end":{"line":316,"column":2}},{"start":{},"end":{}}],"line":314}},"s":{"0":0,"1":0,"2":0,"3":0,"4":0,"5":0,"6":0,"7":0,"8":0,"9":0,"10":0,"11":0,"12":0,"13":0,"14":0,"15":0,"16":0,"17":0,"18":0,"19":0,"20":0,"21":0,"22":0,"23":0,"24":0,"25":0,"26":0,"27":0,"28":0,"29":0,"30":0,"31":0,"32":0,"33":0,"34":0,"35":0,"36":0,"37":0,"38":0,"39":0,"40":0,"41":0,"42":0,"43":0,"44":0,"45":0,"46":0,"47":0,"48":0,"49":0,"50":0,"51":0,"52":0,"53":0,"54":0,"55":0,"56":1,"57":5,"58":2,"59":3,"60":0,"61":0,"62":0,"63":0,"64":0,"65":0,"66":0,"67":0,"68":0,"69":0,"70":0,"71":0,"72":0,"73":0,"74":2,"75":0,"76":2,"77":0,"78":2},"f":{"0":0,"1":0,"2":0,"3":0,"4":0,"5":0,"6":0,"7":0,"8":1,"9":5,"10":2,"11":3,"12":0,"13":0,"14":0,"15":0,"16":0,"17":0,"18":2},"b":{"0":[0,0,0,0],"1":[0,0],"2":[0,0],"3":[0,0],"4":[0,0,0],"5":[0,0],"6":[0,0],"7":[0,0],"8":[0,0],"9":[0,0],"10":[0,0],"11":[0,0],"12":[0,0],"13":[0,0],"14":[0,0],"15":[0,0],"16":[0,0],"17":[0,0],"18":[0,0],"19":[0,0,0],"20":[0,0],"21":[5,3],"22":[0,0],"23":[0,0,0],"24":[0,2],"25":[0,2]},"_coverageSchema":"1a1c01bbd47fc00a2c39e90264f33305004495a9","hash":"53146f0d63819ce434e008c49093c1064bc904f9","contentHash":"bf0ec28352f2cbd694285a62d0382e04e5dea0ba520cb70a9bdcacc3e6bc6106"}}